{
  "/home/mamali/repos/github.com/api-deriv-com-solidjs/src/Components/Footer/Footer.tsx": {
    "path": "/home/mamali/repos/github.com/api-deriv-com-solidjs/src/Components/Footer/Footer.tsx",
    "statementMap": {
      "0": {
        "start": {
          "line": 3,
          "column": 15
        },
        "end": {
          "line": 3,
          "column": 239
        }
      },
      "1": {
        "start": {
          "line": 5,
          "column": 22
        },
        "end": {
          "line": 5,
          "column": 50
        }
      },
      "2": {
        "start": {
          "line": 5,
          "column": 28
        },
        "end": {
          "line": 5,
          "column": 50
        }
      }
    },
    "fnMap": {
      "0": {
        "name": "(anonymous_0)",
        "decl": {
          "start": {
            "line": 5,
            "column": 22
          },
          "end": {
            "line": 5,
            "column": 23
          }
        },
        "loc": {
          "start": {
            "line": 5,
            "column": 28
          },
          "end": {
            "line": 5,
            "column": 50
          }
        },
        "line": 5
      }
    },
    "branchMap": {},
    "s": {
      "0": 80,
      "1": 80,
      "2": 80
    },
    "f": {
      "0": 80
    },
    "b": {},
    "inputSourceMap": {
      "version": 3,
      "file": null,
      "sources": [
        "/home/mamali/repos/github.com/api-deriv-com-solidjs/src/Components/Footer/Footer.tsx"
      ],
      "sourcesContent": [
        "import type { Component } from \"solid-js\";\n\nexport const Footer: Component = () => (\n  <footer class=\"flex  flex-nowrap fixed items-center h-14 z-50 bottom-0 w-full bg-[#F0F1F3] text-gray-700\">\n    <div class=\"w-4/5 justify-start flex text-sm ml-28\">\n      © 2021 Deriv | All rights reserved\n    </div>\n  </footer>\n);\n"
      ],
      "names": [],
      "mappings": "AAAA,CAAC,CAAC,CAAC,CAAC,CAAC,CAAC,CAAC,CAAC,CAAC,CAAC,CAAC,CAAC,CAAC,CAAC,CAAC,CAAC,CAAC,CAAC,CAAC,CAAC,CAAC,CAAC,CAAC,CAAC,CAAC,CAAC,CAAC,CAAC,CAAC,CAAC,CAAC,CAAC,CAAC,CAAC,CAAC,CAAC,CAAC,CAAC,CAAC,CAAC,CAAC,CAAC;AAC1C;AACA,CAAC,CAAC,CAAC,CAAC,CAAC,CAAC,CAAC,CAAC,CAAC,CAAC,CAAC,CAAC,CAAC,CAAC,CAAC,CAAC,CAAC,CAAC,CAAC,CAAC,CAAC,CAAC,CAAC,CAAC,CAAC,CAAC,CAAC,CAAC,CAAC,CAAC,CAAC,CAAC,CAAC,CAAC,CAAC,CAAC,CAAC,CAAC,CAAC,CAAC;AACxC,CAAC,CAAC,CAAC,CAAC,CAAC,CAAC,CAAC,CAAC,CAAC,CAAC,CAAC,CAAC,CAAC,CAAC,CAAC,CAAC,CAAC,CAAC,CAAC,CAAC,CAAC,CAAC,CAAC,CAAC,CAAC,CAAC,CAAC,CAAC,CAAC,CAAC,CAAC,CAAC,CAAC,CAAC,CAAC,CAAC,CAAC,CAAC,CAAC,CAAC,CAAC,CAAC,CAAC,CAAC,CAAC,CAAC,CAAC,CAAC,CAAC,CAAC,CAAC,CAAC,CAAC,CAAC,CAAC,CAAC,CAAC,CAAC,CAAC,CAAC,CAAC,CAAC,CAAC,CAAC,CAAC,CAAC,CAAC,CAAC,CAAC,CAAC,CAAC,CAAC,CAAC,CAAC,CAAC,CAAC,CAAC,CAAC,CAAC,CAAC,CAAC,CAAC,CAAC,CAAC,CAAC,CAAC,CAAC,CAAC,CAAC,CAAC,CAAC,CAAC,CAAC,CAAC,CAAC,CAAC,CAAC,CAAC,CAAC,CAAC,CAAC,CAAC,CAAC,CAAC,CAAC,CAAC,CAAC,CAAC;AAC5G,CAAC,CAAC,CAAC,CAAC,CAAC,CAAC,CAAC,CAAC,CAAC,CAAC,CAAC,CAAC,CAAC,CAAC,CAAC,CAAC,CAAC,CAAC,CAAC,CAAC,CAAC,CAAC,CAAC,CAAC,CAAC,CAAC,CAAC,CAAC,CAAC,CAAC,CAAC,CAAC,CAAC,CAAC,CAAC,CAAC,CAAC,CAAC,CAAC,CAAC,CAAC,CAAC,CAAC,CAAC,CAAC,CAAC,CAAC,CAAC,CAAC,CAAC,CAAC,CAAC,CAAC,CAAC,CAAC,CAAC;AACxD,CAAC,CAAC,CAAC,CAAC,CAAC,CAAC,CAAC,CAAC,CAAC,CAAC,CAAC,CAAC,CAAC,CAAC,CAAC,CAAC,CAAC,CAAC,CAAC,CAAC,CAAC,CAAC,CAAC,CAAC,CAAC,CAAC,CAAC,CAAC,CAAC,CAAC,CAAC,CAAC,CAAC,CAAC,CAAC,CAAC,CAAC,CAAC,CAAC,CAAC;AACxC,CAAC,CAAC,CAAC,CAAC,CAAC,CAAC,CAAC,CAAC,CAAC,CAAC;AACV,CAAC,CAAC,CAAC,CAAC,CAAC,CAAC,CAAC,CAAC,CAAC,CAAC,CAAC;AACX,CAAC,CAAC;"
    },
    "_coverageSchema": "1a1c01bbd47fc00a2c39e90264f33305004495a9",
    "hash": "05522cf6f2dddc4a6032df4a5a3c28e0f8181a0b"
  },
  "/home/mamali/repos/github.com/api-deriv-com-solidjs/src/Components/Footer/index.ts": {
    "path": "/home/mamali/repos/github.com/api-deriv-com-solidjs/src/Components/Footer/index.ts",
    "statementMap": {},
    "fnMap": {},
    "branchMap": {},
    "s": {},
    "f": {},
    "b": {},
    "inputSourceMap": {
      "version": 3,
      "sources": [
        "/home/mamali/repos/github.com/api-deriv-com-solidjs/src/Components/Footer/index.ts"
      ],
      "sourcesContent": [
        "import { Footer } from \"./Footer\";\n\nexport default Footer;\n"
      ],
      "mappings": "AAAA;AAEA,eAAe;",
      "names": []
    },
    "_coverageSchema": "1a1c01bbd47fc00a2c39e90264f33305004495a9",
    "hash": "f5a86e0c5f488ac1bd1678e597ea9b28c2f179e6"
  },
  "/home/mamali/repos/github.com/api-deriv-com-solidjs/src/Store/routes.ts": {
    "path": "/home/mamali/repos/github.com/api-deriv-com-solidjs/src/Store/routes.ts",
    "statementMap": {
      "0": {
        "start": {
          "line": 2,
          "column": 17
        },
        "end": {
          "line": 2,
          "column": 56
        }
      },
      "1": {
        "start": {
          "line": 2,
          "column": 28
        },
        "end": {
          "line": 2,
          "column": 55
        }
      },
      "2": {
        "start": {
          "line": 3,
          "column": 22
        },
        "end": {
          "line": 54,
          "column": 1
        }
      },
      "3": {
        "start": {
          "line": 8,
          "column": 26
        },
        "end": {
          "line": 8,
          "column": 49
        }
      },
      "4": {
        "start": {
          "line": 14,
          "column": 26
        },
        "end": {
          "line": 14,
          "column": 49
        }
      },
      "5": {
        "start": {
          "line": 19,
          "column": 30
        },
        "end": {
          "line": 19,
          "column": 64
        }
      },
      "6": {
        "start": {
          "line": 24,
          "column": 30
        },
        "end": {
          "line": 24,
          "column": 69
        }
      },
      "7": {
        "start": {
          "line": 29,
          "column": 30
        },
        "end": {
          "line": 29,
          "column": 62
        }
      },
      "8": {
        "start": {
          "line": 39,
          "column": 30
        },
        "end": {
          "line": 39,
          "column": 65
        }
      },
      "9": {
        "start": {
          "line": 44,
          "column": 30
        },
        "end": {
          "line": 44,
          "column": 63
        }
      },
      "10": {
        "start": {
          "line": 52,
          "column": 26
        },
        "end": {
          "line": 52,
          "column": 55
        }
      }
    },
    "fnMap": {
      "0": {
        "name": "(anonymous_0)",
        "decl": {
          "start": {
            "line": 2,
            "column": 22
          },
          "end": {
            "line": 2,
            "column": 23
          }
        },
        "loc": {
          "start": {
            "line": 2,
            "column": 28
          },
          "end": {
            "line": 2,
            "column": 55
          }
        },
        "line": 2
      },
      "1": {
        "name": "(anonymous_1)",
        "decl": {
          "start": {
            "line": 8,
            "column": 20
          },
          "end": {
            "line": 8,
            "column": 21
          }
        },
        "loc": {
          "start": {
            "line": 8,
            "column": 26
          },
          "end": {
            "line": 8,
            "column": 49
          }
        },
        "line": 8
      },
      "2": {
        "name": "(anonymous_2)",
        "decl": {
          "start": {
            "line": 14,
            "column": 20
          },
          "end": {
            "line": 14,
            "column": 21
          }
        },
        "loc": {
          "start": {
            "line": 14,
            "column": 26
          },
          "end": {
            "line": 14,
            "column": 49
          }
        },
        "line": 14
      },
      "3": {
        "name": "(anonymous_3)",
        "decl": {
          "start": {
            "line": 19,
            "column": 24
          },
          "end": {
            "line": 19,
            "column": 25
          }
        },
        "loc": {
          "start": {
            "line": 19,
            "column": 30
          },
          "end": {
            "line": 19,
            "column": 64
          }
        },
        "line": 19
      },
      "4": {
        "name": "(anonymous_4)",
        "decl": {
          "start": {
            "line": 24,
            "column": 24
          },
          "end": {
            "line": 24,
            "column": 25
          }
        },
        "loc": {
          "start": {
            "line": 24,
            "column": 30
          },
          "end": {
            "line": 24,
            "column": 69
          }
        },
        "line": 24
      },
      "5": {
        "name": "(anonymous_5)",
        "decl": {
          "start": {
            "line": 29,
            "column": 24
          },
          "end": {
            "line": 29,
            "column": 25
          }
        },
        "loc": {
          "start": {
            "line": 29,
            "column": 30
          },
          "end": {
            "line": 29,
            "column": 62
          }
        },
        "line": 29
      },
      "6": {
        "name": "(anonymous_6)",
        "decl": {
          "start": {
            "line": 39,
            "column": 24
          },
          "end": {
            "line": 39,
            "column": 25
          }
        },
        "loc": {
          "start": {
            "line": 39,
            "column": 30
          },
          "end": {
            "line": 39,
            "column": 65
          }
        },
        "line": 39
      },
      "7": {
        "name": "(anonymous_7)",
        "decl": {
          "start": {
            "line": 44,
            "column": 24
          },
          "end": {
            "line": 44,
            "column": 25
          }
        },
        "loc": {
          "start": {
            "line": 44,
            "column": 30
          },
          "end": {
            "line": 44,
            "column": 63
          }
        },
        "line": 44
      },
      "8": {
        "name": "(anonymous_8)",
        "decl": {
          "start": {
            "line": 52,
            "column": 20
          },
          "end": {
            "line": 52,
            "column": 21
          }
        },
        "loc": {
          "start": {
            "line": 52,
            "column": 26
          },
          "end": {
            "line": 52,
            "column": 55
          }
        },
        "line": 52
      }
    },
    "branchMap": {},
    "s": {
      "0": 80,
      "1": 0,
      "2": 80,
      "3": 160,
      "4": 46,
      "5": 23,
      "6": 0,
      "7": 0,
      "8": 0,
      "9": 0,
      "10": 4
    },
    "f": {
      "0": 0,
      "1": 160,
      "2": 46,
      "3": 23,
      "4": 0,
      "5": 0,
      "6": 0,
      "7": 0,
      "8": 4
    },
    "b": {},
    "inputSourceMap": {
      "version": 3,
      "sources": [
        "/home/mamali/repos/github.com/api-deriv-com-solidjs/src/Store/routes.ts"
      ],
      "sourcesContent": [
        "import { lazy } from \"solid-js\";\nimport { TNavigation } from \"./side-bar-store\";\n\nconst NotFound = lazy(() => import(\"../Pages/NotFound\"));\n\n\nexport const routes: any[] = [\n  {\n    label: 'Home',\n    path: '/',\n    is_root_path: true,\n    component: lazy(() => import('../Pages/Home')),\n  },\n  {\n    label: 'Documentation',\n    path: '/docs/',\n    is_root_path: true,\n    component: lazy(() => import('../Pages/Docs')),\n    children: [\n      {\n        label: 'Quickstart',\n        path: '/',\n        component: lazy(() => import('../Pages/Docs/QuickStart')),\n      },\n      {\n        label: 'App registration',\n        path: '/app-registration',\n        component: lazy(() => import('../Pages/Docs/AppRegistration')),\n      },\n      {\n        label: 'API guide',\n        path: '/api-guide',\n        component: lazy(() => import(\"../Pages/Docs/ApiGuide\")),\n      },\n      {\n        label: 'FAQ',\n        path: '/faq',\n        component: NotFound,\n      },\n      {\n        label: 'JSON schemas',\n        path: '/json-schemas',\n        component: lazy(() => import('../Pages/Docs/JSONSchemas')),\n      },\n      {\n        label: 'Bug Bounty',\n        path: '/bug-bounty',\n        component: lazy(() => import('../Pages/Docs/BugBounty')),\n      },\n    ],\n  },\n  {\n    label: 'API Playground',\n    path: '/playground',\n    is_root_path: true,\n    component: lazy(() => import('../Pages/Playground')),\n  },\n];\n"
      ],
      "mappings": "AAAA;AAGA,MAAM,WAAW,KAAK,MAAM,OAAO;AAG5B,aAAM,SAAgB;AAAA,EAC3B;AAAA,IACE,OAAO;AAAA,IACP,MAAM;AAAA,IACN,cAAc;AAAA,IACd,WAAW,KAAK,MAAM,OAAO;AAAA;AAAA,EAE/B;AAAA,IACE,OAAO;AAAA,IACP,MAAM;AAAA,IACN,cAAc;AAAA,IACd,WAAW,KAAK,MAAM,OAAO;AAAA,IAC7B,UAAU;AAAA,MACR;AAAA,QACE,OAAO;AAAA,QACP,MAAM;AAAA,QACN,WAAW,KAAK,MAAM,OAAO;AAAA;AAAA,MAE/B;AAAA,QACE,OAAO;AAAA,QACP,MAAM;AAAA,QACN,WAAW,KAAK,MAAM,OAAO;AAAA;AAAA,MAE/B;AAAA,QACE,OAAO;AAAA,QACP,MAAM;AAAA,QACN,WAAW,KAAK,MAAM,OAAO;AAAA;AAAA,MAE/B;AAAA,QACE,OAAO;AAAA,QACP,MAAM;AAAA,QACN,WAAW;AAAA;AAAA,MAEb;AAAA,QACE,OAAO;AAAA,QACP,MAAM;AAAA,QACN,WAAW,KAAK,MAAM,OAAO;AAAA;AAAA,MAE/B;AAAA,QACE,OAAO;AAAA,QACP,MAAM;AAAA,QACN,WAAW,KAAK,MAAM,OAAO;AAAA;AAAA;AAAA;AAAA,EAInC;AAAA,IACE,OAAO;AAAA,IACP,MAAM;AAAA,IACN,cAAc;AAAA,IACd,WAAW,KAAK,MAAM,OAAO;AAAA;AAAA;",
      "names": []
    },
    "_coverageSchema": "1a1c01bbd47fc00a2c39e90264f33305004495a9",
    "hash": "d7b39b9ebe82bf41a425edc3c5afa2f5853194dd"
  },
  "/home/mamali/repos/github.com/api-deriv-com-solidjs/src/Store/navigation-bar-store.ts": {
    "path": "/home/mamali/repos/github.com/api-deriv-com-solidjs/src/Store/navigation-bar-store.ts",
    "statementMap": {
      "0": {
        "start": {
          "line": 3,
          "column": 27
        },
        "end": {
          "line": 3,
          "column": 47
        }
      },
      "1": {
        "start": {
          "line": 4,
          "column": 25
        },
        "end": {
          "line": 9,
          "column": 18
        }
      },
      "2": {
        "start": {
          "line": 5,
          "column": 2
        },
        "end": {
          "line": 7,
          "column": 3
        }
      },
      "3": {
        "start": {
          "line": 6,
          "column": 4
        },
        "end": {
          "line": 6,
          "column": 26
        }
      },
      "4": {
        "start": {
          "line": 8,
          "column": 2
        },
        "end": {
          "line": 8,
          "column": 16
        }
      },
      "5": {
        "start": {
          "line": 10,
          "column": 29
        },
        "end": {
          "line": 10,
          "column": 59
        }
      },
      "6": {
        "start": {
          "line": 11,
          "column": 23
        },
        "end": {
          "line": 13,
          "column": 3
        }
      },
      "7": {
        "start": {
          "line": 11,
          "column": 40
        },
        "end": {
          "line": 13,
          "column": 2
        }
      },
      "8": {
        "start": {
          "line": 12,
          "column": 2
        },
        "end": {
          "line": 12,
          "column": 28
        }
      }
    },
    "fnMap": {
      "0": {
        "name": "(anonymous_0)",
        "decl": {
          "start": {
            "line": 4,
            "column": 40
          },
          "end": {
            "line": 4,
            "column": 41
          }
        },
        "loc": {
          "start": {
            "line": 4,
            "column": 51
          },
          "end": {
            "line": 9,
            "column": 1
          }
        },
        "line": 4
      },
      "1": {
        "name": "(anonymous_1)",
        "decl": {
          "start": {
            "line": 11,
            "column": 34
          },
          "end": {
            "line": 11,
            "column": 35
          }
        },
        "loc": {
          "start": {
            "line": 11,
            "column": 40
          },
          "end": {
            "line": 13,
            "column": 2
          }
        },
        "line": 11
      },
      "2": {
        "name": "(anonymous_2)",
        "decl": {
          "start": {
            "line": 11,
            "column": 54
          },
          "end": {
            "line": 11,
            "column": 55
          }
        },
        "loc": {
          "start": {
            "line": 11,
            "column": 65
          },
          "end": {
            "line": 13,
            "column": 1
          }
        },
        "line": 11
      }
    },
    "branchMap": {
      "0": {
        "loc": {
          "start": {
            "line": 5,
            "column": 2
          },
          "end": {
            "line": 7,
            "column": 3
          }
        },
        "type": "if",
        "locations": [
          {
            "start": {
              "line": 5,
              "column": 2
            },
            "end": {
              "line": 7,
              "column": 3
            }
          },
          {
            "start": {
              "line": 5,
              "column": 2
            },
            "end": {
              "line": 7,
              "column": 3
            }
          }
        ],
        "line": 5
      }
    },
    "s": {
      "0": 80,
      "1": 80,
      "2": 240,
      "3": 80,
      "4": 160,
      "5": 80,
      "6": 80,
      "7": 80,
      "8": 240
    },
    "f": {
      "0": 240,
      "1": 80,
      "2": 240
    },
    "b": {
      "0": [
        80,
        160
      ]
    },
    "inputSourceMap": {
      "version": 3,
      "sources": [
        "/home/mamali/repos/github.com/api-deriv-com-solidjs/src/Store/navigation-bar-store.ts"
      ],
      "sourcesContent": [
        "import { createMemo, createSignal } from 'solid-js';\nimport { routes } from './routes';\n\nexport const routeSignal = createSignal(routes);\nconst navigationRoutes = routes\n  .flatMap((route) => {\n    if (route.path === '/docs/') {\n      return route.children;\n    }\n    return undefined;\n  })\n  .filter(Boolean);\n\nexport const docsNavSignal = createSignal(navigationRoutes);\n\nexport const navMemo = createMemo(() => routes.filter(route => {\n  return route.is_root_path;\n}));"
      ],
      "mappings": "AAAA;AACA;AAEO,aAAM,cAAc,aAAa;AACxC,MAAM,mBAAmB,OACtB,QAAQ,CAAC,UAAU;AAClB,MAAI,MAAM,SAAS,UAAU;AAC3B,WAAO,MAAM;AAAA;AAEf,SAAO;AAAA,GAER,OAAO;AAEH,aAAM,gBAAgB,aAAa;AAEnC,aAAM,UAAU,WAAW,MAAM,OAAO,OAAO,WAAS;AAC7D,SAAO,MAAM;AAAA;",
      "names": []
    },
    "_coverageSchema": "1a1c01bbd47fc00a2c39e90264f33305004495a9",
    "hash": "5e13e2cee29134b2d7a3f44c02b0a026af7cec4c"
  },
  "/home/mamali/repos/github.com/api-deriv-com-solidjs/src/Components/NavigationBar/NavigationBar.tsx": {
    "path": "/home/mamali/repos/github.com/api-deriv-com-solidjs/src/Components/NavigationBar/NavigationBar.tsx",
    "statementMap": {
      "0": {
        "start": {
          "line": 8,
          "column": 15
        },
        "end": {
          "line": 8,
          "column": 135
        }
      },
      "1": {
        "start": {
          "line": 9,
          "column": 16
        },
        "end": {
          "line": 9,
          "column": 131
        }
      },
      "2": {
        "start": {
          "line": 10,
          "column": 16
        },
        "end": {
          "line": 10,
          "column": 846
        }
      },
      "3": {
        "start": {
          "line": 11,
          "column": 16
        },
        "end": {
          "line": 11,
          "column": 57
        }
      },
      "4": {
        "start": {
          "line": 12,
          "column": 16
        },
        "end": {
          "line": 12,
          "column": 160
        }
      },
      "5": {
        "start": {
          "line": 13,
          "column": 16
        },
        "end": {
          "line": 13,
          "column": 77
        }
      },
      "6": {
        "start": {
          "line": 22,
          "column": 29
        },
        "end": {
          "line": 193,
          "column": 1
        }
      },
      "7": {
        "start": {
          "line": 23,
          "column": 62
        },
        "end": {
          "line": 23,
          "column": 81
        }
      },
      "8": {
        "start": {
          "line": 24,
          "column": 44
        },
        "end": {
          "line": 24,
          "column": 63
        }
      },
      "9": {
        "start": {
          "line": 25,
          "column": 15
        },
        "end": {
          "line": 25,
          "column": 22
        }
      },
      "10": {
        "start": {
          "line": 26,
          "column": 20
        },
        "end": {
          "line": 26,
          "column": 33
        }
      },
      "11": {
        "start": {
          "line": 27,
          "column": 2
        },
        "end": {
          "line": 192,
          "column": 7
        }
      },
      "12": {
        "start": {
          "line": 28,
          "column": 17
        },
        "end": {
          "line": 28,
          "column": 40
        }
      },
      "13": {
        "start": {
          "line": 29,
          "column": 18
        },
        "end": {
          "line": 29,
          "column": 33
        }
      },
      "14": {
        "start": {
          "line": 30,
          "column": 18
        },
        "end": {
          "line": 30,
          "column": 35
        }
      },
      "15": {
        "start": {
          "line": 31,
          "column": 18
        },
        "end": {
          "line": 31,
          "column": 34
        }
      },
      "16": {
        "start": {
          "line": 32,
          "column": 18
        },
        "end": {
          "line": 32,
          "column": 34
        }
      },
      "17": {
        "start": {
          "line": 33,
          "column": 18
        },
        "end": {
          "line": 33,
          "column": 35
        }
      },
      "18": {
        "start": {
          "line": 34,
          "column": 18
        },
        "end": {
          "line": 34,
          "column": 35
        }
      },
      "19": {
        "start": {
          "line": 35,
          "column": 19
        },
        "end": {
          "line": 35,
          "column": 35
        }
      },
      "20": {
        "start": {
          "line": 36,
          "column": 19
        },
        "end": {
          "line": 36,
          "column": 36
        }
      },
      "21": {
        "start": {
          "line": 38,
          "column": 4
        },
        "end": {
          "line": 38,
          "column": 61
        }
      },
      "22": {
        "start": {
          "line": 38,
          "column": 26
        },
        "end": {
          "line": 38,
          "column": 60
        }
      },
      "23": {
        "start": {
          "line": 40,
          "column": 4
        },
        "end": {
          "line": 54,
          "column": 15
        }
      },
      "24": {
        "start": {
          "line": 45,
          "column": 8
        },
        "end": {
          "line": 51,
          "column": 39
        }
      },
      "25": {
        "start": {
          "line": 46,
          "column": 24
        },
        "end": {
          "line": 46,
          "column": 46
        }
      },
      "26": {
        "start": {
          "line": 48,
          "column": 10
        },
        "end": {
          "line": 48,
          "column": 52
        }
      },
      "27": {
        "start": {
          "line": 50,
          "column": 10
        },
        "end": {
          "line": 50,
          "column": 23
        }
      },
      "28": {
        "start": {
          "line": 56,
          "column": 4
        },
        "end": {
          "line": 83,
          "column": 8
        }
      },
      "29": {
        "start": {
          "line": 58,
          "column": 8
        },
        "end": {
          "line": 58,
          "column": 22
        }
      },
      "30": {
        "start": {
          "line": 61,
          "column": 24
        },
        "end": {
          "line": 82,
          "column": 8
        }
      },
      "31": {
        "start": {
          "line": 63,
          "column": 10
        },
        "end": {
          "line": 63,
          "column": 39
        }
      },
      "32": {
        "start": {
          "line": 69,
          "column": 10
        },
        "end": {
          "line": 69,
          "column": 27
        }
      },
      "33": {
        "start": {
          "line": 75,
          "column": 10
        },
        "end": {
          "line": 75,
          "column": 35
        }
      },
      "34": {
        "start": {
          "line": 79,
          "column": 10
        },
        "end": {
          "line": 79,
          "column": 28
        }
      },
      "35": {
        "start": {
          "line": 85,
          "column": 4
        },
        "end": {
          "line": 177,
          "column": 8
        }
      },
      "36": {
        "start": {
          "line": 87,
          "column": 8
        },
        "end": {
          "line": 87,
          "column": 22
        }
      },
      "37": {
        "start": {
          "line": 90,
          "column": 33
        },
        "end": {
          "line": 176,
          "column": 9
        }
      },
      "38": {
        "start": {
          "line": 94,
          "column": 10
        },
        "end": {
          "line": 94,
          "column": 39
        }
      },
      "39": {
        "start": {
          "line": 98,
          "column": 25
        },
        "end": {
          "line": 98,
          "column": 48
        }
      },
      "40": {
        "start": {
          "line": 99,
          "column": 25
        },
        "end": {
          "line": 99,
          "column": 42
        }
      },
      "41": {
        "start": {
          "line": 100,
          "column": 25
        },
        "end": {
          "line": 100,
          "column": 42
        }
      },
      "42": {
        "start": {
          "line": 102,
          "column": 10
        },
        "end": {
          "line": 104,
          "column": 12
        }
      },
      "43": {
        "start": {
          "line": 103,
          "column": 12
        },
        "end": {
          "line": 103,
          "column": 65
        }
      },
      "44": {
        "start": {
          "line": 106,
          "column": 10
        },
        "end": {
          "line": 106,
          "column": 53
        }
      },
      "45": {
        "start": {
          "line": 106,
          "column": 33
        },
        "end": {
          "line": 106,
          "column": 43
        }
      },
      "46": {
        "start": {
          "line": 108,
          "column": 10
        },
        "end": {
          "line": 108,
          "column": 54
        }
      },
      "47": {
        "start": {
          "line": 110,
          "column": 10
        },
        "end": {
          "line": 144,
          "column": 20
        }
      },
      "48": {
        "start": {
          "line": 112,
          "column": 14
        },
        "end": {
          "line": 112,
          "column": 46
        }
      },
      "49": {
        "start": {
          "line": 116,
          "column": 29
        },
        "end": {
          "line": 116,
          "column": 52
        }
      },
      "50": {
        "start": {
          "line": 118,
          "column": 14
        },
        "end": {
          "line": 139,
          "column": 18
        }
      },
      "51": {
        "start": {
          "line": 120,
          "column": 18
        },
        "end": {
          "line": 120,
          "column": 35
        }
      },
      "52": {
        "start": {
          "line": 123,
          "column": 43
        },
        "end": {
          "line": 138,
          "column": 18
        }
      },
      "53": {
        "start": {
          "line": 129,
          "column": 20
        },
        "end": {
          "line": 129,
          "column": 37
        }
      },
      "54": {
        "start": {
          "line": 135,
          "column": 20
        },
        "end": {
          "line": 135,
          "column": 38
        }
      },
      "55": {
        "start": {
          "line": 141,
          "column": 14
        },
        "end": {
          "line": 141,
          "column": 28
        }
      },
      "56": {
        "start": {
          "line": 146,
          "column": 10
        },
        "end": {
          "line": 146,
          "column": 24
        }
      },
      "57": {
        "start": {
          "line": 151,
          "column": 10
        },
        "end": {
          "line": 151,
          "column": 39
        }
      },
      "58": {
        "start": {
          "line": 155,
          "column": 25
        },
        "end": {
          "line": 155,
          "column": 48
        }
      },
      "59": {
        "start": {
          "line": 157,
          "column": 10
        },
        "end": {
          "line": 171,
          "column": 14
        }
      },
      "60": {
        "start": {
          "line": 162,
          "column": 14
        },
        "end": {
          "line": 162,
          "column": 31
        }
      },
      "61": {
        "start": {
          "line": 168,
          "column": 14
        },
        "end": {
          "line": 168,
          "column": 32
        }
      },
      "62": {
        "start": {
          "line": 173,
          "column": 10
        },
        "end": {
          "line": 173,
          "column": 24
        }
      },
      "63": {
        "start": {
          "line": 179,
          "column": 4
        },
        "end": {
          "line": 189,
          "column": 7
        }
      },
      "64": {
        "start": {
          "line": 180,
          "column": 18
        },
        "end": {
          "line": 180,
          "column": 66
        }
      },
      "65": {
        "start": {
          "line": 181,
          "column": 19
        },
        "end": {
          "line": 181,
          "column": 162
        }
      },
      "66": {
        "start": {
          "line": 183,
          "column": 6
        },
        "end": {
          "line": 183,
          "column": 69
        }
      },
      "67": {
        "start": {
          "line": 184,
          "column": 6
        },
        "end": {
          "line": 184,
          "column": 63
        }
      },
      "68": {
        "start": {
          "line": 185,
          "column": 6
        },
        "end": {
          "line": 185,
          "column": 17
        }
      },
      "69": {
        "start": {
          "line": 191,
          "column": 4
        },
        "end": {
          "line": 191,
          "column": 16
        }
      },
      "70": {
        "start": {
          "line": 195,
          "column": 0
        },
        "end": {
          "line": 195,
          "column": 28
        }
      }
    },
    "fnMap": {
      "0": {
        "name": "(anonymous_0)",
        "decl": {
          "start": {
            "line": 22,
            "column": 29
          },
          "end": {
            "line": 22,
            "column": 30
          }
        },
        "loc": {
          "start": {
            "line": 22,
            "column": 35
          },
          "end": {
            "line": 193,
            "column": 1
          }
        },
        "line": 22
      },
      "1": {
        "name": "(anonymous_1)",
        "decl": {
          "start": {
            "line": 27,
            "column": 10
          },
          "end": {
            "line": 27,
            "column": 11
          }
        },
        "loc": {
          "start": {
            "line": 27,
            "column": 16
          },
          "end": {
            "line": 192,
            "column": 3
          }
        },
        "line": 27
      },
      "2": {
        "name": "(anonymous_2)",
        "decl": {
          "start": {
            "line": 38,
            "column": 20
          },
          "end": {
            "line": 38,
            "column": 21
          }
        },
        "loc": {
          "start": {
            "line": 38,
            "column": 26
          },
          "end": {
            "line": 38,
            "column": 60
          }
        },
        "line": 38
      },
      "3": {
        "name": "(anonymous_3)",
        "decl": {
          "start": {
            "line": 44,
            "column": 6
          },
          "end": {
            "line": 44,
            "column": 7
          }
        },
        "loc": {
          "start": {
            "line": 44,
            "column": 21
          },
          "end": {
            "line": 52,
            "column": 7
          }
        },
        "line": 44
      },
      "4": {
        "name": "(anonymous_4)",
        "decl": {
          "start": {
            "line": 45,
            "column": 17
          },
          "end": {
            "line": 45,
            "column": 18
          }
        },
        "loc": {
          "start": {
            "line": 45,
            "column": 23
          },
          "end": {
            "line": 51,
            "column": 9
          }
        },
        "line": 45
      },
      "5": {
        "name": "(anonymous_5)",
        "decl": {
          "start": {
            "line": 57,
            "column": 6
          },
          "end": {
            "line": 57,
            "column": 7
          }
        },
        "loc": {
          "start": {
            "line": 57,
            "column": 17
          },
          "end": {
            "line": 59,
            "column": 7
          }
        },
        "line": 57
      },
      "6": {
        "name": "(anonymous_6)",
        "decl": {
          "start": {
            "line": 61,
            "column": 16
          },
          "end": {
            "line": 61,
            "column": 17
          }
        },
        "loc": {
          "start": {
            "line": 61,
            "column": 24
          },
          "end": {
            "line": 82,
            "column": 8
          }
        },
        "line": 61
      },
      "7": {
        "name": "(anonymous_7)",
        "decl": {
          "start": {
            "line": 62,
            "column": 8
          },
          "end": {
            "line": 62,
            "column": 9
          }
        },
        "loc": {
          "start": {
            "line": 62,
            "column": 29
          },
          "end": {
            "line": 64,
            "column": 9
          }
        },
        "line": 62
      },
      "8": {
        "name": "(anonymous_8)",
        "decl": {
          "start": {
            "line": 68,
            "column": 8
          },
          "end": {
            "line": 68,
            "column": 9
          }
        },
        "loc": {
          "start": {
            "line": 68,
            "column": 19
          },
          "end": {
            "line": 70,
            "column": 9
          }
        },
        "line": 68
      },
      "9": {
        "name": "(anonymous_9)",
        "decl": {
          "start": {
            "line": 74,
            "column": 8
          },
          "end": {
            "line": 74,
            "column": 9
          }
        },
        "loc": {
          "start": {
            "line": 74,
            "column": 18
          },
          "end": {
            "line": 76,
            "column": 9
          }
        },
        "line": 74
      },
      "10": {
        "name": "(anonymous_10)",
        "decl": {
          "start": {
            "line": 78,
            "column": 8
          },
          "end": {
            "line": 78,
            "column": 9
          }
        },
        "loc": {
          "start": {
            "line": 78,
            "column": 23
          },
          "end": {
            "line": 80,
            "column": 9
          }
        },
        "line": 78
      },
      "11": {
        "name": "(anonymous_11)",
        "decl": {
          "start": {
            "line": 86,
            "column": 6
          },
          "end": {
            "line": 86,
            "column": 7
          }
        },
        "loc": {
          "start": {
            "line": 86,
            "column": 17
          },
          "end": {
            "line": 88,
            "column": 7
          }
        },
        "line": 86
      },
      "12": {
        "name": "(anonymous_12)",
        "decl": {
          "start": {
            "line": 90,
            "column": 16
          },
          "end": {
            "line": 90,
            "column": 17
          }
        },
        "loc": {
          "start": {
            "line": 90,
            "column": 33
          },
          "end": {
            "line": 176,
            "column": 9
          }
        },
        "line": 90
      },
      "13": {
        "name": "(anonymous_13)",
        "decl": {
          "start": {
            "line": 93,
            "column": 8
          },
          "end": {
            "line": 93,
            "column": 9
          }
        },
        "loc": {
          "start": {
            "line": 93,
            "column": 19
          },
          "end": {
            "line": 95,
            "column": 9
          }
        },
        "line": 93
      },
      "14": {
        "name": "(anonymous_14)",
        "decl": {
          "start": {
            "line": 97,
            "column": 8
          },
          "end": {
            "line": 97,
            "column": 9
          }
        },
        "loc": {
          "start": {
            "line": 97,
            "column": 23
          },
          "end": {
            "line": 147,
            "column": 9
          }
        },
        "line": 97
      },
      "15": {
        "name": "(anonymous_15)",
        "decl": {
          "start": {
            "line": 102,
            "column": 27
          },
          "end": {
            "line": 102,
            "column": 28
          }
        },
        "loc": {
          "start": {
            "line": 102,
            "column": 33
          },
          "end": {
            "line": 104,
            "column": 11
          }
        },
        "line": 102
      },
      "16": {
        "name": "(anonymous_16)",
        "decl": {
          "start": {
            "line": 106,
            "column": 27
          },
          "end": {
            "line": 106,
            "column": 28
          }
        },
        "loc": {
          "start": {
            "line": 106,
            "column": 33
          },
          "end": {
            "line": 106,
            "column": 43
          }
        },
        "line": 106
      },
      "17": {
        "name": "(anonymous_17)",
        "decl": {
          "start": {
            "line": 111,
            "column": 12
          },
          "end": {
            "line": 111,
            "column": 13
          }
        },
        "loc": {
          "start": {
            "line": 111,
            "column": 23
          },
          "end": {
            "line": 113,
            "column": 13
          }
        },
        "line": 111
      },
      "18": {
        "name": "(anonymous_18)",
        "decl": {
          "start": {
            "line": 115,
            "column": 12
          },
          "end": {
            "line": 115,
            "column": 13
          }
        },
        "loc": {
          "start": {
            "line": 115,
            "column": 27
          },
          "end": {
            "line": 142,
            "column": 13
          }
        },
        "line": 115
      },
      "19": {
        "name": "(anonymous_19)",
        "decl": {
          "start": {
            "line": 119,
            "column": 16
          },
          "end": {
            "line": 119,
            "column": 17
          }
        },
        "loc": {
          "start": {
            "line": 119,
            "column": 27
          },
          "end": {
            "line": 121,
            "column": 17
          }
        },
        "line": 119
      },
      "20": {
        "name": "(anonymous_20)",
        "decl": {
          "start": {
            "line": 123,
            "column": 26
          },
          "end": {
            "line": 123,
            "column": 27
          }
        },
        "loc": {
          "start": {
            "line": 123,
            "column": 43
          },
          "end": {
            "line": 138,
            "column": 18
          }
        },
        "line": 123
      },
      "21": {
        "name": "(anonymous_21)",
        "decl": {
          "start": {
            "line": 128,
            "column": 18
          },
          "end": {
            "line": 128,
            "column": 19
          }
        },
        "loc": {
          "start": {
            "line": 128,
            "column": 29
          },
          "end": {
            "line": 130,
            "column": 19
          }
        },
        "line": 128
      },
      "22": {
        "name": "(anonymous_22)",
        "decl": {
          "start": {
            "line": 134,
            "column": 18
          },
          "end": {
            "line": 134,
            "column": 19
          }
        },
        "loc": {
          "start": {
            "line": 134,
            "column": 33
          },
          "end": {
            "line": 136,
            "column": 19
          }
        },
        "line": 134
      },
      "23": {
        "name": "(anonymous_23)",
        "decl": {
          "start": {
            "line": 150,
            "column": 8
          },
          "end": {
            "line": 150,
            "column": 9
          }
        },
        "loc": {
          "start": {
            "line": 150,
            "column": 19
          },
          "end": {
            "line": 152,
            "column": 9
          }
        },
        "line": 150
      },
      "24": {
        "name": "(anonymous_24)",
        "decl": {
          "start": {
            "line": 154,
            "column": 8
          },
          "end": {
            "line": 154,
            "column": 9
          }
        },
        "loc": {
          "start": {
            "line": 154,
            "column": 23
          },
          "end": {
            "line": 174,
            "column": 9
          }
        },
        "line": 154
      },
      "25": {
        "name": "(anonymous_25)",
        "decl": {
          "start": {
            "line": 161,
            "column": 12
          },
          "end": {
            "line": 161,
            "column": 13
          }
        },
        "loc": {
          "start": {
            "line": 161,
            "column": 23
          },
          "end": {
            "line": 163,
            "column": 13
          }
        },
        "line": 161
      },
      "26": {
        "name": "(anonymous_26)",
        "decl": {
          "start": {
            "line": 167,
            "column": 12
          },
          "end": {
            "line": 167,
            "column": 13
          }
        },
        "loc": {
          "start": {
            "line": 167,
            "column": 27
          },
          "end": {
            "line": 169,
            "column": 13
          }
        },
        "line": 167
      },
      "27": {
        "name": "(anonymous_27)",
        "decl": {
          "start": {
            "line": 179,
            "column": 13
          },
          "end": {
            "line": 179,
            "column": 14
          }
        },
        "loc": {
          "start": {
            "line": 179,
            "column": 20
          },
          "end": {
            "line": 186,
            "column": 5
          }
        },
        "line": 179
      }
    },
    "branchMap": {
      "0": {
        "loc": {
          "start": {
            "line": 180,
            "column": 18
          },
          "end": {
            "line": 180,
            "column": 66
          }
        },
        "type": "cond-expr",
        "locations": [
          {
            "start": {
              "line": 180,
              "column": 36
            },
            "end": {
              "line": 180,
              "column": 47
            }
          },
          {
            "start": {
              "line": 180,
              "column": 50
            },
            "end": {
              "line": 180,
              "column": 66
            }
          }
        ],
        "line": 180
      },
      "1": {
        "loc": {
          "start": {
            "line": 181,
            "column": 124
          },
          "end": {
            "line": 181,
            "column": 160
          }
        },
        "type": "binary-expr",
        "locations": [
          {
            "start": {
              "line": 181,
              "column": 124
            },
            "end": {
              "line": 181,
              "column": 139
            }
          },
          {
            "start": {
              "line": 181,
              "column": 143
            },
            "end": {
              "line": 181,
              "column": 160
            }
          }
        ],
        "line": 181
      },
      "2": {
        "loc": {
          "start": {
            "line": 183,
            "column": 6
          },
          "end": {
            "line": 183,
            "column": 68
          }
        },
        "type": "binary-expr",
        "locations": [
          {
            "start": {
              "line": 183,
              "column": 6
            },
            "end": {
              "line": 183,
              "column": 21
            }
          },
          {
            "start": {
              "line": 183,
              "column": 25
            },
            "end": {
              "line": 183,
              "column": 68
            }
          }
        ],
        "line": 183
      },
      "3": {
        "loc": {
          "start": {
            "line": 184,
            "column": 6
          },
          "end": {
            "line": 184,
            "column": 62
          }
        },
        "type": "binary-expr",
        "locations": [
          {
            "start": {
              "line": 184,
              "column": 6
            },
            "end": {
              "line": 184,
              "column": 23
            }
          },
          {
            "start": {
              "line": 184,
              "column": 28
            },
            "end": {
              "line": 184,
              "column": 61
            }
          }
        ],
        "line": 184
      }
    },
    "s": {
      "0": 80,
      "1": 80,
      "2": 80,
      "3": 80,
      "4": 80,
      "5": 80,
      "6": 80,
      "7": 80,
      "8": 80,
      "9": 80,
      "10": 80,
      "11": 80,
      "12": 80,
      "13": 80,
      "14": 80,
      "15": 80,
      "16": 80,
      "17": 80,
      "18": 80,
      "19": 80,
      "20": 80,
      "21": 80,
      "22": 0,
      "23": 80,
      "24": 80,
      "25": 80,
      "26": 80,
      "27": 80,
      "28": 80,
      "29": 80,
      "30": 240,
      "31": 290,
      "32": 240,
      "33": 315,
      "34": 240,
      "35": 80,
      "36": 80,
      "37": 240,
      "38": 240,
      "39": 0,
      "40": 0,
      "41": 0,
      "42": 0,
      "43": 0,
      "44": 0,
      "45": 0,
      "46": 0,
      "47": 0,
      "48": 0,
      "49": 0,
      "50": 0,
      "51": 0,
      "52": 0,
      "53": 0,
      "54": 0,
      "55": 0,
      "56": 0,
      "57": 240,
      "58": 240,
      "59": 240,
      "60": 240,
      "61": 240,
      "62": 240,
      "63": 80,
      "64": 80,
      "65": 80,
      "66": 80,
      "67": 80,
      "68": 80,
      "69": 80,
      "70": 80
    },
    "f": {
      "0": 80,
      "1": 80,
      "2": 0,
      "3": 80,
      "4": 80,
      "5": 80,
      "6": 240,
      "7": 290,
      "8": 240,
      "9": 315,
      "10": 240,
      "11": 80,
      "12": 240,
      "13": 240,
      "14": 0,
      "15": 0,
      "16": 0,
      "17": 0,
      "18": 0,
      "19": 0,
      "20": 0,
      "21": 0,
      "22": 0,
      "23": 240,
      "24": 240,
      "25": 240,
      "26": 240,
      "27": 80
    },
    "b": {
      "0": [
        0,
        80
      ],
      "1": [
        80,
        0
      ],
      "2": [
        80,
        80
      ],
      "3": [
        80,
        80
      ]
    },
    "inputSourceMap": {
      "version": 3,
      "file": null,
      "sources": [
        "/home/mamali/repos/github.com/api-deriv-com-solidjs/src/Components/NavigationBar/NavigationBar.tsx"
      ],
      "sourcesContent": [
        "import { NavLink } from \"solid-app-router\";\nimport type { Component } from \"solid-js\";\nimport { docsNavSignal, navMemo } from \"../../Store/navigation-bar-store\";\nimport { createSignal, Show, For } from \"solid-js\";\nimport arrowDownUrl from \"../../assets/arrow_down.svg\";\nimport closeSVGUrl from \"../../assets/close.svg\";\nimport hamburgerMenuUrl from \"../../assets/hamburger_menu.svg\";\nimport derivSvgUrl from \"../../assets/deriv.svg\";\n\nexport const NavigationBar: Component = () => {\n  const [showDocumentationItems, setShowDocumentationItems] =\n    createSignal(false);\n  const [showMobileNav, setShowMobileNav] = createSignal(false);\n  const navs = navMemo;\n  const [docsNav] = docsNavSignal;\n\n  return (\n    <div\n      aria-label=\"Deriv API Navigation\"\n      class=\"bg-[#0e0e0e] w-full flex flex-col desktop:items-center \"\n    >\n      <div class=\"inner-shadow w-full h-8 flex items-center mobile:hidden\">\n        <div class=\"text-white-gray w-4/5 text-xs my-0 mx-auto\">\n          <a class=\"pr-10\" href=\"https://deriv.com\">\n            Deriv website\n          </a>\n          <a class=\"pr-10\" href=\"https://deriv.com/about\">\n            About us\n          </a>\n          <a class=\"pr-10\" href=\"https://deriv.com/contact-us\">\n            Contact us\n          </a>\n        </div>\n      </div>\n      <header class=\"h-[73px] w-4/5 mobile:h-[48px] mobile:pl-4 mobile:w-full mobile:flex\">\n        <section class=\"flex items-center\">\n          <img\n            class=\"desktop:hidden mobile:mr-2.5\"\n            src={showMobileNav() ? closeSVGUrl : hamburgerMenuUrl}\n            alt=\"Deriv Logo\"\n            width=\"16\"\n            height=\"16\"\n            onclick={() => setShowMobileNav(!showMobileNav())}\n          />\n          <NavLink class=\"flex items-center text-white\" href=\"/\">\n            <img\n              src={derivSvgUrl}\n              class=\"h-[73px] w-[180px] mobile:h-auto mobile:w-[84px]\"\n              height=\"73\"\n              width=\"180\"\n              alt=\"Deriv Logo\"\n            />\n            <h1 class=\"inline ml-6 text-2xl mobile:text-base mobile:ml-2 font-normal text-white mb-0\">\n              API\n            </h1>\n          </NavLink>\n          <nav class=\"flex flex-row ml-5% mobile:hidden\">\n            <For each={navs()}>\n              {(item) => (\n                <NavLink\n                  aria-label={`Go to ${item.label}`}\n                  activeClass=\"after:active-page after:navigation-transition\"\n                  href={item.path}\n                  class=\"relative text-base mr-10 text-white before:active-page hover:before:navigation-transition\"\n                  end={item.path === \"/\"}\n                >\n                  {item.label}\n                </NavLink>\n              )}\n            </For>\n          </nav>\n        </section>\n      </header>\n      <section\n        class={`fixed bg-white top-[48px] h-[calc(100%+54px) w-[253px] overflow-hidden left-[-254px] text-base\tburger ${\n          showMobileNav() && \"transition-left\"\n        }`}\n      >\n        <div class=\"flex flex-col h-full py-6 pr-4 pl-5\">\n          <div class=\"menu-wrapper\">\n            <For each={navs()}>\n              {(item, index) => (\n                <>\n                  <Show data-index={index} when={item.path === \"/docs\"}>\n                    <div class=\"py-2.5 px-2\">\n                      <div\n                        class=\"font-bold px-4 items-center\t\"\n                        onclick={() => {\n                          setShowDocumentationItems(!showDocumentationItems());\n                        }}\n                      >\n                        {item.label}\n                        <img\n                          width=\"16\"\n                          height=\"16\"\n                          class=\"float-right\"\n                          src={arrowDownUrl}\n                        />\n                      </div>\n                      <Show when={showDocumentationItems()}>\n                        <div class=\"px-4\">\n                          <For each={docsNav()}>\n                            {(item, index) => (\n                              <NavLink\n                                data-index={index}\n                                activeClass=\"before:mobile-nav-after  bg-gray-100 font-bold text-gray-500\"\n                                class=\"flex relative justify-start items-center py-2.5 pr-4 pl-2 mb-1.5 text-sm\"\n                                href={item.path}\n                                end\n                              >\n                                {item.label}\n                              </NavLink>\n                            )}\n                          </For>\n                        </div>\n                      </Show>\n                    </div>\n                  </Show>\n                  <Show when={item.path !== \"/docs\"}>\n                    <div class=\"py-2.5 px-2 align-middle\">\n                      <NavLink\n                        activeClass=\"before:mobile-nav-after \"\n                        class=\"font-bold flex relative items-center px-4\"\n                        href={item.path}\n                        end\n                      >\n                        {item.label}\n                      </NavLink>\n                    </div>\n                  </Show>\n                </>\n              )}\n            </For>\n          </div>\n        </div>\n      </section>\n    </div>\n  );\n};\n"
      ],
      "names": [],
      "mappings": "AAAA,CAAC,CAAC,CAAC,CAAC,CAAC,CAAC,CAAC,CAAC,CAAC,CAAC,CAAC,CAAC,CAAC,CAAC,CAAC,CAAC,CAAC,CAAC,CAAC,CAAC,CAAC,CAAC,CAAC,CAAC,CAAC,CAAC,CAAC,CAAC,CAAC,CAAC,CAAC,CAAC,CAAC,CAAC,CAAC,CAAC,CAAC,CAAC,CAAC,CAAC,CAAC,CAAC,CAAC;AAC3C,CAAC,CAAC,CAAC,CAAC,CAAC,CAAC,CAAC,CAAC,CAAC,CAAC,CAAC,CAAC,CAAC,CAAC,CAAC,CAAC,CAAC,CAAC,CAAC,CAAC,CAAC,CAAC,CAAC,CAAC,CAAC,CAAC,CAAC,CAAC,CAAC,CAAC,CAAC,CAAC,CAAC,CAAC,CAAC,CAAC,CAAC,CAAC,CAAC,CAAC,CAAC,CAAC;AAC1C,CAAC,CAAC,CAAC,CAAC,CAAC,CAAC,CAAC,CAAC,CAAC,CAAC,CAAC,CAAC,CAAC,CAAC,CAAC,CAAC,CAAC,CAAC,CAAC,CAAC,CAAC,CAAC,CAAC,CAAC,CAAC,CAAC,CAAC,CAAC,CAAC,CAAC,CAAC,CAAC,CAAC,CAAC,CAAC,CAAC,CAAC,CAAC,CAAC,CAAC,CAAC,CAAC,CAAC,CAAC,CAAC,CAAC,CAAC,CAAC,CAAC,CAAC,CAAC,CAAC,CAAC,CAAC,CAAC,CAAC,CAAC,CAAC,CAAC,CAAC,CAAC,CAAC,CAAC,CAAC,CAAC,CAAC,CAAC,CAAC,CAAC,CAAC,CAAC,CAAC,CAAC,CAAC;AAC1E,CAAC,CAAC,CAAC,CAAC,CAAC,CAAC,CAAC,CAAC,CAAC,CAAC,CAAC,CAAC,CAAC,CAAC,CAAC,CAAC,CAAC,CAAC,CAAC,CAAC,CAAC,CAAC,CAAC,CAAC,CAAC,CAAC,CAAC,CAAC,CAAC,CAAC,CAAC,CAAC,CAAC,CAAC,CAAC,CAAC,CAAC,CAAC,CAAC,CAAC,CAAC,CAAC,CAAC,CAAC,CAAC,CAAC,CAAC,CAAC,CAAC,CAAC,CAAC;AACnD,CAAC,CAAC,CAAC,CAAC,CAAC,CAAC,CAAC,CAAC,CAAC,CAAC,CAAC,CAAC,CAAC,CAAC,CAAC,CAAC,CAAC,CAAC,CAAC,CAAC,CAAC,CAAC,CAAC,CAAC,CAAC,CAAC,CAAC,CAAC,CAAC,CAAC,CAAC,CAAC,CAAC,CAAC,CAAC,CAAC,CAAC,CAAC,CAAC,CAAC,CAAC,CAAC,CAAC,CAAC,CAAC,CAAC,CAAC,CAAC,CAAC,CAAC,CAAC,CAAC,CAAC,CAAC,CAAC;AACvD,CAAC,CAAC,CAAC,CAAC,CAAC,CAAC,CAAC,CAAC,CAAC,CAAC,CAAC,CAAC,CAAC,CAAC,CAAC,CAAC,CAAC,CAAC,CAAC,CAAC,CAAC,CAAC,CAAC,CAAC,CAAC,CAAC,CAAC,CAAC,CAAC,CAAC,CAAC,CAAC,CAAC,CAAC,CAAC,CAAC,CAAC,CAAC,CAAC,CAAC,CAAC,CAAC,CAAC,CAAC,CAAC,CAAC,CAAC,CAAC,CAAC;AACjD,CAAC,CAAC,CAAC,CAAC,CAAC,CAAC,CAAC,CAAC,CAAC,CAAC,CAAC,CAAC,CAAC,CAAC,CAAC,CAAC,CAAC,CAAC,CAAC,CAAC,CAAC,CAAC,CAAC,CAAC,CAAC,CAAC,CAAC,CAAC,CAAC,CAAC,CAAC,CAAC,CAAC,CAAC,CAAC,CAAC,CAAC,CAAC,CAAC,CAAC,CAAC,CAAC,CAAC,CAAC,CAAC,CAAC,CAAC,CAAC,CAAC,CAAC,CAAC,CAAC,CAAC,CAAC,CAAC,CAAC,CAAC,CAAC,CAAC,CAAC,CAAC,CAAC,CAAC;AAC/D,CAAC,CAAC,CAAC,CAAC,CAAC,CAAC,CAAC,CAAC,CAAC,CAAC,CAAC,CAAC,CAAC,CAAC,CAAC,CAAC,CAAC,CAAC,CAAC,CAAC,CAAC,CAAC,CAAC,CAAC,CAAC,CAAC,CAAC,CAAC,CAAC,CAAC,CAAC,CAAC,CAAC,CAAC,CAAC,CAAC,CAAC,CAAC,CAAC,CAAC,CAAC,CAAC,CAAC,CAAC,CAAC,CAAC,CAAC,CAAC,CAAC;AACjD;AACA,CAAC,CAAC,CAAC,CAAC,CAAC,CAAC,CAAC,CAAC,CAAC,CAAC,CAAC,CAAC,CAAC,CAAC,CAAC,CAAC,CAAC,CAAC,CAAC,CAAC,CAAC,CAAC,CAAC,CAAC,CAAC,CAAC,CAAC,CAAC,CAAC,CAAC,CAAC,CAAC,CAAC,CAAC,CAAC,CAAC,CAAC,CAAC,CAAC,CAAC,CAAC,CAAC,CAAC,CAAC,CAAC,CAAC,CAAC;AAC/C,CAAC,CAAC,CAAC,CAAC,CAAC,CAAC,CAAC,CAAC,CAAC,CAAC,CAAC,CAAC,CAAC,CAAC,CAAC,CAAC,CAAC,CAAC,CAAC,CAAC,CAAC,CAAC,CAAC,CAAC,CAAC,CAAC,CAAC,CAAC,CAAC,CAAC,CAAC,CAAC,CAAC,CAAC,CAAC,CAAC,CAAC,CAAC,CAAC,CAAC,CAAC,CAAC,CAAC,CAAC,CAAC,CAAC,CAAC,CAAC,CAAC,CAAC,CAAC,CAAC,CAAC,CAAC,CAAC,CAAC,CAAC,CAAC,CAAC,CAAC,CAAC;AAC7D,CAAC,CAAC,CAAC,CAAC,CAAC,CAAC,CAAC,CAAC,CAAC,CAAC,CAAC,CAAC,CAAC,CAAC,CAAC,CAAC,CAAC,CAAC,CAAC,CAAC,CAAC,CAAC,CAAC,CAAC;AACxB,CAAC,CAAC,CAAC,CAAC,CAAC,CAAC,CAAC,CAAC,CAAC,CAAC,CAAC,CAAC,CAAC,CAAC,CAAC,CAAC,CAAC,CAAC,CAAC,CAAC,CAAC,CAAC,CAAC,CAAC,CAAC,CAAC,CAAC,CAAC,CAAC,CAAC,CAAC,CAAC,CAAC,CAAC,CAAC,CAAC,CAAC,CAAC,CAAC,CAAC,CAAC,CAAC,CAAC,CAAC,CAAC,CAAC,CAAC,CAAC,CAAC,CAAC,CAAC,CAAC,CAAC,CAAC,CAAC,CAAC,CAAC,CAAC,CAAC,CAAC,CAAC,CAAC,CAAC,CAAC;AAChE,CAAC,CAAC,CAAC,CAAC,CAAC,CAAC,CAAC,CAAC,CAAC,CAAC,CAAC,CAAC,CAAC,CAAC,CAAC,CAAC,CAAC,CAAC,CAAC,CAAC,CAAC,CAAC,CAAC;AACvB,CAAC,CAAC,CAAC,CAAC,CAAC,CAAC,CAAC,CAAC,CAAC,CAAC,CAAC,CAAC,CAAC,CAAC,CAAC,CAAC,CAAC,CAAC,CAAC,CAAC,CAAC,CAAC,CAAC,CAAC,CAAC,CAAC,CAAC,CAAC,CAAC,CAAC,CAAC,CAAC,CAAC,CAAC;AAClC;AACA,CAAC,CAAC,CAAC,CAAC,CAAC,CAAC,CAAC,CAAC,CAAC,CAAC;AACV,CAAC,CAAC,CAAC,CAAC,CAAC,CAAC,CAAC,CAAC;AACR,CAAC,CAAC,CAAC,CAAC,CAAC,CAAC,CAAC,CAAC,CAAC,CAAC,CAAC,CAAC,CAAC,CAAC,CAAC,CAAC,CAAC,CAAC,CAAC,CAAC,CAAC,CAAC,CAAC,CAAC,CAAC,CAAC,CAAC,CAAC,CAAC,CAAC,CAAC,CAAC,CAAC,CAAC,CAAC,CAAC,CAAC,CAAC,CAAC;AACvC,CAAC,CAAC,CAAC,CAAC,CAAC,CAAC,CAAC,CAAC,CAAC,CAAC,CAAC,CAAC,CAAC,CAAC,CAAC,CAAC,CAAC,CAAC,CAAC,CAAC,CAAC,CAAC,CAAC,CAAC,CAAC,CAAC,CAAC,CAAC,CAAC,CAAC,CAAC,CAAC,CAAC,CAAC,CAAC,CAAC,CAAC,CAAC,CAAC,CAAC,CAAC,CAAC,CAAC,CAAC,CAAC,CAAC,CAAC,CAAC,CAAC,CAAC,CAAC,CAAC,CAAC,CAAC,CAAC,CAAC,CAAC,CAAC,CAAC,CAAC,CAAC,CAAC,CAAC,CAAC,CAAC,CAAC,CAAC,CAAC,CAAC;AACrE,CAAC,CAAC,CAAC,CAAC,CAAC;AACL,CAAC,CAAC,CAAC,CAAC,CAAC,CAAC,CAAC,CAAC,CAAC,CAAC,CAAC,CAAC,CAAC,CAAC,CAAC,CAAC,CAAC,CAAC,CAAC,CAAC,CAAC,CAAC,CAAC,CAAC,CAAC,CAAC,CAAC,CAAC,CAAC,CAAC,CAAC,CAAC,CAAC,CAAC,CAAC,CAAC,CAAC,CAAC,CAAC,CAAC,CAAC,CAAC,CAAC,CAAC,CAAC,CAAC,CAAC,CAAC,CAAC,CAAC,CAAC,CAAC,CAAC,CAAC,CAAC,CAAC,CAAC,CAAC,CAAC,CAAC,CAAC,CAAC,CAAC,CAAC,CAAC,CAAC,CAAC,CAAC,CAAC,CAAC,CAAC,CAAC,CAAC,CAAC,CAAC;AAC3E,CAAC,CAAC,CAAC,CAAC,CAAC,CAAC,CAAC,CAAC,CAAC,CAAC,CAAC,CAAC,CAAC,CAAC,CAAC,CAAC,CAAC,CAAC,CAAC,CAAC,CAAC,CAAC,CAAC,CAAC,CAAC,CAAC,CAAC,CAAC,CAAC,CAAC,CAAC,CAAC,CAAC,CAAC,CAAC,CAAC,CAAC,CAAC,CAAC,CAAC,CAAC,CAAC,CAAC,CAAC,CAAC,CAAC,CAAC,CAAC,CAAC,CAAC,CAAC,CAAC,CAAC,CAAC,CAAC,CAAC,CAAC,CAAC,CAAC,CAAC,CAAC,CAAC,CAAC,CAAC;AAChE,CAAC,CAAC,CAAC,CAAC,CAAC,CAAC,CAAC,CAAC,CAAC,CAAC,CAAC,CAAC,CAAC,CAAC,CAAC,CAAC,CAAC,CAAC,CAAC,CAAC,CAAC,CAAC,CAAC,CAAC,CAAC,CAAC,CAAC,CAAC,CAAC,CAAC,CAAC,CAAC,CAAC,CAAC,CAAC,CAAC,CAAC,CAAC,CAAC,CAAC,CAAC,CAAC,CAAC,CAAC,CAAC,CAAC,CAAC,CAAC,CAAC,CAAC,CAAC,CAAC;AACpD,CAAC,CAAC,CAAC,CAAC,CAAC,CAAC,CAAC,CAAC,CAAC,CAAC,CAAC,CAAC,CAAC,CAAC,CAAC,CAAC,CAAC,CAAC,CAAC,CAAC,CAAC,CAAC,CAAC,CAAC,CAAC;AACzB,CAAC,CAAC,CAAC,CAAC,CAAC,CAAC,CAAC,CAAC,CAAC,CAAC,CAAC,CAAC,CAAC,CAAC;AACd,CAAC,CAAC,CAAC,CAAC,CAAC,CAAC,CAAC,CAAC,CAAC,CAAC,CAAC,CAAC,CAAC,CAAC,CAAC,CAAC,CAAC,CAAC,CAAC,CAAC,CAAC,CAAC,CAAC,CAAC,CAAC,CAAC,CAAC,CAAC,CAAC,CAAC,CAAC,CAAC,CAAC,CAAC,CAAC,CAAC,CAAC,CAAC,CAAC,CAAC,CAAC,CAAC,CAAC,CAAC,CAAC,CAAC,CAAC,CAAC,CAAC,CAAC,CAAC,CAAC,CAAC,CAAC,CAAC,CAAC,CAAC,CAAC;AAC1D,CAAC,CAAC,CAAC,CAAC,CAAC,CAAC,CAAC,CAAC,CAAC,CAAC,CAAC,CAAC,CAAC,CAAC,CAAC,CAAC,CAAC,CAAC,CAAC,CAAC;AACpB,CAAC,CAAC,CAAC,CAAC,CAAC,CAAC,CAAC,CAAC,CAAC,CAAC,CAAC,CAAC,CAAC,CAAC;AACd,CAAC,CAAC,CAAC,CAAC,CAAC,CAAC,CAAC,CAAC,CAAC,CAAC,CAAC,CAAC,CAAC,CAAC,CAAC,CAAC,CAAC,CAAC,CAAC,CAAC,CAAC,CAAC,CAAC,CAAC,CAAC,CAAC,CAAC,CAAC,CAAC,CAAC,CAAC,CAAC,CAAC,CAAC,CAAC,CAAC,CAAC,CAAC,CAAC,CAAC,CAAC,CAAC,CAAC,CAAC,CAAC,CAAC,CAAC,CAAC,CAAC,CAAC,CAAC,CAAC,CAAC,CAAC,CAAC,CAAC,CAAC,CAAC,CAAC,CAAC,CAAC,CAAC,CAAC;AAC/D,CAAC,CAAC,CAAC,CAAC,CAAC,CAAC,CAAC,CAAC,CAAC,CAAC,CAAC,CAAC,CAAC,CAAC,CAAC,CAAC,CAAC,CAAC,CAAC,CAAC,CAAC,CAAC;AACtB,CAAC,CAAC,CAAC,CAAC,CAAC,CAAC,CAAC,CAAC,CAAC,CAAC,CAAC,CAAC,CAAC,CAAC;AACd,CAAC,CAAC,CAAC,CAAC,CAAC,CAAC,CAAC,CAAC,CAAC,CAAC,CAAC,CAAC,CAAC,CAAC;AACd,CAAC,CAAC,CAAC,CAAC,CAAC,CAAC,CAAC,CAAC,CAAC,CAAC,CAAC,CAAC;AACZ,CAAC,CAAC,CAAC,CAAC,CAAC,CAAC,CAAC,CAAC,CAAC,CAAC,CAAC,CAAC,CAAC,CAAC,CAAC,CAAC,CAAC,CAAC,CAAC,CAAC,CAAC,CAAC,CAAC,CAAC,CAAC,CAAC,CAAC,CAAC,CAAC,CAAC,CAAC,CAAC,CAAC,CAAC,CAAC,CAAC,CAAC,CAAC,CAAC,CAAC,CAAC,CAAC,CAAC,CAAC,CAAC,CAAC,CAAC,CAAC,CAAC,CAAC,CAAC,CAAC,CAAC,CAAC,CAAC,CAAC,CAAC,CAAC,CAAC,CAAC,CAAC,CAAC,CAAC,CAAC,CAAC,CAAC,CAAC,CAAC,CAAC,CAAC,CAAC,CAAC,CAAC,CAAC,CAAC,CAAC,CAAC,CAAC,CAAC,CAAC,CAAC,CAAC,CAAC,CAAC,CAAC,CAAC,CAAC,CAAC,CAAC,CAAC,CAAC;AAC3F,CAAC,CAAC,CAAC,CAAC,CAAC,CAAC,CAAC,CAAC,CAAC,CAAC,CAAC,CAAC,CAAC,CAAC,CAAC,CAAC,CAAC,CAAC,CAAC,CAAC,CAAC,CAAC,CAAC,CAAC,CAAC,CAAC,CAAC,CAAC,CAAC,CAAC,CAAC,CAAC,CAAC,CAAC,CAAC,CAAC,CAAC,CAAC,CAAC,CAAC,CAAC,CAAC,CAAC;AAC3C,CAAC,CAAC,CAAC,CAAC,CAAC,CAAC,CAAC,CAAC,CAAC,CAAC,CAAC,CAAC,CAAC,CAAC;AACd,CAAC,CAAC,CAAC,CAAC,CAAC,CAAC,CAAC,CAAC,CAAC,CAAC,CAAC,CAAC,CAAC,CAAC,CAAC,CAAC,CAAC,CAAC,CAAC,CAAC,CAAC,CAAC,CAAC,CAAC,CAAC,CAAC,CAAC,CAAC,CAAC,CAAC,CAAC,CAAC,CAAC,CAAC,CAAC,CAAC,CAAC,CAAC,CAAC,CAAC,CAAC,CAAC,CAAC,CAAC,CAAC,CAAC,CAAC,CAAC;AAChD,CAAC,CAAC,CAAC,CAAC,CAAC,CAAC,CAAC,CAAC,CAAC,CAAC,CAAC,CAAC,CAAC,CAAC,CAAC,CAAC,CAAC,CAAC,CAAC,CAAC,CAAC,CAAC,CAAC,CAAC,CAAC,CAAC,CAAC,CAAC,CAAC,CAAC,CAAC,CAAC,CAAC,CAAC,CAAC,CAAC,CAAC,CAAC,CAAC,CAAC,CAAC,CAAC,CAAC,CAAC,CAAC,CAAC,CAAC,CAAC,CAAC,CAAC,CAAC,CAAC,CAAC,CAAC,CAAC,CAAC,CAAC,CAAC,CAAC,CAAC,CAAC,CAAC,CAAC,CAAC,CAAC,CAAC;AAClE,CAAC,CAAC,CAAC,CAAC,CAAC,CAAC,CAAC,CAAC,CAAC,CAAC,CAAC,CAAC,CAAC,CAAC,CAAC,CAAC,CAAC,CAAC,CAAC,CAAC,CAAC,CAAC,CAAC,CAAC,CAAC,CAAC,CAAC,CAAC;AAC5B,CAAC,CAAC,CAAC,CAAC,CAAC,CAAC,CAAC,CAAC,CAAC,CAAC,CAAC,CAAC,CAAC,CAAC,CAAC,CAAC,CAAC,CAAC,CAAC,CAAC,CAAC,CAAC;AACtB,CAAC,CAAC,CAAC,CAAC,CAAC,CAAC,CAAC,CAAC,CAAC,CAAC,CAAC,CAAC,CAAC,CAAC,CAAC,CAAC,CAAC,CAAC,CAAC,CAAC,CAAC,CAAC,CAAC;AACvB,CAAC,CAAC,CAAC,CAAC,CAAC,CAAC,CAAC,CAAC,CAAC,CAAC,CAAC,CAAC,CAAC,CAAC,CAAC,CAAC,CAAC,CAAC,CAAC,CAAC,CAAC,CAAC,CAAC,CAAC,CAAC,CAAC,CAAC,CAAC,CAAC,CAAC,CAAC,CAAC,CAAC,CAAC,CAAC,CAAC,CAAC,CAAC,CAAC,CAAC,CAAC,CAAC,CAAC,CAAC,CAAC,CAAC,CAAC,CAAC,CAAC,CAAC,CAAC,CAAC,CAAC,CAAC,CAAC,CAAC,CAAC,CAAC,CAAC,CAAC,CAAC,CAAC;AAC9D,CAAC,CAAC,CAAC,CAAC,CAAC,CAAC,CAAC,CAAC,CAAC,CAAC,CAAC,CAAC;AACZ,CAAC,CAAC,CAAC,CAAC,CAAC,CAAC,CAAC,CAAC,CAAC,CAAC,CAAC,CAAC,CAAC,CAAC,CAAC,CAAC,CAAC,CAAC,CAAC,CAAC,CAAC,CAAC,CAAC,CAAC,CAAC,CAAC,CAAC,CAAC,CAAC,CAAC,CAAC,CAAC,CAAC,CAAC,CAAC,CAAC,CAAC,CAAC,CAAC,CAAC,CAAC,CAAC,CAAC,CAAC,CAAC,CAAC,CAAC,CAAC,CAAC,CAAC,CAAC,CAAC,CAAC,CAAC,CAAC,CAAC,CAAC,CAAC,CAAC,CAAC,CAAC,CAAC,CAAC,CAAC,CAAC;AACjE,CAAC,CAAC,CAAC,CAAC,CAAC,CAAC,CAAC,CAAC,CAAC,CAAC,CAAC,CAAC,CAAC,CAAC,CAAC,CAAC;AAChB,CAAC,CAAC,CAAC,CAAC,CAAC,CAAC,CAAC,CAAC,CAAC,CAAC,CAAC,CAAC,CAAC,CAAC,CAAC,CAAC,CAAC,CAAC,CAAC,CAAC,CAAC,CAAC,CAAC,CAAC,CAAC,CAAC,CAAC,CAAC,CAAC,CAAC,CAAC;AAC/B,CAAC,CAAC,CAAC,CAAC,CAAC,CAAC,CAAC,CAAC,CAAC,CAAC,CAAC,CAAC,CAAC,CAAC,CAAC,CAAC,CAAC,CAAC,CAAC,CAAC,CAAC,CAAC,CAAC,CAAC,CAAC,CAAC,CAAC,CAAC,CAAC,CAAC,CAAC,CAAC,CAAC,CAAC,CAAC,CAAC,CAAC,CAAC,CAAC,CAAC,CAAC,CAAC,CAAC,CAAC,CAAC,CAAC,CAAC,CAAC,CAAC,CAAC,CAAC,CAAC,CAAC,CAAC,CAAC,CAAC,CAAC,CAAC,CAAC,CAAC,CAAC,CAAC,CAAC,CAAC,CAAC,CAAC,CAAC,CAAC,CAAC,CAAC;AACtE,CAAC,CAAC,CAAC,CAAC,CAAC,CAAC,CAAC,CAAC,CAAC,CAAC,CAAC,CAAC,CAAC,CAAC,CAAC,CAAC,CAAC,CAAC,CAAC,CAAC,CAAC,CAAC,CAAC,CAAC,CAAC;AACzB,CAAC,CAAC,CAAC,CAAC,CAAC,CAAC,CAAC,CAAC,CAAC,CAAC,CAAC,CAAC,CAAC,CAAC,CAAC,CAAC,CAAC,CAAC,CAAC,CAAC,CAAC,CAAC,CAAC,CAAC,CAAC;AACzB,CAAC,CAAC,CAAC,CAAC,CAAC,CAAC,CAAC,CAAC,CAAC,CAAC,CAAC,CAAC,CAAC,CAAC,CAAC,CAAC,CAAC,CAAC,CAAC,CAAC,CAAC,CAAC,CAAC,CAAC,CAAC,CAAC,CAAC,CAAC,CAAC,CAAC;AAC9B,CAAC,CAAC,CAAC,CAAC,CAAC,CAAC,CAAC,CAAC,CAAC,CAAC,CAAC,CAAC,CAAC,CAAC;AACd,CAAC,CAAC,CAAC,CAAC,CAAC,CAAC,CAAC,CAAC,CAAC,CAAC,CAAC,CAAC,CAAC,CAAC,CAAC,CAAC,CAAC,CAAC,CAAC,CAAC,CAAC,CAAC,CAAC,CAAC,CAAC,CAAC,CAAC,CAAC,CAAC,CAAC,CAAC,CAAC,CAAC,CAAC,CAAC,CAAC,CAAC,CAAC,CAAC,CAAC,CAAC,CAAC,CAAC,CAAC,CAAC,CAAC,CAAC,CAAC,CAAC,CAAC,CAAC,CAAC,CAAC,CAAC,CAAC,CAAC,CAAC,CAAC,CAAC,CAAC,CAAC,CAAC,CAAC,CAAC,CAAC,CAAC,CAAC,CAAC,CAAC,CAAC,CAAC,CAAC,CAAC,CAAC,CAAC,CAAC,CAAC,CAAC,CAAC,CAAC,CAAC,CAAC,CAAC,CAAC,CAAC,CAAC,CAAC,CAAC,CAAC,CAAC,CAAC,CAAC,CAAC,CAAC,CAAC,CAAC,CAAC,CAAC,CAAC,CAAC,CAAC,CAAC;AACtG,CAAC,CAAC,CAAC,CAAC,CAAC,CAAC,CAAC,CAAC,CAAC,CAAC,CAAC,CAAC,CAAC,CAAC,CAAC,CAAC,CAAC;AACjB,CAAC,CAAC,CAAC,CAAC,CAAC,CAAC,CAAC,CAAC,CAAC,CAAC,CAAC,CAAC,CAAC,CAAC,CAAC,CAAC,CAAC;AACjB,CAAC,CAAC,CAAC,CAAC,CAAC,CAAC,CAAC,CAAC,CAAC,CAAC,CAAC,CAAC,CAAC,CAAC,CAAC,CAAC,CAAC,CAAC,CAAC,CAAC;AACpB,CAAC,CAAC,CAAC,CAAC,CAAC,CAAC,CAAC,CAAC,CAAC,CAAC,CAAC,CAAC,CAAC,CAAC,CAAC,CAAC,CAAC,CAAC,CAAC,CAAC,CAAC,CAAC,CAAC,CAAC,CAAC,CAAC,CAAC,CAAC,CAAC,CAAC,CAAC,CAAC,CAAC,CAAC,CAAC,CAAC,CAAC,CAAC,CAAC,CAAC,CAAC,CAAC,CAAC,CAAC,CAAC,CAAC,CAAC,CAAC,CAAC,CAAC,CAAC,CAAC,CAAC,CAAC,CAAC,CAAC,CAAC;AACzD,CAAC,CAAC,CAAC,CAAC,CAAC,CAAC,CAAC,CAAC,CAAC,CAAC,CAAC,CAAC,CAAC,CAAC,CAAC,CAAC,CAAC,CAAC,CAAC,CAAC,CAAC,CAAC,CAAC,CAAC,CAAC,CAAC,CAAC,CAAC,CAAC,CAAC,CAAC;AAC/B,CAAC,CAAC,CAAC,CAAC,CAAC,CAAC,CAAC,CAAC,CAAC,CAAC,CAAC,CAAC,CAAC,CAAC,CAAC,CAAC,CAAC,CAAC,CAAC,CAAC,CAAC,CAAC,CAAC,CAAC,CAAC,CAAC;AAC1B,CAAC,CAAC,CAAC,CAAC,CAAC,CAAC,CAAC,CAAC,CAAC,CAAC,CAAC,CAAC,CAAC,CAAC,CAAC,CAAC,CAAC,CAAC,CAAC,CAAC,CAAC,CAAC,CAAC,CAAC;AACxB,CAAC,CAAC,CAAC,CAAC,CAAC,CAAC,CAAC,CAAC,CAAC,CAAC,CAAC,CAAC,CAAC,CAAC,CAAC,CAAC,CAAC,CAAC,CAAC,CAAC,CAAC,CAAC,CAAC,CAAC,CAAC,CAAC,CAAC,CAAC,CAAC,CAAC,CAAC,CAAC,CAAC,CAAC,CAAC,CAAC,CAAC,CAAC,CAAC,CAAC,CAAC,CAAC,CAAC,CAAC,CAAC,CAAC,CAAC,CAAC,CAAC,CAAC,CAAC,CAAC;AACpD,CAAC,CAAC,CAAC,CAAC,CAAC,CAAC,CAAC,CAAC,CAAC,CAAC,CAAC,CAAC,CAAC,CAAC,CAAC,CAAC,CAAC,CAAC,CAAC,CAAC,CAAC,CAAC,CAAC,CAAC,CAAC,CAAC,CAAC,CAAC,CAAC,CAAC,CAAC,CAAC,CAAC,CAAC,CAAC,CAAC,CAAC,CAAC,CAAC,CAAC,CAAC,CAAC,CAAC,CAAC,CAAC,CAAC,CAAC,CAAC,CAAC,CAAC,CAAC,CAAC,CAAC,CAAC,CAAC,CAAC,CAAC,CAAC,CAAC,CAAC,CAAC,CAAC,CAAC,CAAC,CAAC,CAAC,CAAC,CAAC,CAAC,CAAC,CAAC,CAAC,CAAC,CAAC,CAAC,CAAC,CAAC;AAC7E,CAAC,CAAC,CAAC,CAAC,CAAC,CAAC,CAAC,CAAC,CAAC,CAAC,CAAC,CAAC,CAAC,CAAC,CAAC,CAAC,CAAC,CAAC,CAAC,CAAC,CAAC,CAAC,CAAC,CAAC,CAAC,CAAC,CAAC,CAAC,CAAC,CAAC,CAAC,CAAC,CAAC,CAAC;AAClC,CAAC,CAAC,CAAC,CAAC,CAAC,CAAC,CAAC,CAAC,CAAC,CAAC,CAAC,CAAC,CAAC,CAAC,CAAC,CAAC,CAAC,CAAC,CAAC,CAAC,CAAC,CAAC,CAAC,CAAC,CAAC,CAAC,CAAC,CAAC,CAAC,CAAC,CAAC,CAAC,CAAC,CAAC,CAAC,CAAC,CAAC,CAAC,CAAC,CAAC,CAAC,CAAC,CAAC,CAAC,CAAC,CAAC,CAAC,CAAC,CAAC,CAAC,CAAC,CAAC,CAAC,CAAC,CAAC,CAAC,CAAC,CAAC,CAAC,CAAC,CAAC,CAAC,CAAC,CAAC,CAAC,CAAC,CAAC,CAAC,CAAC,CAAC,CAAC,CAAC,CAAC,CAAC,CAAC,CAAC,CAAC,CAAC,CAAC,CAAC,CAAC,CAAC,CAAC,CAAC,CAAC,CAAC,CAAC,CAAC,CAAC,CAAC,CAAC,CAAC,CAAC,CAAC,CAAC,CAAC,CAAC,CAAC,CAAC,CAAC,CAAC,CAAC,CAAC,CAAC,CAAC,CAAC,CAAC,CAAC,CAAC,CAAC,CAAC,CAAC,CAAC,CAAC,CAAC;AACnH,CAAC,CAAC,CAAC,CAAC,CAAC,CAAC,CAAC,CAAC,CAAC,CAAC,CAAC,CAAC,CAAC,CAAC,CAAC,CAAC,CAAC,CAAC,CAAC,CAAC,CAAC,CAAC,CAAC,CAAC,CAAC,CAAC,CAAC,CAAC,CAAC,CAAC,CAAC,CAAC,CAAC,CAAC,CAAC,CAAC,CAAC,CAAC,CAAC,CAAC,CAAC;AACzC,CAAC,CAAC,CAAC,CAAC,CAAC,CAAC,CAAC,CAAC,CAAC,CAAC,CAAC,CAAC,CAAC,CAAC,CAAC,CAAC,CAAC;AACjB,CAAC,CAAC,CAAC,CAAC,CAAC,CAAC,CAAC,CAAC,CAAC,CAAC,CAAC,CAAC,CAAC,CAAC,CAAC,CAAC,CAAC,CAAC,CAAC,CAAC,CAAC,CAAC,CAAC,CAAC,CAAC,CAAC,CAAC,CAAC,CAAC,CAAC;AAC9B,CAAC,CAAC,CAAC,CAAC,CAAC,CAAC,CAAC,CAAC,CAAC,CAAC,CAAC,CAAC,CAAC,CAAC,CAAC,CAAC,CAAC,CAAC,CAAC,CAAC,CAAC,CAAC,CAAC,CAAC,CAAC,CAAC;AAC1B,CAAC,CAAC,CAAC,CAAC,CAAC,CAAC,CAAC,CAAC,CAAC,CAAC,CAAC,CAAC,CAAC,CAAC,CAAC,CAAC;AAChB,CAAC,CAAC,CAAC,CAAC,CAAC,CAAC,CAAC,CAAC,CAAC,CAAC,CAAC,CAAC,CAAC,CAAC,CAAC,CAAC,CAAC,CAAC;AAClB,CAAC,CAAC,CAAC,CAAC,CAAC,CAAC,CAAC,CAAC,CAAC,CAAC,CAAC,CAAC,CAAC,CAAC,CAAC,CAAC;AAChB,CAAC,CAAC,CAAC,CAAC,CAAC,CAAC,CAAC,CAAC,CAAC,CAAC,CAAC,CAAC,CAAC,CAAC,CAAC,CAAC,CAAC,CAAC;AAClB,CAAC,CAAC,CAAC,CAAC,CAAC,CAAC,CAAC,CAAC,CAAC,CAAC,CAAC,CAAC,CAAC,CAAC,CAAC;AACf,CAAC,CAAC,CAAC,CAAC,CAAC,CAAC,CAAC,CAAC,CAAC,CAAC,CAAC,CAAC,CAAC,CAAC;AACd,CAAC,CAAC,CAAC,CAAC,CAAC,CAAC,CAAC,CAAC,CAAC,CAAC,CAAC,CAAC,CAAC,CAAC,CAAC,CAAC,CAAC,CAAC,CAAC,CAAC,CAAC,CAAC,CAAC,CAAC,CAAC,CAAC,CAAC,CAAC,CAAC,CAAC,CAAC,CAAC,CAAC,CAAC,CAAC,CAAC,CAAC,CAAC,CAAC,CAAC,CAAC,CAAC,CAAC,CAAC,CAAC,CAAC,CAAC,CAAC,CAAC,CAAC,CAAC,CAAC,CAAC,CAAC,CAAC,CAAC,CAAC,CAAC,CAAC,CAAC,CAAC,CAAC,CAAC,CAAC,CAAC,CAAC,CAAC,CAAC,CAAC,CAAC,CAAC,CAAC,CAAC,CAAC,CAAC,CAAC,CAAC,CAAC,CAAC,CAAC,CAAC,CAAC,CAAC,CAAC,CAAC,CAAC,CAAC,CAAC,CAAC,CAAC,CAAC,CAAC,CAAC,CAAC,CAAC,CAAC,CAAC,CAAC,CAAC,CAAC,CAAC,CAAC,CAAC,CAAC,CAAC,CAAC,CAAC,CAAC,CAAC,CAAC,CAAC,CAAC,CAAC,CAAC,CAAC,CAAC,CAAC,CAAC,CAAC,CAAC;AACxH,CAAC,CAAC,CAAC,CAAC,CAAC,CAAC,CAAC,CAAC,CAAC,CAAC,CAAC,CAAC,CAAC,CAAC,CAAC,CAAC,CAAC,CAAC,CAAC,CAAC,CAAC,CAAC,CAAC,CAAC,CAAC,CAAC,CAAC,CAAC,CAAC,CAAC,CAAC,CAAC,CAAC,CAAC,CAAC,CAAC,CAAC,CAAC,CAAC,CAAC,CAAC,CAAC,CAAC,CAAC,CAAC,CAAC;AAC9C,CAAC,CAAC,CAAC,CAAC,CAAC,CAAC,CAAC,CAAC,CAAC,CAAC,CAAC;AACX,CAAC,CAAC,CAAC,CAAC,CAAC,CAAC,CAAC;AACP,CAAC,CAAC,CAAC,CAAC,CAAC,CAAC,CAAC,CAAC,CAAC,CAAC,CAAC,CAAC,CAAC,CAAC,CAAC,CAAC,CAAC,CAAC,CAAC,CAAC,CAAC,CAAC,CAAC,CAAC,CAAC,CAAC,CAAC,CAAC,CAAC,CAAC,CAAC,CAAC,CAAC,CAAC,CAAC,CAAC,CAAC,CAAC,CAAC,CAAC,CAAC,CAAC,CAAC,CAAC,CAAC,CAAC,CAAC,CAAC,CAAC,CAAC,CAAC,CAAC,CAAC,CAAC,CAAC,CAAC,CAAC;AACzD,CAAC,CAAC,CAAC,CAAC,CAAC,CAAC,CAAC,CAAC,CAAC,CAAC,CAAC,CAAC,CAAC,CAAC,CAAC,CAAC,CAAC,CAAC,CAAC,CAAC,CAAC,CAAC,CAAC,CAAC,CAAC,CAAC,CAAC,CAAC,CAAC,CAAC,CAAC,CAAC,CAAC,CAAC,CAAC,CAAC;AACpC,CAAC,CAAC,CAAC,CAAC,CAAC,CAAC,CAAC,CAAC,CAAC,CAAC,CAAC,CAAC,CAAC,CAAC,CAAC,CAAC,CAAC,CAAC,CAAC,CAAC,CAAC,CAAC,CAAC,CAAC,CAAC,CAAC,CAAC,CAAC,CAAC,CAAC,CAAC;AAC/B,CAAC,CAAC,CAAC,CAAC,CAAC,CAAC,CAAC,CAAC,CAAC,CAAC,CAAC,CAAC,CAAC,CAAC,CAAC,CAAC,CAAC,CAAC,CAAC,CAAC,CAAC,CAAC,CAAC,CAAC,CAAC,CAAC,CAAC,CAAC,CAAC,CAAC,CAAC,CAAC,CAAC;AACjC,CAAC,CAAC,CAAC,CAAC,CAAC,CAAC,CAAC,CAAC,CAAC,CAAC,CAAC,CAAC,CAAC,CAAC,CAAC,CAAC,CAAC,CAAC;AAClB,CAAC,CAAC,CAAC,CAAC,CAAC,CAAC,CAAC,CAAC,CAAC,CAAC,CAAC,CAAC,CAAC,CAAC,CAAC,CAAC,CAAC,CAAC,CAAC,CAAC,CAAC,CAAC,CAAC,CAAC,CAAC,CAAC,CAAC,CAAC,CAAC,CAAC,CAAC,CAAC,CAAC,CAAC,CAAC,CAAC,CAAC,CAAC,CAAC,CAAC,CAAC,CAAC,CAAC,CAAC,CAAC,CAAC,CAAC,CAAC,CAAC,CAAC,CAAC,CAAC,CAAC,CAAC,CAAC,CAAC,CAAC,CAAC,CAAC,CAAC,CAAC,CAAC,CAAC,CAAC,CAAC,CAAC,CAAC,CAAC,CAAC,CAAC,CAAC,CAAC;AACxE,CAAC,CAAC,CAAC,CAAC,CAAC,CAAC,CAAC,CAAC,CAAC,CAAC,CAAC,CAAC,CAAC,CAAC,CAAC,CAAC,CAAC,CAAC,CAAC,CAAC,CAAC,CAAC,CAAC,CAAC,CAAC,CAAC,CAAC,CAAC,CAAC,CAAC,CAAC,CAAC,CAAC,CAAC,CAAC,CAAC,CAAC,CAAC,CAAC,CAAC,CAAC,CAAC,CAAC,CAAC,CAAC;AAC7C,CAAC,CAAC,CAAC,CAAC,CAAC,CAAC,CAAC,CAAC,CAAC,CAAC,CAAC,CAAC,CAAC,CAAC,CAAC,CAAC,CAAC,CAAC,CAAC,CAAC,CAAC,CAAC,CAAC,CAAC,CAAC,CAAC;AAC1B,CAAC,CAAC,CAAC,CAAC,CAAC,CAAC,CAAC,CAAC,CAAC,CAAC,CAAC,CAAC,CAAC,CAAC,CAAC,CAAC,CAAC,CAAC,CAAC,CAAC,CAAC,CAAC,CAAC,CAAC,CAAC,CAAC,CAAC,CAAC,CAAC,CAAC,CAAC,CAAC,CAAC,CAAC,CAAC,CAAC,CAAC,CAAC,CAAC,CAAC,CAAC,CAAC,CAAC,CAAC,CAAC,CAAC,CAAC,CAAC,CAAC,CAAC,CAAC,CAAC,CAAC,CAAC,CAAC,CAAC,CAAC,CAAC,CAAC,CAAC;AAC5D,CAAC,CAAC,CAAC,CAAC,CAAC,CAAC,CAAC,CAAC,CAAC,CAAC,CAAC,CAAC,CAAC,CAAC,CAAC,CAAC,CAAC,CAAC,CAAC,CAAC,CAAC,CAAC,CAAC,CAAC,CAAC,CAAC,CAAC,CAAC,CAAC,CAAC,CAAC,CAAC,CAAC,CAAC,CAAC,CAAC,CAAC,CAAC,CAAC,CAAC;AACxC,CAAC,CAAC,CAAC,CAAC,CAAC,CAAC,CAAC,CAAC,CAAC,CAAC,CAAC,CAAC,CAAC,CAAC,CAAC,CAAC,CAAC,CAAC,CAAC,CAAC,CAAC,CAAC,CAAC,CAAC,CAAC,CAAC,CAAC,CAAC,CAAC,CAAC,CAAC,CAAC,CAAC,CAAC,CAAC,CAAC,CAAC,CAAC,CAAC,CAAC,CAAC,CAAC,CAAC,CAAC,CAAC,CAAC,CAAC,CAAC,CAAC,CAAC,CAAC,CAAC,CAAC,CAAC,CAAC,CAAC,CAAC,CAAC,CAAC,CAAC,CAAC,CAAC,CAAC,CAAC,CAAC,CAAC,CAAC,CAAC,CAAC,CAAC,CAAC,CAAC,CAAC,CAAC,CAAC,CAAC,CAAC,CAAC,CAAC;AAC/E,CAAC,CAAC,CAAC,CAAC,CAAC,CAAC,CAAC,CAAC,CAAC,CAAC,CAAC,CAAC,CAAC,CAAC,CAAC,CAAC,CAAC,CAAC,CAAC,CAAC,CAAC,CAAC,CAAC,CAAC,CAAC,CAAC;AAC1B,CAAC,CAAC,CAAC,CAAC,CAAC,CAAC,CAAC,CAAC,CAAC,CAAC,CAAC,CAAC,CAAC,CAAC,CAAC,CAAC,CAAC,CAAC,CAAC,CAAC,CAAC,CAAC,CAAC;AACvB,CAAC,CAAC,CAAC,CAAC,CAAC,CAAC,CAAC,CAAC,CAAC,CAAC,CAAC,CAAC,CAAC,CAAC,CAAC,CAAC,CAAC,CAAC,CAAC,CAAC,CAAC,CAAC,CAAC,CAAC,CAAC,CAAC,CAAC,CAAC,CAAC,CAAC,CAAC,CAAC,CAAC,CAAC,CAAC,CAAC;AACpC,CAAC,CAAC,CAAC,CAAC,CAAC,CAAC,CAAC,CAAC,CAAC,CAAC,CAAC,CAAC,CAAC,CAAC,CAAC,CAAC,CAAC,CAAC,CAAC,CAAC,CAAC,CAAC,CAAC,CAAC,CAAC,CAAC,CAAC,CAAC;AAC5B,CAAC,CAAC,CAAC,CAAC,CAAC,CAAC,CAAC,CAAC,CAAC,CAAC,CAAC,CAAC,CAAC,CAAC,CAAC,CAAC,CAAC,CAAC,CAAC,CAAC,CAAC,CAAC,CAAC,CAAC,CAAC,CAAC,CAAC,CAAC,CAAC,CAAC,CAAC,CAAC,CAAC,CAAC,CAAC,CAAC;AACpC,CAAC,CAAC,CAAC,CAAC,CAAC,CAAC,CAAC,CAAC,CAAC,CAAC,CAAC,CAAC,CAAC,CAAC,CAAC,CAAC,CAAC,CAAC,CAAC,CAAC,CAAC,CAAC,CAAC,CAAC,CAAC,CAAC,CAAC,CAAC,CAAC,CAAC,CAAC,CAAC,CAAC,CAAC,CAAC,CAAC,CAAC;AACrC,CAAC,CAAC,CAAC,CAAC,CAAC,CAAC,CAAC,CAAC,CAAC,CAAC,CAAC,CAAC,CAAC,CAAC,CAAC,CAAC,CAAC,CAAC,CAAC,CAAC,CAAC,CAAC,CAAC,CAAC,CAAC,CAAC,CAAC,CAAC,CAAC,CAAC,CAAC,CAAC,CAAC,CAAC,CAAC,CAAC,CAAC,CAAC,CAAC,CAAC,CAAC,CAAC,CAAC,CAAC,CAAC;AAC7C,CAAC,CAAC,CAAC,CAAC,CAAC,CAAC,CAAC,CAAC,CAAC,CAAC,CAAC,CAAC,CAAC,CAAC,CAAC,CAAC,CAAC,CAAC,CAAC,CAAC,CAAC,CAAC,CAAC,CAAC,CAAC,CAAC,CAAC,CAAC,CAAC,CAAC,CAAC,CAAC,CAAC,CAAC,CAAC,CAAC,CAAC,CAAC,CAAC,CAAC,CAAC,CAAC,CAAC,CAAC;AAC5C,CAAC,CAAC,CAAC,CAAC,CAAC,CAAC,CAAC,CAAC,CAAC,CAAC,CAAC,CAAC,CAAC,CAAC,CAAC,CAAC,CAAC,CAAC,CAAC,CAAC,CAAC,CAAC,CAAC,CAAC,CAAC,CAAC;AAC1B,CAAC,CAAC,CAAC,CAAC,CAAC,CAAC,CAAC,CAAC,CAAC,CAAC,CAAC,CAAC,CAAC,CAAC,CAAC,CAAC,CAAC,CAAC,CAAC,CAAC,CAAC,CAAC,CAAC,CAAC,CAAC,CAAC,CAAC,CAAC;AAC5B,CAAC,CAAC,CAAC,CAAC,CAAC,CAAC,CAAC,CAAC,CAAC,CAAC,CAAC,CAAC,CAAC,CAAC,CAAC,CAAC,CAAC,CAAC,CAAC,CAAC,CAAC,CAAC,CAAC,CAAC,CAAC,CAAC,CAAC,CAAC,CAAC,CAAC,CAAC,CAAC,CAAC,CAAC,CAAC,CAAC,CAAC,CAAC,CAAC,CAAC,CAAC,CAAC,CAAC,CAAC,CAAC,CAAC,CAAC,CAAC,CAAC,CAAC,CAAC,CAAC,CAAC,CAAC,CAAC,CAAC,CAAC,CAAC,CAAC,CAAC;AAC5D,CAAC,CAAC,CAAC,CAAC,CAAC,CAAC,CAAC,CAAC,CAAC,CAAC,CAAC,CAAC,CAAC,CAAC,CAAC,CAAC,CAAC,CAAC,CAAC,CAAC,CAAC,CAAC,CAAC,CAAC,CAAC,CAAC,CAAC,CAAC,CAAC,CAAC,CAAC,CAAC,CAAC,CAAC,CAAC,CAAC,CAAC,CAAC,CAAC,CAAC,CAAC,CAAC;AAC1C,CAAC,CAAC,CAAC,CAAC,CAAC,CAAC,CAAC,CAAC,CAAC,CAAC,CAAC,CAAC,CAAC,CAAC,CAAC,CAAC,CAAC,CAAC,CAAC,CAAC,CAAC,CAAC,CAAC,CAAC,CAAC,CAAC,CAAC,CAAC,CAAC,CAAC,CAAC,CAAC,CAAC,CAAC,CAAC,CAAC,CAAC,CAAC,CAAC,CAAC,CAAC,CAAC,CAAC,CAAC,CAAC,CAAC,CAAC,CAAC;AAChD,CAAC,CAAC,CAAC,CAAC,CAAC,CAAC,CAAC,CAAC,CAAC,CAAC,CAAC,CAAC,CAAC,CAAC,CAAC,CAAC,CAAC,CAAC,CAAC,CAAC,CAAC,CAAC,CAAC,CAAC,CAAC,CAAC,CAAC,CAAC,CAAC,CAAC,CAAC,CAAC,CAAC,CAAC,CAAC,CAAC,CAAC,CAAC,CAAC,CAAC,CAAC,CAAC,CAAC,CAAC,CAAC,CAAC,CAAC;AAC/C,CAAC,CAAC,CAAC,CAAC,CAAC,CAAC,CAAC,CAAC,CAAC,CAAC,CAAC,CAAC,CAAC,CAAC,CAAC,CAAC,CAAC,CAAC,CAAC,CAAC,CAAC,CAAC,CAAC,CAAC,CAAC,CAAC,CAAC,CAAC,CAAC,CAAC,CAAC,CAAC,CAAC,CAAC,CAAC,CAAC,CAAC,CAAC;AACtC,CAAC,CAAC,CAAC,CAAC,CAAC,CAAC,CAAC,CAAC,CAAC,CAAC,CAAC,CAAC,CAAC,CAAC,CAAC,CAAC,CAAC,CAAC,CAAC,CAAC,CAAC,CAAC,CAAC,CAAC,CAAC,CAAC,CAAC,CAAC,CAAC,CAAC,CAAC,CAAC,CAAC,CAAC,CAAC,CAAC,CAAC,CAAC,CAAC,CAAC,CAAC,CAAC,CAAC,CAAC,CAAC,CAAC,CAAC,CAAC,CAAC,CAAC;AAClD,CAAC,CAAC,CAAC,CAAC,CAAC,CAAC,CAAC,CAAC,CAAC,CAAC,CAAC,CAAC,CAAC,CAAC,CAAC,CAAC,CAAC,CAAC,CAAC,CAAC,CAAC,CAAC,CAAC,CAAC,CAAC,CAAC,CAAC,CAAC,CAAC,CAAC,CAAC,CAAC,CAAC,CAAC,CAAC,CAAC,CAAC,CAAC,CAAC,CAAC,CAAC,CAAC,CAAC,CAAC,CAAC,CAAC,CAAC,CAAC,CAAC,CAAC,CAAC,CAAC,CAAC,CAAC,CAAC,CAAC,CAAC,CAAC,CAAC,CAAC,CAAC,CAAC,CAAC,CAAC,CAAC,CAAC,CAAC,CAAC,CAAC,CAAC,CAAC,CAAC,CAAC,CAAC,CAAC,CAAC,CAAC,CAAC,CAAC,CAAC,CAAC,CAAC,CAAC,CAAC,CAAC,CAAC,CAAC,CAAC,CAAC,CAAC,CAAC,CAAC,CAAC,CAAC,CAAC,CAAC,CAAC,CAAC,CAAC,CAAC,CAAC,CAAC,CAAC,CAAC,CAAC,CAAC;AAC1G,CAAC,CAAC,CAAC,CAAC,CAAC,CAAC,CAAC,CAAC,CAAC,CAAC,CAAC,CAAC,CAAC,CAAC,CAAC,CAAC,CAAC,CAAC,CAAC,CAAC,CAAC,CAAC,CAAC,CAAC,CAAC,CAAC,CAAC,CAAC,CAAC,CAAC,CAAC,CAAC,CAAC,CAAC,CAAC,CAAC,CAAC,CAAC,CAAC,CAAC,CAAC,CAAC,CAAC,CAAC,CAAC,CAAC,CAAC,CAAC,CAAC,CAAC,CAAC,CAAC,CAAC,CAAC,CAAC,CAAC,CAAC,CAAC,CAAC,CAAC,CAAC,CAAC,CAAC,CAAC,CAAC,CAAC,CAAC,CAAC,CAAC,CAAC,CAAC,CAAC,CAAC,CAAC,CAAC,CAAC,CAAC,CAAC,CAAC,CAAC,CAAC,CAAC,CAAC,CAAC,CAAC,CAAC,CAAC,CAAC,CAAC,CAAC,CAAC,CAAC,CAAC,CAAC,CAAC,CAAC,CAAC,CAAC,CAAC,CAAC,CAAC,CAAC,CAAC,CAAC,CAAC,CAAC,CAAC,CAAC,CAAC,CAAC,CAAC,CAAC;AAChH,CAAC,CAAC,CAAC,CAAC,CAAC,CAAC,CAAC,CAAC,CAAC,CAAC,CAAC,CAAC,CAAC,CAAC,CAAC,CAAC,CAAC,CAAC,CAAC,CAAC,CAAC,CAAC,CAAC,CAAC,CAAC,CAAC,CAAC,CAAC,CAAC,CAAC,CAAC,CAAC,CAAC,CAAC,CAAC,CAAC,CAAC,CAAC,CAAC,CAAC,CAAC,CAAC,CAAC,CAAC,CAAC,CAAC,CAAC,CAAC;AAChD,CAAC,CAAC,CAAC,CAAC,CAAC,CAAC,CAAC,CAAC,CAAC,CAAC,CAAC,CAAC,CAAC,CAAC,CAAC,CAAC,CAAC,CAAC,CAAC,CAAC,CAAC,CAAC,CAAC,CAAC,CAAC,CAAC,CAAC,CAAC,CAAC,CAAC,CAAC,CAAC,CAAC,CAAC,CAAC;AACnC,CAAC,CAAC,CAAC,CAAC,CAAC,CAAC,CAAC,CAAC,CAAC,CAAC,CAAC,CAAC,CAAC,CAAC,CAAC,CAAC,CAAC,CAAC,CAAC,CAAC,CAAC,CAAC,CAAC,CAAC,CAAC,CAAC,CAAC,CAAC,CAAC,CAAC,CAAC;AAC/B,CAAC,CAAC,CAAC,CAAC,CAAC,CAAC,CAAC,CAAC,CAAC,CAAC,CAAC,CAAC,CAAC,CAAC,CAAC,CAAC,CAAC,CAAC,CAAC,CAAC,CAAC,CAAC,CAAC,CAAC,CAAC,CAAC,CAAC,CAAC,CAAC,CAAC,CAAC,CAAC,CAAC,CAAC,CAAC,CAAC,CAAC,CAAC,CAAC,CAAC,CAAC,CAAC,CAAC,CAAC;AAC5C,CAAC,CAAC,CAAC,CAAC,CAAC,CAAC,CAAC,CAAC,CAAC,CAAC,CAAC,CAAC,CAAC,CAAC,CAAC,CAAC,CAAC,CAAC,CAAC,CAAC,CAAC,CAAC,CAAC,CAAC,CAAC,CAAC,CAAC,CAAC,CAAC,CAAC,CAAC,CAAC,CAAC,CAAC,CAAC,CAAC,CAAC,CAAC,CAAC,CAAC;AACxC,CAAC,CAAC,CAAC,CAAC,CAAC,CAAC,CAAC,CAAC,CAAC,CAAC,CAAC,CAAC,CAAC,CAAC,CAAC,CAAC,CAAC,CAAC,CAAC,CAAC,CAAC,CAAC,CAAC,CAAC,CAAC,CAAC,CAAC,CAAC,CAAC,CAAC;AAC9B,CAAC,CAAC,CAAC,CAAC,CAAC,CAAC,CAAC,CAAC,CAAC,CAAC,CAAC,CAAC,CAAC,CAAC,CAAC,CAAC,CAAC,CAAC,CAAC,CAAC,CAAC,CAAC,CAAC,CAAC,CAAC,CAAC,CAAC,CAAC,CAAC,CAAC,CAAC,CAAC;AAChC,CAAC,CAAC,CAAC,CAAC,CAAC,CAAC,CAAC,CAAC,CAAC,CAAC,CAAC,CAAC,CAAC,CAAC,CAAC,CAAC,CAAC,CAAC,CAAC,CAAC,CAAC,CAAC,CAAC,CAAC,CAAC,CAAC,CAAC,CAAC,CAAC,CAAC;AAC9B,CAAC,CAAC,CAAC,CAAC,CAAC,CAAC,CAAC,CAAC,CAAC,CAAC,CAAC,CAAC,CAAC,CAAC,CAAC,CAAC,CAAC,CAAC,CAAC,CAAC,CAAC,CAAC,CAAC,CAAC,CAAC,CAAC,CAAC,CAAC,CAAC;AAC7B,CAAC,CAAC,CAAC,CAAC,CAAC,CAAC,CAAC,CAAC,CAAC,CAAC,CAAC,CAAC,CAAC,CAAC,CAAC,CAAC,CAAC,CAAC,CAAC,CAAC,CAAC,CAAC,CAAC,CAAC,CAAC,CAAC;AAC1B,CAAC,CAAC,CAAC,CAAC,CAAC,CAAC,CAAC,CAAC,CAAC,CAAC,CAAC,CAAC,CAAC,CAAC,CAAC,CAAC,CAAC,CAAC,CAAC,CAAC,CAAC,CAAC,CAAC,CAAC,CAAC;AACzB,CAAC,CAAC,CAAC,CAAC,CAAC,CAAC,CAAC,CAAC,CAAC,CAAC,CAAC,CAAC,CAAC,CAAC,CAAC,CAAC,CAAC,CAAC,CAAC,CAAC,CAAC,CAAC,CAAC,CAAC,CAAC,CAAC,CAAC,CAAC,CAAC,CAAC,CAAC,CAAC,CAAC,CAAC,CAAC,CAAC,CAAC,CAAC,CAAC,CAAC,CAAC,CAAC,CAAC,CAAC,CAAC,CAAC,CAAC,CAAC,CAAC,CAAC,CAAC,CAAC,CAAC;AACrD,CAAC,CAAC,CAAC,CAAC,CAAC,CAAC,CAAC,CAAC,CAAC,CAAC,CAAC,CAAC,CAAC,CAAC,CAAC,CAAC,CAAC,CAAC,CAAC,CAAC,CAAC,CAAC,CAAC,CAAC,CAAC,CAAC,CAAC,CAAC,CAAC,CAAC,CAAC,CAAC,CAAC,CAAC,CAAC,CAAC,CAAC,CAAC,CAAC,CAAC,CAAC,CAAC,CAAC,CAAC,CAAC,CAAC,CAAC,CAAC,CAAC,CAAC,CAAC,CAAC,CAAC,CAAC,CAAC,CAAC,CAAC,CAAC;AAC1D,CAAC,CAAC,CAAC,CAAC,CAAC,CAAC,CAAC,CAAC,CAAC,CAAC,CAAC,CAAC,CAAC,CAAC,CAAC,CAAC,CAAC,CAAC,CAAC,CAAC,CAAC,CAAC,CAAC,CAAC,CAAC,CAAC,CAAC,CAAC,CAAC,CAAC;AAC9B,CAAC,CAAC,CAAC,CAAC,CAAC,CAAC,CAAC,CAAC,CAAC,CAAC,CAAC,CAAC,CAAC,CAAC,CAAC,CAAC,CAAC,CAAC,CAAC,CAAC,CAAC,CAAC,CAAC,CAAC,CAAC,CAAC,CAAC,CAAC,CAAC,CAAC,CAAC,CAAC,CAAC,CAAC,CAAC,CAAC,CAAC,CAAC,CAAC,CAAC,CAAC,CAAC,CAAC,CAAC,CAAC,CAAC,CAAC,CAAC,CAAC,CAAC,CAAC,CAAC,CAAC,CAAC,CAAC,CAAC,CAAC,CAAC,CAAC,CAAC,CAAC,CAAC;AAC9D,CAAC,CAAC,CAAC,CAAC,CAAC,CAAC,CAAC,CAAC,CAAC,CAAC,CAAC,CAAC,CAAC,CAAC,CAAC,CAAC,CAAC,CAAC,CAAC,CAAC,CAAC,CAAC,CAAC,CAAC,CAAC,CAAC,CAAC,CAAC,CAAC,CAAC,CAAC,CAAC,CAAC,CAAC,CAAC,CAAC,CAAC,CAAC,CAAC,CAAC,CAAC,CAAC,CAAC,CAAC,CAAC,CAAC,CAAC,CAAC,CAAC,CAAC,CAAC,CAAC,CAAC,CAAC,CAAC,CAAC,CAAC,CAAC,CAAC,CAAC,CAAC,CAAC,CAAC,CAAC,CAAC,CAAC,CAAC,CAAC,CAAC,CAAC,CAAC,CAAC,CAAC;AACzE,CAAC,CAAC,CAAC,CAAC,CAAC,CAAC,CAAC,CAAC,CAAC,CAAC,CAAC,CAAC,CAAC,CAAC,CAAC,CAAC,CAAC,CAAC,CAAC,CAAC,CAAC,CAAC,CAAC,CAAC,CAAC,CAAC,CAAC,CAAC,CAAC,CAAC,CAAC,CAAC,CAAC,CAAC,CAAC,CAAC,CAAC,CAAC,CAAC,CAAC;AACxC,CAAC,CAAC,CAAC,CAAC,CAAC,CAAC,CAAC,CAAC,CAAC,CAAC,CAAC,CAAC,CAAC,CAAC,CAAC,CAAC,CAAC,CAAC,CAAC,CAAC,CAAC,
[...]
C7L,CAAC,CAAC,CAAC,CAAC,CAAC,CAAC,CAAC,CAAC,CAAC,CAAC,CAAC,CAAC,CAAC,CAAC,CAAC,CAAC;AAChB,CAAC,CAAC,CAAC,CAAC,CAAC,CAAC,CAAC,CAAC,CAAC,CAAC,CAAC,CAAC,CAAC,CAAC,CAAC;AACf,CAAC,CAAC,CAAC,CAAC,CAAC,CAAC,CAAC,CAAC,CAAC,CAAC,CAAC,CAAC;AACZ,CAAC,CAAC,CAAC,CAAC,CAAC,CAAC,CAAC,CAAC,CAAC,CAAC;AACV,CAAC,CAAC,CAAC,CAAC,CAAC,CAAC,CAAC,CAAC,CAAC,CAAC,CAAC,CAAC,CAAC,CAAC,CAAC,CAAC,CAAC,CAAC,CAAC,CAAC,CAAC,CAAC,CAAC,CAAC,CAAC;AACzB,CAAC,CAAC,CAAC,CAAC,CAAC,CAAC,CAAC,CAAC,CAAC,CAAC,CAAC,CAAC,CAAC,CAAC,CAAC,CAAC,CAAC,CAAC,CAAC,CAAC,CAAC,CAAC,CAAC,CAAC,CAAC,CAAC,CAAC,CAAC,CAAC,CAAC,CAAC,CAAC,CAAC,CAAC,CAAC,CAAC,CAAC;AACrC,CAAC,CAAC,CAAC,CAAC,CAAC,CAAC,CAAC,CAAC,CAAC,CAAC,CAAC,CAAC,CAAC,CAAC,CAAC,CAAC,CAAC,CAAC,CAAC,CAAC,CAAC,CAAC,CAAC;AACvB,CAAC,CAAC,CAAC,CAAC,CAAC,CAAC,CAAC,CAAC,CAAC,CAAC,CAAC,CAAC,CAAC,CAAC,CAAC,CAAC,CAAC,CAAC,CAAC,CAAC,CAAC,CAAC,CAAC,CAAC,CAAC,CAAC,CAAC,CAAC,CAAC,CAAC,CAAC,CAAC,CAAC,CAAC,CAAC,CAAC,CAAC,CAAC,CAAC,CAAC,CAAC,CAAC,CAAC;AAC3C,CAAC,CAAC,CAAC,CAAC,CAAC,CAAC,CAAC,CAAC,CAAC,CAAC,CAAC,CAAC,CAAC,CAAC,CAAC,CAAC,CAAC,CAAC,CAAC,CAAC,CAAC,CAAC,CAAC,CAAC,CAAC,CAAC,CAAC,CAAC;AAC5B,CAAC,CAAC,CAAC,CAAC,CAAC,CAAC,CAAC,CAAC,CAAC,CAAC,CAAC,CAAC,CAAC,CAAC,CAAC,CAAC,CAAC;AACjB,CAAC,CAAC,CAAC,CAAC,CAAC,CAAC,CAAC,CAAC,CAAC,CAAC,CAAC,CAAC,CAAC,CAAC,CAAC,CAAC,CAAC,CAAC,CAAC,CAAC,CAAC,CAAC,CAAC,CAAC,CAAC,CAAC,CAAC,CAAC,CAAC,CAAC,CAAC,CAAC,CAAC,CAAC,CAAC,CAAC,CAAC,CAAC,CAAC,CAAC,CAAC,CAAC,CAAC,CAAC,CAAC,CAAC,CAAC,CAAC,CAAC,CAAC,CAAC,CAAC,CAAC,CAAC,CAAC,CAAC,CAAC,CAAC,CAAC,CAAC,CAAC;AAC7D,CAAC,CAAC,CAAC,CAAC,CAAC,CAAC,CAAC,CAAC,CAAC,CAAC,CAAC,CAAC,CAAC,CAAC,CAAC,CAAC,CAAC,CAAC,CAAC,CAAC,CAAC,CAAC,CAAC,CAAC,CAAC,CAAC,CAAC,CAAC,CAAC,CAAC,CAAC;AAC/B,CAAC,CAAC,CAAC,CAAC,CAAC,CAAC,CAAC,CAAC,CAAC,CAAC,CAAC,CAAC,CAAC,CAAC,CAAC,CAAC,CAAC,CAAC,CAAC,CAAC,CAAC,CAAC,CAAC,CAAC,CAAC,CAAC,CAAC,CAAC,CAAC,CAAC,CAAC,CAAC,CAAC,CAAC,CAAC,CAAC,CAAC,CAAC,CAAC,CAAC,CAAC,CAAC,CAAC,CAAC,CAAC,CAAC,CAAC,CAAC,CAAC,CAAC,CAAC,CAAC,CAAC,CAAC,CAAC,CAAC,CAAC,CAAC,CAAC;AAC3D,CAAC,CAAC,CAAC,CAAC,CAAC,CAAC,CAAC,CAAC,CAAC,CAAC,CAAC,CAAC,CAAC,CAAC,CAAC,CAAC,CAAC,CAAC,CAAC,CAAC,CAAC,CAAC,CAAC,CAAC,CAAC,CAAC,CAAC,CAAC,CAAC,CAAC,CAAC,CAAC,CAAC,CAAC,CAAC,CAAC,CAAC,CAAC,CAAC,CAAC,CAAC;AACzC,CAAC,CAAC,CAAC,CAAC,CAAC,CAAC,CAAC,CAAC,CAAC,CAAC,CAAC,CAAC,CAAC,CAAC,CAAC;AACf,CAAC,CAAC,CAAC,CAAC,CAAC,CAAC,CAAC,CAAC,CAAC,CAAC,CAAC,CAAC,CAAC,CAAC,CAAC,CAAC,CAAC,CAAC,CAAC,CAAC,CAAC,CAAC,CAAC,CAAC,CAAC;AACzB,CAAC,CAAC,CAAC,CAAC,CAAC,CAAC,CAAC,CAAC,CAAC,CAAC,CAAC,CAAC,CAAC,CAAC,CAAC,CAAC,CAAC,CAAC,CAAC,CAAC,CAAC,CAAC,CAAC;AACvB,CAAC,CAAC,CAAC,CAAC,CAAC,CAAC,CAAC,CAAC,CAAC,CAAC,CAAC,CAAC,CAAC,CAAC,CAAC,CAAC,CAAC,CAAC,CAAC,CAAC,CAAC,CAAC,CAAC;AACvB,CAAC,CAAC,CAAC,CAAC,CAAC,CAAC,CAAC,CAAC,CAAC,CAAC,CAAC,CAAC,CAAC,CAAC,CAAC,CAAC,CAAC,CAAC,CAAC,CAAC,CAAC,CAAC,CAAC,CAAC,CAAC,CAAC,CAAC,CAAC,CAAC,CAAC,CAAC,CAAC,CAAC,CAAC,CAAC,CAAC,CAAC,CAAC,CAAC,CAAC,CAAC,CAAC,CAAC,CAAC,CAAC,CAAC,CAAC,CAAC,CAAC,CAAC,CAAC,CAAC,CAAC,CAAC,CAAC,CAAC,CAAC,CAAC,CAAC,CAAC,CAAC,CAAC,CAAC,CAAC,CAAC,CAAC,CAAC,CAAC,CAAC,CAAC,CAAC,CAAC,CAAC,CAAC,CAAC,CAAC,CAAC,CAAC,CAAC,CAAC,CAAC,CAAC,CAAC,CAAC,CAAC,CAAC,CAAC,CAAC,CAAC,CAAC,CAAC,CAAC,CAAC,CAAC,CAAC,CAAC,CAAC,CAAC,CAAC,CAAC,CAAC,CAAC,CAAC,CAAC,CAAC,CAAC,CAAC,CAAC,CAAC,CAAC,CAAC,CAAC,CAAC;AACjH,CAAC,CAAC,CAAC,CAAC,CAAC,CAAC,CAAC,CAAC,CAAC,CAAC,CAAC,CAAC,CAAC,CAAC,CAAC,CAAC,CAAC,CAAC,CAAC,CAAC,CAAC,CAAC,CAAC,CAAC,CAAC,CAAC,CAAC,CAAC,CAAC,CAAC,CAAC,CAAC,CAAC,CAAC,CAAC,CAAC,CAAC,CAAC;AACtC,CAAC,CAAC,CAAC,CAAC,CAAC,CAAC,CAAC,CAAC,CAAC,CAAC,CAAC,CAAC,CAAC,CAAC,CAAC,CAAC,CAAC,CAAC;AAClB,CAAC,CAAC,CAAC,CAAC,CAAC,CAAC,CAAC,CAAC,CAAC,CAAC,CAAC,CAAC,CAAC,CAAC,CAAC;AACf,CAAC,CAAC,CAAC,CAAC,CAAC,CAAC,CAAC,CAAC,CAAC,CAAC,CAAC,CAAC,CAAC,CAAC,CAAC,CAAC;AAChB,CAAC,CAAC,CAAC,CAAC,CAAC,CAAC,CAAC,CAAC,CAAC,CAAC,CAAC,CAAC;AACZ,CAAC,CAAC,CAAC,CAAC,CAAC,CAAC,CAAC,CAAC,CAAC,CAAC;AACV,CAAC,CAAC,CAAC,CAAC,CAAC,CAAC,CAAC,CAAC,CAAC,CAAC,CAAC,CAAC;AACZ,CAAC,CAAC,CAAC,CAAC,CAAC,CAAC,CAAC,CAAC,CAAC,CAAC;AACV,CAAC,CAAC,CAAC,CAAC;AACJ,CAAC,CAAC;"
    },
    "_coverageSchema": "1a1c01bbd47fc00a2c39e90264f33305004495a9",
    "hash": "d4a1331ff2c90a4197c8fda472f28f7bc3487c80"
  },
  "/home/mamali/repos/github.com/api-deriv-com-solidjs/src/Pages/Docs/FAQ/index.ts": {
    "path": "/home/mamali/repos/github.com/api-deriv-com-solidjs/src/Pages/Docs/FAQ/index.ts",
    "statementMap": {},
    "fnMap": {},
    "branchMap": {},
    "s": {},
    "f": {},
    "b": {},
    "inputSourceMap": {
      "version": 3,
      "sources": [
        "/home/mamali/repos/github.com/api-deriv-com-solidjs/src/Pages/Docs/FAQ/index.ts"
      ],
      "sourcesContent": [
        "import { Faq } from \"./Faq\";\n\nexport default Faq;\n"
      ],
      "mappings": "AAAA;AAEA,eAAe;",
      "names": []
    },
    "_coverageSchema": "1a1c01bbd47fc00a2c39e90264f33305004495a9",
    "hash": "72985c84a5bcf34d02c786bf67ce6f1b7b8c26c9"
  },
  "/home/mamali/repos/github.com/api-deriv-com-solidjs/src/Pages/Docs/Docs.tsx": {
    "path": "/home/mamali/repos/github.com/api-deriv-com-solidjs/src/Pages/Docs/Docs.tsx",
    "statementMap": {
      "0": {
        "start": {
          "line": 5,
          "column": 15
        },
        "end": {
          "line": 5,
          "column": 123
        }
      },
      "1": {
        "start": {
          "line": 6,
          "column": 16
        },
        "end": {
          "line": 6,
          "column": 47
        }
      },
      "2": {
        "start": {
          "line": 13,
          "column": 20
        },
        "end": {
          "line": 57,
          "column": 1
        }
      },
      "3": {
        "start": {
          "line": 14,
          "column": 19
        },
        "end": {
          "line": 14,
          "column": 32
        }
      },
      "4": {
        "start": {
          "line": 15,
          "column": 19
        },
        "end": {
          "line": 15,
          "column": 54
        }
      },
      "5": {
        "start": {
          "line": 15,
          "column": 36
        },
        "end": {
          "line": 15,
          "column": 53
        }
      },
      "6": {
        "start": {
          "line": 16,
          "column": 2
        },
        "end": {
          "line": 18,
          "column": 5
        }
      },
      "7": {
        "start": {
          "line": 17,
          "column": 4
        },
        "end": {
          "line": 17,
          "column": 28
        }
      },
      "8": {
        "start": {
          "line": 19,
          "column": 2
        },
        "end": {
          "line": 56,
          "column": 7
        }
      },
      "9": {
        "start": {
          "line": 20,
          "column": 17
        },
        "end": {
          "line": 20,
          "column": 39
        }
      },
      "10": {
        "start": {
          "line": 22,
          "column": 4
        },
        "end": {
          "line": 22,
          "column": 51
        }
      },
      "11": {
        "start": {
          "line": 24,
          "column": 4
        },
        "end": {
          "line": 24,
          "column": 57
        }
      },
      "12": {
        "start": {
          "line": 26,
          "column": 4
        },
        "end": {
          "line": 53,
          "column": 14
        }
      },
      "13": {
        "start": {
          "line": 28,
          "column": 8
        },
        "end": {
          "line": 28,
          "column": 39
        }
      },
      "14": {
        "start": {
          "line": 32,
          "column": 8
        },
        "end": {
          "line": 50,
          "column": 12
        }
      },
      "15": {
        "start": {
          "line": 34,
          "column": 12
        },
        "end": {
          "line": 34,
          "column": 43
        }
      },
      "16": {
        "start": {
          "line": 38,
          "column": 12
        },
        "end": {
          "line": 38,
          "column": 53
        }
      },
      "17": {
        "start": {
          "line": 43,
          "column": 12
        },
        "end": {
          "line": 43,
          "column": 46
        }
      },
      "18": {
        "start": {
          "line": 47,
          "column": 12
        },
        "end": {
          "line": 47,
          "column": 46
        }
      },
      "19": {
        "start": {
          "line": 55,
          "column": 4
        },
        "end": {
          "line": 55,
          "column": 16
        }
      }
    },
    "fnMap": {
      "0": {
        "name": "(anonymous_0)",
        "decl": {
          "start": {
            "line": 13,
            "column": 20
          },
          "end": {
            "line": 13,
            "column": 21
          }
        },
        "loc": {
          "start": {
            "line": 13,
            "column": 26
          },
          "end": {
            "line": 57,
            "column": 1
          }
        },
        "line": 13
      },
      "1": {
        "name": "(anonymous_1)",
        "decl": {
          "start": {
            "line": 15,
            "column": 30
          },
          "end": {
            "line": 15,
            "column": 31
          }
        },
        "loc": {
          "start": {
            "line": 15,
            "column": 36
          },
          "end": {
            "line": 15,
            "column": 53
          }
        },
        "line": 15
      },
      "2": {
        "name": "(anonymous_2)",
        "decl": {
          "start": {
            "line": 16,
            "column": 15
          },
          "end": {
            "line": 16,
            "column": 16
          }
        },
        "loc": {
          "start": {
            "line": 16,
            "column": 21
          },
          "end": {
            "line": 18,
            "column": 3
          }
        },
        "line": 16
      },
      "3": {
        "name": "(anonymous_3)",
        "decl": {
          "start": {
            "line": 19,
            "column": 10
          },
          "end": {
            "line": 19,
            "column": 11
          }
        },
        "loc": {
          "start": {
            "line": 19,
            "column": 16
          },
          "end": {
            "line": 56,
            "column": 3
          }
        },
        "line": 19
      },
      "4": {
        "name": "(anonymous_4)",
        "decl": {
          "start": {
            "line": 27,
            "column": 6
          },
          "end": {
            "line": 27,
            "column": 7
          }
        },
        "loc": {
          "start": {
            "line": 27,
            "column": 21
          },
          "end": {
            "line": 29,
            "column": 7
          }
        },
        "line": 27
      },
      "5": {
        "name": "(anonymous_5)",
        "decl": {
          "start": {
            "line": 31,
            "column": 6
          },
          "end": {
            "line": 31,
            "column": 7
          }
        },
        "loc": {
          "start": {
            "line": 31,
            "column": 21
          },
          "end": {
            "line": 51,
            "column": 7
          }
        },
        "line": 31
      },
      "6": {
        "name": "(anonymous_6)",
        "decl": {
          "start": {
            "line": 33,
            "column": 10
          },
          "end": {
            "line": 33,
            "column": 11
          }
        },
        "loc": {
          "start": {
            "line": 33,
            "column": 21
          },
          "end": {
            "line": 35,
            "column": 11
          }
        },
        "line": 33
      },
      "7": {
        "name": "(anonymous_7)",
        "decl": {
          "start": {
            "line": 37,
            "column": 10
          },
          "end": {
            "line": 37,
            "column": 11
          }
        },
        "loc": {
          "start": {
            "line": 37,
            "column": 25
          },
          "end": {
            "line": 39,
            "column": 11
          }
        },
        "line": 37
      },
      "8": {
        "name": "(anonymous_8)",
        "decl": {
          "start": {
            "line": 42,
            "column": 10
          },
          "end": {
            "line": 42,
            "column": 11
          }
        },
        "loc": {
          "start": {
            "line": 42,
            "column": 21
          },
          "end": {
            "line": 44,
            "column": 11
          }
        },
        "line": 42
      },
      "9": {
        "name": "(anonymous_9)",
        "decl": {
          "start": {
            "line": 46,
            "column": 10
          },
          "end": {
            "line": 46,
            "column": 11
          }
        },
        "loc": {
          "start": {
            "line": 46,
            "column": 25
          },
          "end": {
            "line": 48,
            "column": 11
          }
        },
        "line": 46
      }
    },
    "branchMap": {},
    "s": {
      "0": 23,
      "1": 23,
      "2": 23,
      "3": 23,
      "4": 23,
      "5": 23,
      "6": 23,
      "7": 23,
      "8": 23,
      "9": 23,
      "10": 23,
      "11": 23,
      "12": 23,
      "13": 0,
      "14": 23,
      "15": 23,
      "16": 23,
      "17": 0,
      "18": 0,
      "19": 23
    },
    "f": {
      "0": 23,
      "1": 23,
      "2": 23,
      "3": 23,
      "4": 0,
      "5": 23,
      "6": 23,
      "7": 23,
      "8": 0,
      "9": 0
    },
    "b": {},
    "inputSourceMap": {
      "version": 3,
      "file": null,
      "sources": [
        "/home/mamali/repos/github.com/api-deriv-com-solidjs/src/Pages/Docs/Docs.tsx"
      ],
      "sourcesContent": [
        "import { Component, createEffect, createMemo, Match, Switch } from \"solid-js\";\nimport { Outlet, Router, useLocation, useMatch } from \"solid-app-router\";\nimport SideBar from \"../../Components/SideBar\";\nimport QuickStart from \"./QuickStart\";\nimport Faq from \"./FAQ\";\n\nexport const Docs: Component = () => {\n  const location = useLocation();\n  const pathname = createMemo(() => location.pathname);\n  createEffect(() => {\n    console.log(pathname())\n  })\n\n  return (\n    <div style={{ \"padding-top\": \"105px\" }} class=\"grid grid-cols-documentation gap-2 h-screen mobile:hidden mx-auto w-4/5\">\n        <SideBar />\n          <Switch fallback={<div>...</div>}>\n            <Match when={pathname() === '/docs/'}>\n              <QuickStart />\n            </Match>\n            <Match when={pathname() === '/docs/faq'}>\n              <Faq/>\n            </Match>\n          </Switch>\n    </div>\n  );\n};\n"
      ],
      "names": [],
      "mappings": "AAAA,CAAC,CAAC,CAAC,CAAC,CAAC,CAAC,CAAC,CAAC,CAAC,CAAC,CAAC,CAAC,CAAC,CAAC,CAAC,CAAC,CAAC,CAAC,CAAC,CAAC,CAAC,CAAC,CAAC,CAAC,CAAC,CAAC,CAAC,CAAC,CAAC,CAAC,CAAC,CAAC,CAAC,CAAC,CAAC,CAAC,CAAC,CAAC,CAAC,CAAC,CAAC,CAAC,CAAC,CAAC,CAAC,CAAC,CAAC,CAAC,CAAC,CAAC,CAAC,CAAC,CAAC,CAAC,CAAC,CAAC,CAAC,CAAC,CAAC,CAAC,CAAC,CAAC,CAAC,CAAC,CAAC,CAAC,CAAC,CAAC,CAAC,CAAC,CAAC,CAAC,CAAC,CAAC,CAAC,CAAC,CAAC,CAAC;AAC9E,CAAC,CAAC,CAAC,CAAC,CAAC,CAAC,CAAC,CAAC,CAAC,CAAC,CAAC,CAAC,CAAC,CAAC,CAAC,CAAC,CAAC,CAAC,CAAC,CAAC,CAAC,CAAC,CAAC,CAAC,CAAC,CAAC,CAAC,CAAC,CAAC,CAAC,CAAC,CAAC,CAAC,CAAC,CAAC,CAAC,CAAC,CAAC,CAAC,CAAC,CAAC,CAAC,CAAC,CAAC,CAAC,CAAC,CAAC,CAAC,CAAC,CAAC,CAAC,CAAC,CAAC,CAAC,CAAC,CAAC,CAAC,CAAC,CAAC,CAAC,CAAC,CAAC,CAAC,CAAC,CAAC,CAAC,CAAC,CAAC,CAAC,CAAC,CAAC,CAAC,CAAC;AACzE,CAAC,CAAC,CAAC,CAAC,CAAC,CAAC,CAAC,CAAC,CAAC,CAAC,CAAC,CAAC,CAAC,CAAC,CAAC,CAAC,CAAC,CAAC,CAAC,CAAC,CAAC,CAAC,CAAC,CAAC,CAAC,CAAC,CAAC,CAAC,CAAC,CAAC,CAAC,CAAC,CAAC,CAAC,CAAC,CAAC,CAAC,CAAC,CAAC,CAAC,CAAC,CAAC,CAAC,CAAC,CAAC,CAAC,CAAC;AAC/C,CAAC,CAAC,CAAC,CAAC,CAAC,CAAC,CAAC,CAAC,CAAC,CAAC,CAAC,CAAC,CAAC,CAAC,CAAC,CAAC,CAAC,CAAC,CAAC,CAAC,CAAC,CAAC,CAAC,CAAC,CAAC,CAAC,CAAC,CAAC,CAAC,CAAC,CAAC,CAAC,CAAC,CAAC,CAAC,CAAC,CAAC,CAAC;AACtC,CAAC,CAAC,CAAC,CAAC,CAAC,CAAC,CAAC,CAAC,CAAC,CAAC,CAAC,CAAC,CAAC,CAAC,CAAC,CAAC,CAAC,CAAC,CAAC,CAAC,CAAC,CAAC,CAAC,CAAC;AACxB;AACA,CAAC,CAAC,CAAC,CAAC,CAAC,CAAC,CAAC,CAAC,CAAC,CAAC,CAAC,CAAC,CAAC,CAAC,CAAC,CAAC,CAAC,CAAC,CAAC,CAAC,CAAC,CAAC,CAAC,CAAC,CAAC,CAAC,CAAC,CAAC,CAAC,CAAC,CAAC,CAAC,CAAC,CAAC,CAAC,CAAC,CAAC,CAAC;AACtC,CAAC,CAAC,CAAC,CAAC,CAAC,CAAC,CAAC,CAAC,CAAC,CAAC,CAAC,CAAC,CAAC,CAAC,CAAC,CAAC,CAAC,CAAC,CAAC,CAAC,CAAC,CAAC,CAAC,CAAC,CAAC,CAAC,CAAC,CAAC,CAAC,CAAC,CAAC,CAAC,CAAC;AACjC,CAAC,CAAC,CAAC,CAAC,CAAC,CAAC,CAAC,CAAC,CAAC,CAAC,CAAC,CAAC,CAAC,CAAC,CAAC,CAAC,CAAC,CAAC,CAAC,CAAC,CAAC,CAAC,CAAC,CAAC,CAAC,CAAC,CAAC,CAAC,CAAC,CAAC,CAAC,CAAC,CAAC,CAAC,CAAC,CAAC,CAAC,CAAC,CAAC,CAAC,CAAC,CAAC,CAAC,CAAC,CAAC,CAAC,CAAC,CAAC,CAAC,CAAC,CAAC,CAAC,CAAC,CAAC,CAAC;AACvD,CAAC,CAAC,CAAC,CAAC,CAAC,CAAC,CAAC,CAAC,CAAC,CAAC,CAAC,CAAC,CAAC,CAAC,CAAC,CAAC,CAAC,CAAC,CAAC,CAAC,CAAC,CAAC;AACtB,CAAC,CAAC,CAAC,CAAC,CAAC,CAAC,CAAC,CAAC,CAAC,CAAC,CAAC,CAAC,CAAC,CAAC,CAAC,CAAC,CAAC,CAAC,CAAC,CAAC,CAAC,CAAC,CAAC,CAAC,CAAC,CAAC,CAAC;AAC3B,CAAC,CAAC,CAAC,CAAC;AACJ;AACA,CAAC,CAAC,CAAC,CAAC,CAAC,CAAC,CAAC,CAAC,CAAC,CAAC;AACV,CAAC,CAAC,CAAC,CAAC,CAAC,CAAC,CAAC,CAAC,CAAC,CAAC,CAAC,CAAC,CAAC,CAAC,CAAC,CAAC,CAAC,CAAC,CAAC,CAAC,CAAC,CAAC,CAAC,CAAC,CAAC,CAAC,CAAC,CAAC,CAAC,CAAC,CAAC,CAAC,CAAC,CAAC,CAAC,CAAC,CAAC,CAAC,CAAC,CAAC,CAAC,CAAC,CAAC,CAAC,CAAC,CAAC,CAAC,CAAC,CAAC,CAAC,CAAC,CAAC,CAAC,CAAC,CAAC,CAAC,CAAC,CAAC,CAAC,CAAC,CAAC,CAAC,CAAC,CAAC,CAAC,CAAC,CAAC,CAAC,CAAC,CAAC,CAAC,CAAC,CAAC,CAAC,CAAC,CAAC,CAAC,CAAC,CAAC,CAAC,CAAC,CAAC,CAAC,CAAC,CAAC,CAAC,CAAC,CAAC,CAAC,CAAC,CAAC,CAAC,CAAC,CAAC,CAAC,CAAC,CAAC,CAAC,CAAC,CAAC,CAAC,CAAC,CAAC,CAAC,CAAC,CAAC,CAAC,CAAC,CAAC,CAAC,CAAC,CAAC,CAAC,CAAC,CAAC,CAAC,CAAC,CAAC,CAAC,CAAC,CAAC,CAAC,CAAC,CAAC;AAC5H,CAAC,CAAC,CAAC,CAAC,CAAC,CAAC,CAAC,CAAC,CAAC,CAAC,CAAC,CAAC,CAAC,CAAC,CAAC,CAAC,CAAC,CAAC,CAAC;AACnB,CAAC,CAAC,CAAC,CAAC,CAAC,CAAC,CAAC,CAAC,CAAC,CAAC,CAAC,CAAC,CAAC,CAAC,CAAC,CAAC,CAAC,CAAC,CAAC,CAAC,CAAC,CAAC,CAAC,CAAC,CAAC,CAAC,CAAC,CAAC,CAAC,CAAC,CAAC,CAAC,CAAC,CAAC,CAAC,CAAC,CAAC,CAAC,CAAC,CAAC,CAAC,CAAC,CAAC,CAAC;AAC5C,CAAC,CAAC,CAAC,CAAC,CAAC,CAAC,CAAC,CAAC,CAAC,CAAC,CAAC,CAAC,CAAC,CAAC,CAAC,CAAC,CAAC,CAAC,CAAC,CAAC,CAAC,CAAC,CAAC,CAAC,CAAC,CAAC,CAAC,CAAC,CAAC,CAAC,CAAC,CAAC,CAAC,CAAC,CAAC,CAAC,CAAC,CAAC,CAAC,CAAC,CAAC,CAAC,CAAC,CAAC,CAAC,CAAC,CAAC,CAAC,CAAC,CAAC;AAClD,CAAC,CAAC,CAAC,CAAC,CAAC,CAAC,CAAC,CAAC,CAAC,CAAC,CAAC,CAAC,CAAC,CAAC,CAAC,CAAC,CAAC,CAAC,CAAC,CAAC,CAAC,CAAC,CAAC,CAAC,CAAC,CAAC,CAAC,CAAC;AAC5B,CAAC,CAAC,CAAC,CAAC,CAAC,CAAC,CAAC,CAAC,CAAC,CAAC,CAAC,CAAC,CAAC,CAAC,CAAC,CAAC,CAAC,CAAC,CAAC,CAAC;AACpB,CAAC,CAAC,CAAC,CAAC,CAAC,CAAC,CAAC,CAAC,CAAC,CAAC,CAAC,CAAC,CAAC,CAAC,CAAC,CAAC,CAAC,CAAC,CAAC,CAAC,CAAC,CAAC,CAAC,CAAC,CAAC,CAAC,CAAC,CAAC,CAAC,CAAC,CAAC,CAAC,CAAC,CAAC,CAAC,CAAC,CAAC,CAAC,CAAC,CAAC,CAAC,CAAC,CAAC,CAAC,CAAC,CAAC,CAAC,CAAC,CAAC,CAAC,CAAC,CAAC,CAAC;AACrD,CAAC,CAAC,CAAC,CAAC,CAAC,CAAC,CAAC,CAAC,CAAC,CAAC,CAAC,CAAC,CAAC,CAAC,CAAC,CAAC,CAAC,CAAC,CAAC,CAAC;AACpB,CAAC,CAAC,CAAC,CAAC,CAAC,CAAC,CAAC,CAAC,CAAC,CAAC,CAAC,CAAC,CAAC,CAAC,CAAC,CAAC,CAAC,CAAC,CAAC,CAAC;AACpB,CAAC,CAAC,CAAC,CAAC,CAAC,CAAC,CAAC,CAAC,CAAC,CAAC,CAAC,CAAC,CAAC,CAAC,CAAC,CAAC,CAAC,CAAC,CAAC;AACnB,CAAC,CAAC,CAAC,CAAC,CAAC,CAAC,CAAC,CAAC,CAAC,CAAC;AACV,CAAC,CAAC,CAAC,CAAC;AACJ,CAAC,CAAC;"
    },
    "_coverageSchema": "1a1c01bbd47fc00a2c39e90264f33305004495a9",
    "hash": "ceeee7d98a55746956e05a544fb7bf7a3fce922b"
  },
  "/home/mamali/repos/github.com/api-deriv-com-solidjs/src/Pages/Docs/index.ts": {
    "path": "/home/mamali/repos/github.com/api-deriv-com-solidjs/src/Pages/Docs/index.ts",
    "statementMap": {},
    "fnMap": {},
    "branchMap": {},
    "s": {},
    "f": {},
    "b": {},
    "inputSourceMap": {
      "version": 3,
      "sources": [
        "/home/mamali/repos/github.com/api-deriv-com-solidjs/src/Pages/Docs/index.ts"
      ],
      "sourcesContent": [
        "import { Docs } from './Docs'\n\nexport default Docs;"
      ],
      "mappings": "AAAA;AAEA,eAAe;",
      "names": []
    },
    "_coverageSchema": "1a1c01bbd47fc00a2c39e90264f33305004495a9",
    "hash": "67b276796830e0fe20f2f068c7b00b8c8235e963"
  }
}