<?xml version="1.0" encoding="UTF-8"?>
<coverage generated="1638777444406" clover="3.2.0">
  <project timestamp="1638777444406" name="All files">
    <metrics statements="627" coveredstatements="385" conditionals="84" coveredconditionals="27" methods="175" coveredmethods="62" elements="886" coveredelements="474" complexity="0" loc="627" ncloc="627" packages="15" files="29" classes="29"/>
    <package name="src">
      <metrics statements="12" coveredstatements="12" conditionals="2" coveredconditionals="2" methods="4" coveredmethods="4"/>
      <file name="App.tsx" path="/home/mamali/repos/github.com/api-deriv-com-solidjs/src/App.tsx">
        <metrics statements="6" coveredstatements="6" conditionals="0" coveredconditionals="0" methods="2" coveredmethods="2"/>
        <line num="7" count="80" type="stmt"/>
        <line num="8" count="80" type="stmt"/>
        <line num="9" count="80" type="stmt"/>
        <line num="11" count="80" type="stmt"/>
        <line num="18" count="80" type="stmt"/>
        <line num="23" count="80" type="stmt"/>
      </file>
      <file name="index.tsx" path="/home/mamali/repos/github.com/api-deriv-com-solidjs/src/index.tsx">
        <metrics statements="1" coveredstatements="1" conditionals="0" coveredconditionals="0" methods="1" coveredmethods="1"/>
        <line num="5" count="80" type="stmt"/>
      </file>
      <file name="types.ts" path="/home/mamali/repos/github.com/api-deriv-com-solidjs/src/types.ts">
        <metrics statements="5" coveredstatements="5" conditionals="2" coveredconditionals="2" methods="1" coveredmethods="1"/>
        <line num="1" count="23" type="cond" truecount="2" falsecount="0"/>
        <line num="2" count="23" type="stmt"/>
        <line num="3" count="23" type="stmt"/>
        <line num="4" count="23" type="stmt"/>
        <line num="5" count="23" type="stmt"/>
      </file>
    </package>
    <package name="src.Components">
      <metrics statements="46" coveredstatements="44" conditionals="22" coveredconditionals="18" methods="11" coveredmethods="10"/>
      <file name="CodeBlock.tsx" path="/home/mamali/repos/github.com/api-deriv-com-solidjs/src/Components/CodeBlock.tsx">
        <metrics statements="18" coveredstatements="18" conditionals="4" coveredconditionals="2" methods="8" coveredmethods="8"/>
        <line num="5" count="23" type="stmt"/>
        <line num="11" count="23" type="stmt"/>
        <line num="16" count="115" type="stmt"/>
        <line num="17" count="115" type="cond" truecount="1" falsecount="1"/>
        <line num="18" count="115" type="stmt"/>
        <line num="19" count="115" type="stmt"/>
        <line num="20" count="115" type="stmt"/>
        <line num="24" count="230" type="stmt"/>
        <line num="25" count="115" type="stmt"/>
        <line num="26" count="115" type="stmt"/>
        <line num="27" count="115" type="stmt"/>
        <line num="28" count="115" type="stmt"/>
        <line num="29" count="115" type="stmt"/>
        <line num="31" count="115" type="stmt"/>
        <line num="32" count="115" type="cond" truecount="1" falsecount="1"/>
        <line num="34" count="115" type="stmt"/>
        <line num="36" count="115" type="stmt"/>
        <line num="38" count="115" type="stmt"/>
      </file>
      <file name="CodeLanguageDropdown.tsx" path="/home/mamali/repos/github.com/api-deriv-com-solidjs/src/Components/CodeLanguageDropdown.tsx">
        <metrics statements="28" coveredstatements="26" conditionals="18" coveredconditionals="16" methods="3" coveredmethods="2"/>
        <line num="4" count="23" type="stmt"/>
        <line num="12" count="115" type="stmt"/>
        <line num="13" count="115" type="stmt"/>
        <line num="16" count="115" type="stmt"/>
        <line num="17" count="115" type="stmt"/>
        <line num="18" count="115" type="stmt"/>
        <line num="19" count="115" type="stmt"/>
        <line num="20" count="115" type="stmt"/>
        <line num="22" count="115" type="stmt"/>
        <line num="23" count="0" type="cond" truecount="0" falsecount="2"/>
        <line num="24" count="0" type="stmt"/>
        <line num="29" count="115" type="stmt"/>
        <line num="30" count="115" type="stmt"/>
        <line num="31" count="115" type="stmt"/>
        <line num="32" count="115" type="stmt"/>
        <line num="33" count="115" type="stmt"/>
        <line num="34" count="115" type="stmt"/>
        <line num="35" count="115" type="stmt"/>
        <line num="36" count="115" type="stmt"/>
        <line num="38" count="115" type="cond" truecount="2" falsecount="0"/>
        <line num="39" count="115" type="cond" truecount="2" falsecount="0"/>
        <line num="40" count="115" type="cond" truecount="2" falsecount="0"/>
        <line num="41" count="115" type="cond" truecount="2" falsecount="0"/>
        <line num="42" count="115" type="cond" truecount="2" falsecount="0"/>
        <line num="43" count="115" type="cond" truecount="2" falsecount="0"/>
        <line num="44" count="115" type="cond" truecount="2" falsecount="0"/>
        <line num="45" count="115" type="cond" truecount="2" falsecount="0"/>
        <line num="46" count="115" type="stmt"/>
      </file>
    </package>
    <package name="src.Components.Footer">
      <metrics statements="2" coveredstatements="2" conditionals="0" coveredconditionals="0" methods="1" coveredmethods="1"/>
      <file name="Footer.tsx" path="/home/mamali/repos/github.com/api-deriv-com-solidjs/src/Components/Footer/Footer.tsx">
        <metrics statements="2" coveredstatements="2" conditionals="0" coveredconditionals="0" methods="1" coveredmethods="1"/>
        <line num="3" count="80" type="stmt"/>
        <line num="5" count="80" type="stmt"/>
      </file>
    </package>
    <package name="src.Components.HomeSlider">
      <metrics statements="22" coveredstatements="22" conditionals="0" coveredconditionals="0" methods="2" coveredmethods="1"/>
      <file name="HomeSlider.tsx" path="/home/mamali/repos/github.com/api-deriv-com-solidjs/src/Components/HomeSlider/HomeSlider.tsx">
        <metrics statements="21" coveredstatements="21" conditionals="0" coveredconditionals="0" methods="2" coveredmethods="1"/>
        <line num="7" count="80" type="stmt"/>
        <line num="8" count="80" type="stmt"/>
        <line num="13" count="80" type="stmt"/>
        <line num="30" count="80" type="stmt"/>
        <line num="36" count="80" type="stmt"/>
        <line num="38" count="80" type="stmt"/>
        <line num="39" count="80" type="stmt"/>
        <line num="40" count="80" type="stmt"/>
        <line num="41" count="80" type="stmt"/>
        <line num="42" count="80" type="stmt"/>
        <line num="43" count="80" type="stmt"/>
        <line num="45" count="80" type="stmt"/>
        <line num="47" count="80" type="stmt"/>
        <line num="52" count="240" type="stmt"/>
        <line num="53" count="240" type="stmt"/>
        <line num="54" count="240" type="stmt"/>
        <line num="55" count="240" type="stmt"/>
        <line num="56" count="240" type="stmt"/>
        <line num="57" count="240" type="stmt"/>
        <line num="58" count="240" type="stmt"/>
        <line num="60" count="480" type="stmt"/>
      </file>
      <file name="index.tsx" path="/home/mamali/repos/github.com/api-deriv-com-solidjs/src/Components/HomeSlider/index.tsx">
        <metrics statements="1" coveredstatements="1" conditionals="0" coveredconditionals="0" methods="0" coveredmethods="0"/>
        <line num="3" count="80" type="stmt"/>
      </file>
    </package>
    <package name="src.Components.NavigationBar">
      <metrics statements="48" coveredstatements="34" conditionals="0" coveredconditionals="0" methods="18" coveredmethods="10"/>
      <file name="NavigationBar.tsx" path="/home/mamali/repos/github.com/api-deriv-com-solidjs/src/Components/NavigationBar/NavigationBar.tsx">
        <metrics statements="48" coveredstatements="34" conditionals="0" coveredconditionals="0" methods="18" coveredmethods="10"/>
        <line num="8" count="80" type="stmt"/>
        <line num="9" count="80" type="stmt"/>
        <line num="10" count="80" type="stmt"/>
        <line num="11" count="80" type="stmt"/>
        <line num="12" count="80" type="stmt"/>
        <line num="13" count="80" type="stmt"/>
        <line num="23" count="80" type="stmt"/>
        <line num="24" count="80" type="stmt"/>
        <line num="25" count="80" type="stmt"/>
        <line num="26" count="80" type="stmt"/>
        <line num="28" count="80" type="stmt"/>
        <line num="29" count="80" type="stmt"/>
        <line num="30" count="80" type="stmt"/>
        <line num="31" count="80" type="stmt"/>
        <line num="32" count="80" type="stmt"/>
        <line num="33" count="80" type="stmt"/>
        <line num="34" count="80" type="stmt"/>
        <line num="35" count="80" type="stmt"/>
        <line num="36" count="80" type="stmt"/>
        <line num="38" count="80" type="stmt"/>
        <line num="40" count="80" type="stmt"/>
        <line num="45" count="80" type="stmt"/>
        <line num="46" count="80" type="stmt"/>
        <line num="48" count="80" type="stmt"/>
        <line num="50" count="80" type="stmt"/>
        <line num="56" count="80" type="stmt"/>
        <line num="58" count="80" type="stmt"/>
        <line num="61" count="240" type="stmt"/>
        <line num="63" count="290" type="stmt"/>
        <line num="69" count="240" type="stmt"/>
        <line num="75" count="315" type="stmt"/>
        <line num="79" count="240" type="stmt"/>
        <line num="87" count="80" type="stmt"/>
        <line num="94" count="240" type="stmt"/>
        <line num="98" count="0" type="stmt"/>
        <line num="99" count="0" type="stmt"/>
        <line num="100" count="0" type="stmt"/>
        <line num="102" count="0" type="stmt"/>
        <line num="103" count="0" type="stmt"/>
        <line num="106" count="0" type="stmt"/>
        <line num="108" count="0" type="stmt"/>
        <line num="112" count="0" type="stmt"/>
        <line num="116" count="0" type="stmt"/>
        <line num="118" count="0" type="stmt"/>
        <line num="120" count="0" type="stmt"/>
        <line num="123" count="0" type="stmt"/>
        <line num="129" count="0" type="stmt"/>
        <line num="135" count="0" type="stmt"/>
      </file>
    </package>
    <package name="src.Components.Organisms">
      <metrics statements="15" coveredstatements="14" conditionals="0" coveredconditionals="0" methods="5" coveredmethods="4"/>
      <file name="CodePreview.tsx" path="/home/mamali/repos/github.com/api-deriv-com-solidjs/src/Components/Organisms/CodePreview.tsx">
        <metrics statements="15" coveredstatements="14" conditionals="0" coveredconditionals="0" methods="5" coveredmethods="4"/>
        <line num="5" count="23" type="stmt"/>
        <line num="31" count="23" type="stmt"/>
        <line num="71" count="115" type="stmt"/>
        <line num="72" count="0" type="stmt"/>
        <line num="77" count="115" type="stmt"/>
        <line num="78" count="115" type="stmt"/>
        <line num="79" count="115" type="stmt"/>
        <line num="80" count="115" type="stmt"/>
        <line num="81" count="115" type="stmt"/>
        <line num="82" count="115" type="stmt"/>
        <line num="84" count="115" type="stmt"/>
        <line num="86" count="115" type="stmt"/>
        <line num="92" count="115" type="stmt"/>
        <line num="94" count="115" type="stmt"/>
        <line num="99" count="115" type="stmt"/>
      </file>
    </package>
    <package name="src.Components.SideBar">
      <metrics statements="7" coveredstatements="7" conditionals="0" coveredconditionals="0" methods="2" coveredmethods="2"/>
      <file name="SideBar.tsx" path="/home/mamali/repos/github.com/api-deriv-com-solidjs/src/Components/SideBar/SideBar.tsx">
        <metrics statements="7" coveredstatements="7" conditionals="0" coveredconditionals="0" methods="2" coveredmethods="2"/>
        <line num="5" count="23" type="stmt"/>
        <line num="11" count="23" type="stmt"/>
        <line num="13" count="23" type="stmt"/>
        <line num="14" count="23" type="stmt"/>
        <line num="15" count="23" type="stmt"/>
        <line num="19" count="23" type="stmt"/>
        <line num="28" count="138" type="stmt"/>
      </file>
    </package>
    <package name="src.Helpers">
      <metrics statements="19" coveredstatements="8" conditionals="2" coveredconditionals="0" methods="7" coveredmethods="1"/>
      <file name="WS.ts" path="/home/mamali/repos/github.com/api-deriv-com-solidjs/src/Helpers/WS.ts">
        <metrics statements="19" coveredstatements="8" conditionals="2" coveredconditionals="0" methods="7" coveredmethods="1"/>
        <line num="2" count="2" type="stmt"/>
        <line num="3" count="2" type="stmt"/>
        <line num="7" count="2" type="stmt"/>
        <line num="9" count="2" type="stmt"/>
        <line num="10" count="2" type="stmt"/>
        <line num="13" count="2" type="stmt"/>
        <line num="14" count="0" type="stmt"/>
        <line num="15" count="0" type="cond" truecount="0" falsecount="2"/>
        <line num="16" count="0" type="stmt"/>
        <line num="17" count="0" type="stmt"/>
        <line num="20" count="0" type="stmt"/>
        <line num="24" count="2" type="stmt"/>
        <line num="25" count="0" type="stmt"/>
        <line num="26" count="0" type="stmt"/>
        <line num="27" count="0" type="stmt"/>
        <line num="31" count="0" type="stmt"/>
        <line num="32" count="0" type="stmt"/>
        <line num="35" count="2" type="stmt"/>
        <line num="36" count="0" type="stmt"/>
      </file>
    </package>
    <package name="src.Pages.Docs">
      <metrics statements="9" coveredstatements="9" conditionals="0" coveredconditionals="0" methods="2" coveredmethods="2"/>
      <file name="Docs.tsx" path="/home/mamali/repos/github.com/api-deriv-com-solidjs/src/Pages/Docs/Docs.tsx">
        <metrics statements="9" coveredstatements="9" conditionals="0" coveredconditionals="0" methods="2" coveredmethods="2"/>
        <line num="5" count="23" type="stmt"/>
        <line num="6" count="23" type="stmt"/>
        <line num="14" count="23" type="stmt"/>
        <line num="15" count="23" type="stmt"/>
        <line num="16" count="23" type="stmt"/>
        <line num="17" count="23" type="stmt"/>
        <line num="20" count="23" type="stmt"/>
        <line num="22" count="23" type="stmt"/>
        <line num="24" count="23" type="stmt"/>
      </file>
    </package>
    <package name="src.Pages.Docs.FAQ">
      <metrics statements="73" coveredstatements="24" conditionals="0" coveredconditionals="0" methods="21" coveredmethods="0"/>
      <file name="Faq.tsx" path="/home/mamali/repos/github.com/api-deriv-com-solidjs/src/Pages/Docs/FAQ/Faq.tsx">
        <metrics statements="73" coveredstatements="24" conditionals="0" coveredconditionals="0" methods="21" coveredmethods="0"/>
        <line num="7" count="23" type="stmt"/>
        <line num="8" count="23" type="stmt"/>
        <line num="9" count="23" type="stmt"/>
        <line num="10" count="23" type="stmt"/>
        <line num="11" count="23" type="stmt"/>
        <line num="12" count="23" type="stmt"/>
        <line num="13" count="23" type="stmt"/>
        <line num="14" count="23" type="stmt"/>
        <line num="15" count="23" type="stmt"/>
        <line num="16" count="23" type="stmt"/>
        <line num="17" count="23" type="stmt"/>
        <line num="18" count="23" type="stmt"/>
        <line num="19" count="23" type="stmt"/>
        <line num="20" count="23" type="stmt"/>
        <line num="21" count="23" type="stmt"/>
        <line num="22" count="23" type="stmt"/>
        <line num="23" count="23" type="stmt"/>
        <line num="24" count="23" type="stmt"/>
        <line num="25" count="23" type="stmt"/>
        <line num="26" count="23" type="stmt"/>
        <line num="27" count="23" type="stmt"/>
        <line num="33" count="23" type="stmt"/>
        <line num="37" count="0" type="stmt"/>
        <line num="38" count="0" type="stmt"/>
        <line num="39" count="0" type="stmt"/>
        <line num="40" count="0" type="stmt"/>
        <line num="41" count="0" type="stmt"/>
        <line num="42" count="0" type="stmt"/>
        <line num="44" count="0" type="stmt"/>
        <line num="46" count="0" type="stmt"/>
        <line num="48" count="0" type="stmt"/>
        <line num="50" count="0" type="stmt"/>
        <line num="54" count="0" type="stmt"/>
        <line num="56" count="0" type="stmt"/>
        <line num="58" count="0" type="stmt"/>
        <line num="63" count="0" type="stmt"/>
        <line num="65" count="0" type="stmt"/>
        <line num="69" count="0" type="stmt"/>
        <line num="71" count="0" type="stmt"/>
        <line num="73" count="0" type="stmt"/>
        <line num="78" count="0" type="stmt"/>
        <line num="80" count="0" type="stmt"/>
        <line num="84" count="0" type="stmt"/>
        <line num="86" count="0" type="stmt"/>
        <line num="88" count="0" type="stmt"/>
        <line num="93" count="0" type="stmt"/>
        <line num="97" count="23" type="stmt"/>
        <line num="98" count="0" type="stmt"/>
        <line num="99" count="0" type="stmt"/>
        <line num="100" count="0" type="stmt"/>
        <line num="101" count="0" type="stmt"/>
        <line num="103" count="0" type="stmt"/>
        <line num="105" count="0" type="stmt"/>
        <line num="108" count="0" type="stmt"/>
        <line num="110" count="0" type="stmt"/>
        <line num="113" count="0" type="stmt"/>
        <line num="115" count="0" type="stmt"/>
        <line num="118" count="0" type="stmt"/>
        <line num="120" count="0" type="stmt"/>
        <line num="123" count="0" type="stmt"/>
        <line num="125" count="0" type="stmt"/>
        <line num="128" count="0" type="stmt"/>
        <line num="130" count="0" type="stmt"/>
        <line num="133" count="0" type="stmt"/>
        <line num="135" count="0" type="stmt"/>
        <line num="138" count="0" type="stmt"/>
        <line num="140" count="0" type="stmt"/>
        <line num="143" count="0" type="stmt"/>
        <line num="145" count="0" type="stmt"/>
        <line num="148" count="0" type="stmt"/>
        <line num="150" count="0" type="stmt"/>
        <line num="153" count="0" type="stmt"/>
        <line num="157" count="23" type="stmt"/>
      </file>
    </package>
    <package name="src.Pages.Docs.QuickStart">
      <metrics statements="28" coveredstatements="28" conditionals="0" coveredconditionals="0" methods="2" coveredmethods="2"/>
      <file name="QuickStart.tsx" path="/home/mamali/repos/github.com/api-deriv-com-solidjs/src/Pages/Docs/QuickStart/QuickStart.tsx">
        <metrics statements="28" coveredstatements="28" conditionals="0" coveredconditionals="0" methods="2" coveredmethods="2"/>
        <line num="5" count="23" type="stmt"/>
        <line num="8" count="23" type="stmt"/>
        <line num="9" count="23" type="stmt"/>
        <line num="10" count="23" type="stmt"/>
        <line num="11" count="23" type="stmt"/>
        <line num="12" count="23" type="stmt"/>
        <line num="13" count="23" type="stmt"/>
        <line num="14" count="23" type="stmt"/>
        <line num="15" count="23" type="stmt"/>
        <line num="16" count="23" type="stmt"/>
        <line num="17" count="23" type="stmt"/>
        <line num="18" count="23" type="stmt"/>
        <line num="19" count="23" type="stmt"/>
        <line num="20" count="23" type="stmt"/>
        <line num="21" count="23" type="stmt"/>
        <line num="22" count="23" type="stmt"/>
        <line num="23" count="23" type="stmt"/>
        <line num="24" count="23" type="stmt"/>
        <line num="25" count="23" type="stmt"/>
        <line num="26" count="23" type="stmt"/>
        <line num="27" count="23" type="stmt"/>
        <line num="28" count="23" type="stmt"/>
        <line num="30" count="23" type="stmt"/>
        <line num="34" count="23" type="stmt"/>
        <line num="38" count="23" type="stmt"/>
        <line num="42" count="23" type="stmt"/>
        <line num="46" count="23" type="stmt"/>
        <line num="50" count="23" type="stmt"/>
      </file>
    </package>
    <package name="src.Pages.Home">
      <metrics statements="72" coveredstatements="72" conditionals="6" coveredconditionals="3" methods="8" coveredmethods="8"/>
      <file name="Benefits.tsx" path="/home/mamali/repos/github.com/api-deriv-com-solidjs/src/Pages/Home/Benefits.tsx">
        <metrics statements="27" coveredstatements="27" conditionals="2" coveredconditionals="1" methods="2" coveredmethods="2"/>
        <line num="4" count="80" type="stmt"/>
        <line num="13" count="80" type="stmt"/>
        <line num="14" count="80" type="stmt"/>
        <line num="15" count="80" type="stmt"/>
        <line num="16" count="80" type="stmt"/>
        <line num="17" count="80" type="stmt"/>
        <line num="18" count="80" type="stmt"/>
        <line num="19" count="80" type="stmt"/>
        <line num="20" count="80" type="stmt"/>
        <line num="21" count="80" type="stmt"/>
        <line num="22" count="80" type="stmt"/>
        <line num="23" count="80" type="stmt"/>
        <line num="24" count="80" type="stmt"/>
        <line num="25" count="80" type="stmt"/>
        <line num="26" count="80" type="stmt"/>
        <line num="27" count="80" type="stmt"/>
        <line num="28" count="80" type="stmt"/>
        <line num="29" count="80" type="stmt"/>
        <line num="31" count="80" type="stmt"/>
        <line num="33" count="80" type="stmt"/>
        <line num="35" count="80" type="stmt"/>
        <line num="37" count="80" type="stmt"/>
        <line num="39" count="80" type="stmt"/>
        <line num="41" count="80" type="stmt"/>
        <line num="45" count="80" type="stmt"/>
        <line num="50" count="80" type="stmt"/>
        <line num="52" count="80" type="cond" truecount="1" falsecount="1"/>
      </file>
      <file name="Community.tsx" path="/home/mamali/repos/github.com/api-deriv-com-solidjs/src/Pages/Home/Community.tsx">
        <metrics statements="5" coveredstatements="5" conditionals="2" coveredconditionals="1" methods="1" coveredmethods="1"/>
        <line num="3" count="80" type="stmt"/>
        <line num="5" count="80" type="stmt"/>
        <line num="8" count="80" type="stmt"/>
        <line num="13" count="80" type="stmt"/>
        <line num="15" count="80" type="cond" truecount="1" falsecount="1"/>
      </file>
      <file name="ComprehensiveRow.tsx" path="/home/mamali/repos/github.com/api-deriv-com-solidjs/src/Pages/Home/ComprehensiveRow.tsx">
        <metrics statements="11" coveredstatements="11" conditionals="2" coveredconditionals="1" methods="2" coveredmethods="2"/>
        <line num="4" count="80" type="stmt"/>
        <line num="8" count="80" type="stmt"/>
        <line num="9" count="80" type="stmt"/>
        <line num="10" count="80" type="stmt"/>
        <line num="11" count="80" type="stmt"/>
        <line num="12" count="80" type="stmt"/>
        <line num="14" count="80" type="stmt"/>
        <line num="16" count="80" type="stmt"/>
        <line num="20" count="80" type="stmt"/>
        <line num="25" count="80" type="stmt"/>
        <line num="27" count="80" type="cond" truecount="1" falsecount="1"/>
      </file>
      <file name="Hero.tsx" path="/home/mamali/repos/github.com/api-deriv-com-solidjs/src/Pages/Home/Hero.tsx">
        <metrics statements="7" coveredstatements="7" conditionals="0" coveredconditionals="0" methods="1" coveredmethods="1"/>
        <line num="4" count="80" type="stmt"/>
        <line num="8" count="160" type="stmt"/>
        <line num="9" count="80" type="stmt"/>
        <line num="11" count="80" type="stmt"/>
        <line num="13" count="80" type="stmt"/>
        <line num="17" count="80" type="stmt"/>
        <line num="22" count="80" type="stmt"/>
      </file>
      <file name="Home.tsx" path="/home/mamali/repos/github.com/api-deriv-com-solidjs/src/Pages/Home/Home.tsx">
        <metrics statements="4" coveredstatements="4" conditionals="0" coveredconditionals="0" methods="0" coveredmethods="0"/>
        <line num="5" count="80" type="stmt"/>
        <line num="14" count="80" type="stmt"/>
        <line num="16" count="80" type="stmt"/>
        <line num="18" count="80" type="stmt"/>
      </file>
      <file name="WaysToEarn.tsx" path="/home/mamali/repos/github.com/api-deriv-com-solidjs/src/Pages/Home/WaysToEarn.tsx">
        <metrics statements="18" coveredstatements="18" conditionals="0" coveredconditionals="0" methods="2" coveredmethods="2"/>
        <line num="4" count="80" type="stmt"/>
        <line num="8" count="80" type="stmt"/>
        <line num="9" count="80" type="stmt"/>
        <line num="10" count="80" type="stmt"/>
        <line num="11" count="80" type="stmt"/>
        <line num="12" count="80" type="stmt"/>
        <line num="13" count="80" type="stmt"/>
        <line num="14" count="80" type="stmt"/>
        <line num="15" count="80" type="stmt"/>
        <line num="16" count="80" type="stmt"/>
        <line num="17" count="80" type="stmt"/>
        <line num="18" count="80" type="stmt"/>
        <line num="19" count="80" type="stmt"/>
        <line num="21" count="80" type="stmt"/>
        <line num="23" count="80" type="stmt"/>
        <line num="25" count="80" type="stmt"/>
        <line num="27" count="80" type="stmt"/>
        <line num="31" count="80" type="stmt"/>
      </file>
    </package>
    <package name="src.Pages.Playground">
      <metrics statements="39" coveredstatements="34" conditionals="0" coveredconditionals="0" methods="8" coveredmethods="3"/>
      <file name="Playground.tsx" path="/home/mamali/repos/github.com/api-deriv-com-solidjs/src/Pages/Playground/Playground.tsx">
        <metrics statements="26" coveredstatements="23" conditionals="0" coveredconditionals="0" methods="6" coveredmethods="3"/>
        <line num="5" count="2" type="stmt"/>
        <line num="14" count="2" type="stmt"/>
        <line num="15" count="2" type="stmt"/>
        <line num="17" count="2" type="stmt"/>
        <line num="18" count="0" type="stmt"/>
        <line num="21" count="2" type="stmt"/>
        <line num="22" count="0" type="stmt"/>
        <line num="25" count="2" type="stmt"/>
        <line num="26" count="2" type="stmt"/>
        <line num="27" count="0" type="stmt"/>
        <line num="30" count="2" type="stmt"/>
        <line num="31" count="2" type="stmt"/>
        <line num="32" count="2" type="stmt"/>
        <line num="33" count="2" type="stmt"/>
        <line num="34" count="2" type="stmt"/>
        <line num="35" count="2" type="stmt"/>
        <line num="36" count="2" type="stmt"/>
        <line num="37" count="2" type="stmt"/>
        <line num="38" count="2" type="stmt"/>
        <line num="39" count="2" type="stmt"/>
        <line num="41" count="2" type="stmt"/>
        <line num="43" count="2" type="stmt"/>
        <line num="45" count="2" type="stmt"/>
        <line num="49" count="2" type="stmt"/>
        <line num="53" count="2" type="stmt"/>
        <line num="55" count="2" type="stmt"/>
      </file>
      <file name="Request.tsx" path="/home/mamali/repos/github.com/api-deriv-com-solidjs/src/Pages/Playground/Request.tsx">
        <metrics statements="13" coveredstatements="11" conditionals="0" coveredconditionals="0" methods="2" coveredmethods="0"/>
        <line num="6" count="2" type="stmt"/>
        <line num="10" count="2" type="stmt"/>
        <line num="17" count="2" type="stmt"/>
        <line num="21" count="2" type="stmt"/>
        <line num="22" count="0" type="stmt"/>
        <line num="26" count="2" type="stmt"/>
        <line num="27" count="2" type="stmt"/>
        <line num="28" count="2" type="stmt"/>
        <line num="29" count="2" type="stmt"/>
        <line num="30" count="2" type="stmt"/>
        <line num="31" count="2" type="stmt"/>
        <line num="33" count="2" type="stmt"/>
        <line num="34" count="0" type="stmt"/>
      </file>
    </package>
    <package name="src.Pages.Playground.components">
      <metrics statements="217" coveredstatements="61" conditionals="50" coveredconditionals="2" methods="72" coveredmethods="7"/>
      <file name="ApiSelector.tsx" path="/home/mamali/repos/github.com/api-deriv-com-solidjs/src/Pages/Playground/components/ApiSelector.tsx">
        <metrics statements="36" coveredstatements="20" conditionals="6" coveredconditionals="2" methods="7" coveredmethods="4"/>
        <line num="7" count="2" type="stmt"/>
        <line num="8" count="2" type="stmt"/>
        <line num="9" count="2" type="stmt"/>
        <line num="10" count="2" type="stmt"/>
        <line num="11" count="2" type="stmt"/>
        <line num="12" count="2" type="stmt"/>
        <line num="13" count="2" type="stmt"/>
        <line num="19" count="2" type="stmt"/>
        <line num="20" count="2" type="stmt"/>
        <line num="21" count="2" type="stmt"/>
        <line num="25" count="2" type="stmt"/>
        <line num="27" count="2" type="stmt"/>
        <line num="28" count="0" type="stmt"/>
        <line num="30" count="0" type="cond" truecount="0" falsecount="2"/>
        <line num="31" count="0" type="stmt"/>
        <line num="32" count="0" type="stmt"/>
        <line num="34" count="0" type="stmt"/>
        <line num="35" count="0" type="stmt"/>
        <line num="39" count="2" type="stmt"/>
        <line num="40" count="2" type="stmt"/>
        <line num="42" count="2" type="stmt"/>
        <line num="43" count="0" type="stmt"/>
        <line num="44" count="0" type="stmt"/>
        <line num="45" count="0" type="stmt"/>
        <line num="48" count="2" type="cond" truecount="2" falsecount="0"/>
        <line num="50" count="2" type="stmt"/>
        <line num="52" count="2" type="stmt"/>
        <line num="56" count="2" type="stmt"/>
        <line num="63" count="2" type="stmt"/>
        <line num="67" count="0" type="stmt"/>
        <line num="68" count="0" type="stmt"/>
        <line num="69" count="0" type="stmt"/>
        <line num="71" count="0" type="stmt"/>
        <line num="72" count="0" type="stmt"/>
        <line num="73" count="0" type="cond" truecount="0" falsecount="2"/>
        <line num="75" count="0" type="stmt"/>
      </file>
      <file name="Authenticate.tsx" path="/home/mamali/repos/github.com/api-deriv-com-solidjs/src/Pages/Playground/components/Authenticate.tsx">
        <metrics statements="2" coveredstatements="2" conditionals="0" coveredconditionals="0" methods="1" coveredmethods="1"/>
        <line num="3" count="2" type="stmt"/>
        <line num="5" count="2" type="stmt"/>
      </file>
      <file name="Conversation.tsx" path="/home/mamali/repos/github.com/api-deriv-com-solidjs/src/Pages/Playground/components/Conversation.tsx">
        <metrics statements="8" coveredstatements="6" conditionals="0" coveredconditionals="0" methods="1" coveredmethods="1"/>
        <line num="4" count="2" type="stmt"/>
        <line num="5" count="2" type="stmt"/>
        <line num="14" count="2" type="stmt"/>
        <line num="15" count="2" type="stmt"/>
        <line num="16" count="2" type="stmt"/>
        <line num="19" count="2" type="stmt"/>
        <line num="22" count="0" type="stmt"/>
        <line num="24" count="0" type="stmt"/>
      </file>
      <file name="playgrounApiDocs.tsx" path="/home/mamali/repos/github.com/api-deriv-com-solidjs/src/Pages/Playground/components/playgrounApiDocs.tsx">
        <metrics statements="171" coveredstatements="33" conditionals="44" coveredconditionals="0" methods="63" coveredmethods="1"/>
        <line num="8" count="2" type="stmt"/>
        <line num="9" count="2" type="stmt"/>
        <line num="10" count="2" type="stmt"/>
        <line num="11" count="2" type="stmt"/>
        <line num="12" count="2" type="stmt"/>
        <line num="13" count="2" type="stmt"/>
        <line num="14" count="2" type="stmt"/>
        <line num="15" count="2" type="stmt"/>
        <line num="16" count="2" type="stmt"/>
        <line num="17" count="2" type="stmt"/>
        <line num="18" count="2" type="stmt"/>
        <line num="19" count="2" type="stmt"/>
        <line num="20" count="2" type="stmt"/>
        <line num="21" count="2" type="stmt"/>
        <line num="22" count="2" type="stmt"/>
        <line num="23" count="2" type="stmt"/>
        <line num="24" count="2" type="stmt"/>
        <line num="25" count="2" type="stmt"/>
        <line num="26" count="2" type="stmt"/>
        <line num="27" count="2" type="stmt"/>
        <line num="28" count="2" type="stmt"/>
        <line num="29" count="2" type="stmt"/>
        <line num="30" count="2" type="stmt"/>
        <line num="31" count="2" type="stmt"/>
        <line num="32" count="2" type="stmt"/>
        <line num="33" count="2" type="stmt"/>
        <line num="34" count="2" type="stmt"/>
        <line num="35" count="2" type="stmt"/>
        <line num="42" count="4" type="stmt"/>
        <line num="43" count="1" type="stmt"/>
        <line num="44" count="0" type="stmt"/>
        <line num="47" count="2" type="stmt"/>
        <line num="49" count="2" type="stmt"/>
        <line num="50" count="0" type="stmt"/>
        <line num="51" count="0" type="stmt"/>
        <line num="54" count="2" type="stmt"/>
        <line num="59" count="0" type="stmt"/>
        <line num="60" count="0" type="stmt"/>
        <line num="61" count="0" type="stmt"/>
        <line num="64" count="0" type="stmt"/>
        <line num="65" count="0" type="stmt"/>
        <line num="66" count="0" type="stmt"/>
        <line num="69" count="0" type="cond" truecount="0" falsecount="2"/>
        <line num="70" count="0" type="stmt"/>
        <line num="71" count="0" type="stmt"/>
        <line num="72" count="0" type="stmt"/>
        <line num="73" count="0" type="stmt"/>
        <line num="74" count="0" type="stmt"/>
        <line num="76" count="0" type="stmt"/>
        <line num="78" count="0" type="stmt"/>
        <line num="80" count="0" type="stmt"/>
        <line num="82" count="0" type="stmt"/>
        <line num="86" count="0" type="stmt"/>
        <line num="88" count="0" type="cond" truecount="0" falsecount="2"/>
        <line num="90" count="0" type="stmt"/>
        <line num="92" count="0" type="stmt"/>
        <line num="97" count="0" type="stmt"/>
        <line num="99" count="0" type="stmt"/>
        <line num="103" count="0" type="stmt"/>
        <line num="104" count="0" type="stmt"/>
        <line num="105" count="0" type="stmt"/>
        <line num="107" count="0" type="stmt"/>
        <line num="109" count="0" type="stmt"/>
        <line num="111" count="0" type="stmt"/>
        <line num="115" count="0" type="stmt"/>
        <line num="116" count="0" type="stmt"/>
        <line num="118" count="0" type="stmt"/>
        <line num="120" count="0" type="stmt"/>
        <line num="123" count="0" type="stmt"/>
        <line num="124" count="0" type="stmt"/>
        <line num="126" count="0" type="stmt"/>
        <line num="128" count="0" type="stmt"/>
        <line num="132" count="0" type="stmt"/>
        <line num="137" count="0" type="stmt"/>
        <line num="142" count="0" type="stmt"/>
        <line num="144" count="0" type="stmt"/>
        <line num="145" count="0" type="cond" truecount="0" falsecount="2"/>
        <line num="147" count="0" type="stmt"/>
        <line num="149" count="0" type="stmt"/>
        <line num="153" count="0" type="stmt"/>
        <line num="154" count="0" type="stmt"/>
        <line num="156" count="0" type="stmt"/>
        <line num="157" count="0" type="cond" truecount="0" falsecount="2"/>
        <line num="159" count="0" type="stmt"/>
        <line num="163" count="0" type="stmt"/>
        <line num="165" count="0" type="stmt"/>
        <line num="168" count="0" type="stmt"/>
        <line num="170" count="0" type="stmt"/>
        <line num="176" count="0" type="cond" truecount="0" falsecount="2"/>
        <line num="180" count="0" type="stmt"/>
        <line num="184" count="0" type="stmt"/>
        <line num="188" count="0" type="cond" truecount="0" falsecount="2"/>
        <line num="192" count="0" type="stmt"/>
        <line num="196" count="0" type="stmt"/>
        <line num="200" count="0" type="stmt"/>
        <line num="204" count="0" type="stmt"/>
        <line num="208" count="0" type="stmt"/>
        <line num="212" count="0" type="stmt"/>
        <line num="216" count="0" type="stmt"/>
        <line num="220" count="0" type="stmt"/>
        <line num="223" count="0" type="stmt"/>
        <line num="230" count="0" type="stmt"/>
        <line num="232" count="0" type="cond" truecount="0" falsecount="2"/>
        <line num="236" count="0" type="stmt"/>
        <line num="238" count="0" type="stmt"/>
        <line num="242" count="0" type="stmt"/>
        <line num="246" count="0" type="stmt"/>
        <line num="250" count="0" type="stmt"/>
        <line num="254" count="0" type="stmt"/>
        <line num="258" count="0" type="stmt"/>
        <line num="261" count="0" type="stmt"/>
        <line num="267" count="0" type="cond" truecount="0" falsecount="2"/>
        <line num="269" count="0" type="stmt"/>
        <line num="274" count="0" type="stmt"/>
        <line num="276" count="0" type="stmt"/>
        <line num="280" count="0" type="stmt"/>
        <line num="288" count="0" type="stmt"/>
        <line num="289" count="0" type="stmt"/>
        <line num="290" count="0" type="cond" truecount="0" falsecount="4"/>
        <line num="291" count="0" type="cond" truecount="0" falsecount="2"/>
        <line num="292" count="0" type="cond" truecount="0" falsecount="2"/>
        <line num="293" count="0" type="stmt"/>
        <line num="299" count="0" type="stmt"/>
        <line num="320" count="0" type="stmt"/>
        <line num="321" count="0" type="stmt"/>
        <line num="323" count="0" type="stmt"/>
        <line num="324" count="0" type="stmt"/>
        <line num="325" count="0" type="stmt"/>
        <line num="328" count="0" type="stmt"/>
        <line num="329" count="0" type="cond" truecount="0" falsecount="4"/>
        <line num="330" count="0" type="stmt"/>
        <line num="331" count="0" type="cond" truecount="0" falsecount="4"/>
        <line num="332" count="0" type="stmt"/>
        <line num="334" count="0" type="cond" truecount="0" falsecount="2"/>
        <line num="335" count="0" type="stmt"/>
        <line num="337" count="0" type="stmt"/>
        <line num="342" count="0" type="stmt"/>
        <line num="344" count="0" type="stmt"/>
        <line num="345" count="0" type="stmt"/>
        <line num="346" count="0" type="stmt"/>
        <line num="347" count="0" type="stmt"/>
        <line num="348" count="0" type="stmt"/>
        <line num="350" count="0" type="stmt"/>
        <line num="354" count="0" type="stmt"/>
        <line num="356" count="0" type="stmt"/>
        <line num="358" count="0" type="stmt"/>
        <line num="363" count="0" type="stmt"/>
        <line num="367" count="0" type="stmt"/>
        <line num="368" count="0" type="stmt"/>
        <line num="370" count="0" type="cond" truecount="0" falsecount="2"/>
        <line num="372" count="0" type="stmt"/>
        <line num="377" count="0" type="stmt"/>
        <line num="378" count="0" type="stmt"/>
        <line num="379" count="0" type="stmt"/>
        <line num="380" count="0" type="stmt"/>
        <line num="381" count="0" type="stmt"/>
        <line num="382" count="0" type="stmt"/>
        <line num="384" count="0" type="stmt"/>
        <line num="386" count="0" type="stmt"/>
        <line num="388" count="0" type="stmt"/>
        <line num="393" count="0" type="stmt"/>
        <line num="397" count="0" type="stmt"/>
        <line num="399" count="0" type="cond" truecount="0" falsecount="2"/>
        <line num="401" count="0" type="stmt"/>
        <line num="419" count="0" type="stmt"/>
        <line num="421" count="0" type="stmt"/>
        <line num="423" count="0" type="stmt"/>
        <line num="425" count="0" type="cond" truecount="0" falsecount="2"/>
        <line num="427" count="0" type="stmt"/>
        <line num="434" count="0" type="stmt"/>
        <line num="436" count="0" type="stmt"/>
      </file>
    </package>
    <package name="src.Store">
      <metrics statements="18" coveredstatements="14" conditionals="2" coveredconditionals="2" methods="12" coveredmethods="7"/>
      <file name="navigation-bar-store.ts" path="/home/mamali/repos/github.com/api-deriv-com-solidjs/src/Store/navigation-bar-store.ts">
        <metrics statements="8" coveredstatements="8" conditionals="2" coveredconditionals="2" methods="3" coveredmethods="3"/>
        <line num="4" count="80" type="stmt"/>
        <line num="5" count="80" type="stmt"/>
        <line num="7" count="240" type="cond" truecount="2" falsecount="0"/>
        <line num="8" count="80" type="stmt"/>
        <line num="10" count="160" type="stmt"/>
        <line num="14" count="80" type="stmt"/>
        <line num="16" count="80" type="stmt"/>
        <line num="17" count="240" type="stmt"/>
      </file>
      <file name="routes.ts" path="/home/mamali/repos/github.com/api-deriv-com-solidjs/src/Store/routes.ts">
        <metrics statements="10" coveredstatements="6" conditionals="0" coveredconditionals="0" methods="9" coveredmethods="4"/>
        <line num="4" count="80" type="stmt"/>
        <line num="7" count="80" type="stmt"/>
        <line num="12" count="160" type="stmt"/>
        <line num="18" count="46" type="stmt"/>
        <line num="23" count="23" type="stmt"/>
        <line num="28" count="0" type="stmt"/>
        <line num="33" count="0" type="stmt"/>
        <line num="43" count="0" type="stmt"/>
        <line num="48" count="0" type="stmt"/>
        <line num="56" count="4" type="stmt"/>
      </file>
    </package>
  </project>
</coverage>
