{"/home/mamali/repos/github.com/api-deriv-com-solidjs/src/App.tsx": {"path":"/home/mamali/repos/github.com/api-deriv-com-solidjs/src/App.tsx","statementMap":{"0":{"start":{"line":7,"column":0},"end":{"line":15,"column":1}},"1":{"start":{"line":8,"column":17},"end":{"line":8,"column":null}},"2":{"start":{"line":9,"column":2},"end":{"line":14,"column":5}},"3":{"start":{"line":11,"column":6},"end":{"line":11,"column":null}},"4":{"start":{"line":18,"column":6},"end":{"line":18,"column":null}},"5":{"start":{"line":23,"column":4},"end":{"line":23,"column":null}}},"fnMap":{"0":{"name":"(anonymous_0)","decl":{"start":{"line":7,"column":0},"end":{"line":7,"column":null}},"loc":{"start":{"line":7,"column":0},"end":{"line":15,"column":1}}},"1":{"name":"(anonymous_1)","decl":{"start":{"line":10,"column":0},"end":{"line":10,"column":null}},"loc":{"start":{"line":10,"column":0},"end":{"line":12,"column":5}}}},"branchMap":{},"s":{"0":80,"1":80,"2":80,"3":80,"4":80,"5":80},"f":{"0":80,"1":80},"b":{}}
,"/home/mamali/repos/github.com/api-deriv-com-solidjs/src/index.tsx": {"path":"/home/mamali/repos/github.com/api-deriv-com-solidjs/src/index.tsx","statementMap":{"0":{"start":{"line":5,"column":0},"end":{"line":5,"column":null}},"1":{"start":{"line":5,"column":13},"end":{"line":5,"column":39}}},"fnMap":{"0":{"name":"(anonymous_0)","decl":{"start":{"line":5,"column":7},"end":{"line":5,"column":8}},"loc":{"start":{"line":5,"column":13},"end":{"line":5,"column":39}}}},"branchMap":{},"s":{"0":80,"1":80},"f":{"0":80},"b":{}}
,"/home/mamali/repos/github.com/api-deriv-com-solidjs/src/types.ts": {"path":"/home/mamali/repos/github.com/api-deriv-com-solidjs/src/types.ts","statementMap":{"0":{"start":{"line":1,"column":7},"end":{"line":1,"column":null}},"1":{"start":{"line":2,"column":2},"end":{"line":2,"column":null}},"2":{"start":{"line":3,"column":2},"end":{"line":3,"column":null}},"3":{"start":{"line":4,"column":2},"end":{"line":4,"column":null}},"4":{"start":{"line":5,"column":2},"end":{"line":5,"column":null}}},"fnMap":{"0":{"name":"(anonymous_0)","decl":{"start":{"line":1,"column":7},"end":{"line":1,"column":12}},"loc":{"start":{"line":1,"column":7},"end":{"line":5,"column":null}}}},"branchMap":{"0":{"loc":{"start":{"line":1,"column":12},"end":{"line":1,"column":null}},"type":"binary-expr","locations":[{"start":{"line":1,"column":12},"end":{"line":1,"column":null}},{"start":{"line":1,"column":12},"end":{"line":1,"column":null}}]}},"s":{"0":23,"1":23,"2":23,"3":23,"4":23},"f":{"0":23},"b":{"0":[23,23]}}
,"/home/mamali/repos/github.com/api-deriv-com-solidjs/src/Components/CodeBlock.tsx": {"path":"/home/mamali/repos/github.com/api-deriv-com-solidjs/src/Components/CodeBlock.tsx","statementMap":{"0":{"start":{"line":5,"column":15},"end":{"line":5,"column":45}},"1":{"start":{"line":11,"column":25},"end":{"line":40,"column":1}},"2":{"start":{"line":16,"column":0},"end":{"line":22,"column":3}},"3":{"start":{"line":17,"column":4},"end":{"line":21,"column":5}},"4":{"start":{"line":18,"column":6},"end":{"line":18,"column":null}},"5":{"start":{"line":19,"column":2},"end":{"line":19,"column":null}},"6":{"start":{"line":20,"column":0},"end":{"line":20,"column":null}},"7":{"start":{"line":24,"column":18},"end":{"line":24,"column":null}},"8":{"start":{"line":25,"column":20},"end":{"line":25,"column":null}},"9":{"start":{"line":25,"column":29},"end":{"line":25,"column":null}},"10":{"start":{"line":26,"column":15},"end":{"line":26,"column":null}},"11":{"start":{"line":26,"column":30},"end":{"line":26,"column":null}},"12":{"start":{"line":27,"column":2},"end":{"line":27,"column":null}},"13":{"start":{"line":27,"column":21},"end":{"line":27,"column":null}},"14":{"start":{"line":28,"column":2},"end":{"line":39,"column":7}},"15":{"start":{"line":29,"column":4},"end":{"line":29,"column":null}},"16":{"start":{"line":31,"column":18},"end":{"line":31,"column":25}},"17":{"start":{"line":32,"column":4},"end":{"line":32,"column":63}},"18":{"start":{"line":34,"column":4},"end":{"line":34,"column":25}},"19":{"start":{"line":36,"column":4},"end":{"line":36,"column":null}},"20":{"start":{"line":36,"column":10},"end":{"line":36,"column":null}},"21":{"start":{"line":38,"column":4},"end":{"line":38,"column":null}}},"fnMap":{"0":{"name":"(anonymous_0)","decl":{"start":{"line":11,"column":25},"end":{"line":11,"column":26}},"loc":{"start":{"line":13,"column":6},"end":{"line":40,"column":1}}},"1":{"name":"(anonymous_1)","decl":{"start":{"line":16,"column":0},"end":{"line":16,"column":null}},"loc":{"start":{"line":16,"column":0},"end":{"line":22,"column":3}}},"2":{"name":"(anonymous_2)","decl":{"start":{"line":24,"column":18},"end":{"line":24,"column":null}},"loc":{"start":{"line":24,"column":18},"end":{"line":24,"column":null}}},"3":{"name":"(anonymous_3)","decl":{"start":{"line":25,"column":29},"end":{"line":25,"column":null}},"loc":{"start":{"line":25,"column":29},"end":{"line":25,"column":null}}},"4":{"name":"(anonymous_4)","decl":{"start":{"line":26,"column":26},"end":{"line":26,"column":27}},"loc":{"start":{"line":26,"column":30},"end":{"line":26,"column":null}}},"5":{"name":"(anonymous_5)","decl":{"start":{"line":27,"column":15},"end":{"line":27,"column":16}},"loc":{"start":{"line":27,"column":21},"end":{"line":27,"column":null}}},"6":{"name":"(anonymous_6)","decl":{"start":{"line":28,"column":5},"end":{"line":28,"column":null}},"loc":{"start":{"line":28,"column":5},"end":{"line":39,"column":3}}},"7":{"name":"(anonymous_7)","decl":{"start":{"line":36,"column":10},"end":{"line":36,"column":null}},"loc":{"start":{"line":36,"column":10},"end":{"line":36,"column":null}}}},"branchMap":{"0":{"loc":{"start":{"line":17,"column":4},"end":{"line":21,"column":5}},"type":"if","locations":[{"start":{"line":17,"column":4},"end":{"line":21,"column":5}},{"start":{"line":17,"column":4},"end":{"line":21,"column":5}}]},"1":{"loc":{"start":{"line":32,"column":4},"end":{"line":32,"column":62}},"type":"cond-expr","locations":[{"start":{"line":32,"column":34},"end":{"line":32,"column":45}},{"start":{"line":32,"column":48},"end":{"line":32,"column":62}}]}},"s":{"0":23,"1":23,"2":115,"3":115,"4":115,"5":115,"6":115,"7":230,"8":115,"9":115,"10":115,"11":115,"12":115,"13":115,"14":115,"15":115,"16":115,"17":115,"18":115,"19":115,"20":115,"21":115},"f":{"0":115,"1":115,"2":115,"3":115,"4":115,"5":115,"6":115,"7":115},"b":{"0":[115,0],"1":[0,115]}}
,"/home/mamali/repos/github.com/api-deriv-com-solidjs/src/Components/CodeLanguageDropdown.tsx": {"path":"/home/mamali/repos/github.com/api-deriv-com-solidjs/src/Components/CodeLanguageDropdown.tsx","statementMap":{"0":{"start":{"line":4,"column":15},"end":{"line":4,"column":null}},"1":{"start":{"line":12,"column":10},"end":{"line":14,"column":4}},"2":{"start":{"line":13,"column":4},"end":{"line":13,"column":null}},"3":{"start":{"line":16,"column":17},"end":{"line":16,"column":null}},"4":{"start":{"line":17,"column":18},"end":{"line":17,"column":null}},"5":{"start":{"line":18,"column":18},"end":{"line":18,"column":35}},"6":{"start":{"line":19,"column":9},"end":{"line":19,"column":null}},"7":{"start":{"line":20,"column":8},"end":{"line":20,"column":null}},"8":{"start":{"line":22,"column":4},"end":{"line":26,"column":7}},"9":{"start":{"line":23,"column":6},"end":{"line":25,"column":7}},"10":{"start":{"line":24,"column":8},"end":{"line":24,"column":33}},"11":{"start":{"line":29,"column":18},"end":{"line":29,"column":null}},"12":{"start":{"line":30,"column":19},"end":{"line":30,"column":null}},"13":{"start":{"line":31,"column":7},"end":{"line":31,"column":null}},"14":{"start":{"line":32,"column":10},"end":{"line":32,"column":null}},"15":{"start":{"line":33,"column":15},"end":{"line":33,"column":null}},"16":{"start":{"line":34,"column":13},"end":{"line":34,"column":null}},"17":{"start":{"line":35,"column":19},"end":{"line":35,"column":null}},"18":{"start":{"line":36,"column":19},"end":{"line":36,"column":null}},"19":{"start":{"line":38,"column":6},"end":{"line":38,"column":null}},"20":{"start":{"line":39,"column":6},"end":{"line":39,"column":null}},"21":{"start":{"line":40,"column":6},"end":{"line":40,"column":null}},"22":{"start":{"line":41,"column":6},"end":{"line":41,"column":null}},"23":{"start":{"line":42,"column":6},"end":{"line":42,"column":59}},"24":{"start":{"line":43,"column":6},"end":{"line":43,"column":null}},"25":{"start":{"line":44,"column":6},"end":{"line":44,"column":null}},"26":{"start":{"line":45,"column":6},"end":{"line":45,"column":null}},"27":{"start":{"line":46,"column":6},"end":{"line":46,"column":null}}},"fnMap":{"0":{"name":"(anonymous_1)","decl":{"start":{"line":12,"column":10},"end":{"line":12,"column":null}},"loc":{"start":{"line":12,"column":10},"end":{"line":14,"column":3}}},"1":{"name":"(anonymous_3)","decl":{"start":{"line":22,"column":13},"end":{"line":22,"column":null}},"loc":{"start":{"line":22,"column":13},"end":{"line":26,"column":5}}},"2":{"name":"(anonymous_4)","decl":{"start":{"line":28,"column":13},"end":{"line":28,"column":null}},"loc":{"start":{"line":28,"column":13},"end":{"line":47,"column":null}}}},"branchMap":{"0":{"loc":{"start":{"line":23,"column":6},"end":{"line":25,"column":7}},"type":"if","locations":[{"start":{"line":23,"column":6},"end":{"line":25,"column":7}},{"start":{"line":23,"column":6},"end":{"line":25,"column":7}}]},"1":{"loc":{"start":{"line":38,"column":6},"end":{"line":38,"column":null}},"type":"binary-expr","locations":[{"start":{"line":38,"column":6},"end":{"line":38,"column":null}},{"start":{"line":38,"column":11},"end":{"line":38,"column":null}}]},"2":{"loc":{"start":{"line":39,"column":6},"end":{"line":39,"column":null}},"type":"binary-expr","locations":[{"start":{"line":39,"column":6},"end":{"line":39,"column":null}},{"start":{"line":39,"column":15},"end":{"line":39,"column":null}}]},"3":{"loc":{"start":{"line":40,"column":6},"end":{"line":40,"column":null}},"type":"binary-expr","locations":[{"start":{"line":40,"column":6},"end":{"line":40,"column":null}},{"start":{"line":40,"column":13},"end":{"line":40,"column":null}}]},"4":{"loc":{"start":{"line":41,"column":6},"end":{"line":41,"column":null}},"type":"binary-expr","locations":[{"start":{"line":41,"column":6},"end":{"line":41,"column":23}},{"start":{"line":41,"column":28},"end":{"line":41,"column":null}}]},"5":{"loc":{"start":{"line":42,"column":6},"end":{"line":42,"column":58}},"type":"binary-expr","locations":[{"start":{"line":42,"column":6},"end":{"line":42,"column":23}},{"start":{"line":42,"column":28},"end":{"line":42,"column":57}}]},"6":{"loc":{"start":{"line":43,"column":6},"end":{"line":43,"column":null}},"type":"binary-expr","locations":[{"start":{"line":43,"column":6},"end":{"line":43,"column":null}},{"start":{"line":43,"column":7},"end":{"line":43,"column":null}}]},"7":{"loc":{"start":{"line":44,"column":6},"end":{"line":44,"column":null}},"type":"binary-expr","locations":[{"start":{"line":44,"column":6},"end":{"line":44,"column":null}},{"start":{"line":44,"column":14},"end":{"line":44,"column":null}}]},"8":{"loc":{"start":{"line":45,"column":6},"end":{"line":45,"column":null}},"type":"binary-expr","locations":[{"start":{"line":45,"column":6},"end":{"line":45,"column":null}},{"start":{"line":45,"column":15},"end":{"line":45,"column":null}}]}},"s":{"0":23,"1":115,"2":115,"3":115,"4":115,"5":115,"6":115,"7":115,"8":115,"9":0,"10":0,"11":115,"12":115,"13":115,"14":115,"15":115,"16":115,"17":115,"18":115,"19":115,"20":115,"21":115,"22":115,"23":115,"24":115,"25":115,"26":115,"27":115},"f":{"0":115,"1":0,"2":115},"b":{"0":[0,0],"1":[115,115],"2":[115,115],"3":[115,115],"4":[115,115],"5":[115,115],"6":[115,115],"7":[115,115],"8":[115,115]}}
,"/home/mamali/repos/github.com/api-deriv-com-solidjs/src/Components/Footer/Footer.tsx": {"path":"/home/mamali/repos/github.com/api-deriv-com-solidjs/src/Components/Footer/Footer.tsx","statementMap":{"0":{"start":{"line":3,"column":15},"end":{"line":3,"column":null}},"1":{"start":{"line":5,"column":22},"end":{"line":5,"column":50}},"2":{"start":{"line":5,"column":28},"end":{"line":5,"column":50}}},"fnMap":{"0":{"name":"(anonymous_0)","decl":{"start":{"line":5,"column":22},"end":{"line":5,"column":23}},"loc":{"start":{"line":5,"column":28},"end":{"line":5,"column":50}}}},"branchMap":{},"s":{"0":80,"1":80,"2":80},"f":{"0":80},"b":{}}
,"/home/mamali/repos/github.com/api-deriv-com-solidjs/src/Components/HomeSlider/HomeSlider.tsx": {"path":"/home/mamali/repos/github.com/api-deriv-com-solidjs/src/Components/HomeSlider/HomeSlider.tsx","statementMap":{"0":{"start":{"line":7,"column":15},"end":{"line":7,"column":null}},"1":{"start":{"line":8,"column":16},"end":{"line":8,"column":null}},"2":{"start":{"line":13,"column":23},"end":{"line":28,"column":2}},"3":{"start":{"line":30,"column":21},"end":{"line":32,"column":3}},"4":{"start":{"line":36,"column":7},"end":{"line":36,"column":35}},"5":{"start":{"line":38,"column":12},"end":{"line":38,"column":null}},"6":{"start":{"line":39,"column":18},"end":{"line":39,"column":33}},"7":{"start":{"line":40,"column":18},"end":{"line":40,"column":35}},"8":{"start":{"line":41,"column":18},"end":{"line":41,"column":34}},"9":{"start":{"line":42,"column":18},"end":{"line":42,"column":35}},"10":{"start":{"line":43,"column":18},"end":{"line":43,"column":35}},"11":{"start":{"line":45,"column":4},"end":{"line":45,"column":null}},"12":{"start":{"line":47,"column":4},"end":{"line":47,"column":30}},"13":{"start":{"line":47,"column":24},"end":{"line":47,"column":28}},"14":{"start":{"line":52,"column":22},"end":{"line":52,"column":null}},"15":{"start":{"line":53,"column":22},"end":{"line":53,"column":null}},"16":{"start":{"line":54,"column":22},"end":{"line":54,"column":null}},"17":{"start":{"line":55,"column":23},"end":{"line":55,"column":39}},"18":{"start":{"line":56,"column":0},"end":{"line":56,"column":null}},"19":{"start":{"line":57,"column":18},"end":{"line":57,"column":null}},"20":{"start":{"line":58,"column":14},"end":{"line":58,"column":null}},"21":{"start":{"line":60,"column":0},"end":{"line":60,"column":null}}},"fnMap":{"0":{"name":"(anonymous_2)","decl":{"start":{"line":47,"column":18},"end":{"line":47,"column":19}},"loc":{"start":{"line":47,"column":24},"end":{"line":47,"column":28}}},"1":{"name":"(anonymous_5)","decl":{"start":{"line":60,"column":0},"end":{"line":60,"column":null}},"loc":{"start":{"line":60,"column":0},"end":{"line":60,"column":null}}}},"branchMap":{},"s":{"0":80,"1":80,"2":80,"3":80,"4":80,"5":80,"6":80,"7":80,"8":80,"9":80,"10":80,"11":80,"12":80,"13":0,"14":240,"15":240,"16":240,"17":240,"18":240,"19":240,"20":240,"21":480},"f":{"0":0,"1":240},"b":{}}
,"/home/mamali/repos/github.com/api-deriv-com-solidjs/src/Components/HomeSlider/index.tsx": {"path":"/home/mamali/repos/github.com/api-deriv-com-solidjs/src/Components/HomeSlider/index.tsx","statementMap":{"0":{"start":{"line":3,"column":26},"end":{"line":3,"column":null}}},"fnMap":{},"branchMap":{},"s":{"0":80},"f":{},"b":{}}
,"/home/mamali/repos/github.com/api-deriv-com-solidjs/src/Components/NavigationBar/NavigationBar.tsx": {"path":"/home/mamali/repos/github.com/api-deriv-com-solidjs/src/Components/NavigationBar/NavigationBar.tsx","statementMap":{"0":{"start":{"line":8,"column":15},"end":{"line":8,"column":null}},"1":{"start":{"line":9,"column":0},"end":{"line":9,"column":null}},"2":{"start":{"line":10,"column":16},"end":{"line":10,"column":null}},"3":{"start":{"line":11,"column":16},"end":{"line":11,"column":57}},"4":{"start":{"line":12,"column":16},"end":{"line":12,"column":null}},"5":{"start":{"line":13,"column":16},"end":{"line":13,"column":null}},"6":{"start":{"line":23,"column":62},"end":{"line":23,"column":null}},"7":{"start":{"line":24,"column":44},"end":{"line":24,"column":null}},"8":{"start":{"line":25,"column":15},"end":{"line":25,"column":22}},"9":{"start":{"line":26,"column":14},"end":{"line":26,"column":null}},"10":{"start":{"line":28,"column":17},"end":{"line":28,"column":null}},"11":{"start":{"line":29,"column":14},"end":{"line":29,"column":null}},"12":{"start":{"line":30,"column":18},"end":{"line":30,"column":35}},"13":{"start":{"line":31,"column":18},"end":{"line":31,"column":null}},"14":{"start":{"line":32,"column":14},"end":{"line":32,"column":null}},"15":{"start":{"line":33,"column":14},"end":{"line":33,"column":null}},"16":{"start":{"line":34,"column":12},"end":{"line":34,"column":null}},"17":{"start":{"line":35,"column":19},"end":{"line":35,"column":35}},"18":{"start":{"line":36,"column":19},"end":{"line":36,"column":36}},"19":{"start":{"line":38,"column":4},"end":{"line":38,"column":null}},"20":{"start":{"line":38,"column":26},"end":{"line":38,"column":null}},"21":{"start":{"line":40,"column":4},"end":{"line":54,"column":15}},"22":{"start":{"line":45,"column":8},"end":{"line":51,"column":null}},"23":{"start":{"line":46,"column":16},"end":{"line":46,"column":null}},"24":{"start":{"line":48,"column":10},"end":{"line":48,"column":52}},"25":{"start":{"line":50,"column":10},"end":{"line":50,"column":23}},"26":{"start":{"line":56,"column":4},"end":{"line":83,"column":8}},"27":{"start":{"line":58,"column":8},"end":{"line":58,"column":22}},"28":{"start":{"line":61,"column":24},"end":{"line":82,"column":8}},"29":{"start":{"line":63,"column":10},"end":{"line":63,"column":null}},"30":{"start":{"line":69,"column":10},"end":{"line":69,"column":null}},"31":{"start":{"line":75,"column":10},"end":{"line":75,"column":35}},"32":{"start":{"line":79,"column":10},"end":{"line":79,"column":28}},"33":{"start":{"line":87,"column":8},"end":{"line":87,"column":22}},"34":{"start":{"line":94,"column":10},"end":{"line":94,"column":null}},"35":{"start":{"line":98,"column":25},"end":{"line":98,"column":null}},"36":{"start":{"line":99,"column":25},"end":{"line":99,"column":null}},"37":{"start":{"line":100,"column":25},"end":{"line":100,"column":42}},"38":{"start":{"line":102,"column":10},"end":{"line":104,"column":12}},"39":{"start":{"line":103,"column":12},"end":{"line":103,"column":null}},"40":{"start":{"line":106,"column":10},"end":{"line":106,"column":53}},"41":{"start":{"line":106,"column":33},"end":{"line":106,"column":43}},"42":{"start":{"line":108,"column":10},"end":{"line":108,"column":null}},"43":{"start":{"line":112,"column":14},"end":{"line":112,"column":null}},"44":{"start":{"line":116,"column":29},"end":{"line":116,"column":null}},"45":{"start":{"line":118,"column":14},"end":{"line":139,"column":null}},"46":{"start":{"line":120,"column":18},"end":{"line":120,"column":35}},"47":{"start":{"line":123,"column":43},"end":{"line":138,"column":null}},"48":{"start":{"line":129,"column":20},"end":{"line":129,"column":null}},"49":{"start":{"line":135,"column":14},"end":{"line":135,"column":null}}},"fnMap":{"0":{"name":"(anonymous_2)","decl":{"start":{"line":38,"column":20},"end":{"line":38,"column":21}},"loc":{"start":{"line":38,"column":26},"end":{"line":38,"column":null}}},"1":{"name":"(anonymous_3)","decl":{"start":{"line":44,"column":6},"end":{"line":44,"column":7}},"loc":{"start":{"line":44,"column":12},"end":{"line":52,"column":7}}},"2":{"name":"(anonymous_4)","decl":{"start":{"line":45,"column":17},"end":{"line":45,"column":18}},"loc":{"start":{"line":45,"column":23},"end":{"line":51,"column":9}}},"3":{"name":"(anonymous_5)","decl":{"start":{"line":57,"column":6},"end":{"line":57,"column":7}},"loc":{"start":{"line":57,"column":17},"end":{"line":59,"column":7}}},"4":{"name":"(anonymous_6)","decl":{"start":{"line":61,"column":16},"end":{"line":61,"column":17}},"loc":{"start":{"line":61,"column":24},"end":{"line":82,"column":8}}},"5":{"name":"(anonymous_7)","decl":{"start":{"line":62,"column":8},"end":{"line":62,"column":9}},"loc":{"start":{"line":62,"column":29},"end":{"line":64,"column":9}}},"6":{"name":"(anonymous_8)","decl":{"start":{"line":68,"column":8},"end":{"line":68,"column":9}},"loc":{"start":{"line":68,"column":19},"end":{"line":70,"column":9}}},"7":{"name":"(anonymous_9)","decl":{"start":{"line":74,"column":8},"end":{"line":74,"column":9}},"loc":{"start":{"line":74,"column":14},"end":{"line":76,"column":9}}},"8":{"name":"(anonymous_10)","decl":{"start":{"line":78,"column":7},"end":{"line":78,"column":null}},"loc":{"start":{"line":78,"column":7},"end":{"line":80,"column":9}}},"9":{"name":"(anonymous_11)","decl":{"start":{"line":86,"column":6},"end":{"line":86,"column":7}},"loc":{"start":{"line":86,"column":17},"end":{"line":88,"column":7}}},"10":{"name":"(anonymous_13)","decl":{"start":{"line":93,"column":8},"end":{"line":93,"column":9}},"loc":{"start":{"line":93,"column":19},"end":{"line":95,"column":9}}},"11":{"name":"(anonymous_15)","decl":{"start":{"line":102,"column":27},"end":{"line":102,"column":28}},"loc":{"start":{"line":102,"column":33},"end":{"line":104,"column":11}}},"12":{"name":"(anonymous_16)","decl":{"start":{"line":106,"column":27},"end":{"line":106,"column":28}},"loc":{"start":{"line":106,"column":33},"end":{"line":106,"column":43}}},"13":{"name":"(anonymous_17)","decl":{"start":{"line":111,"column":12},"end":{"line":111,"column":13}},"loc":{"start":{"line":111,"column":23},"end":{"line":113,"column":13}}},"14":{"name":"(anonymous_19)","decl":{"start":{"line":119,"column":16},"end":{"line":119,"column":17}},"loc":{"start":{"line":119,"column":27},"end":{"line":121,"column":17}}},"15":{"name":"(anonymous_20)","decl":{"start":{"line":123,"column":26},"end":{"line":123,"column":27}},"loc":{"start":{"line":123,"column":43},"end":{"line":138,"column":null}}},"16":{"name":"(anonymous_21)","decl":{"start":{"line":128,"column":18},"end":{"line":128,"column":19}},"loc":{"start":{"line":128,"column":29},"end":{"line":130,"column":19}}},"17":{"name":"(anonymous_22)","decl":{"start":{"line":134,"column":16},"end":{"line":134,"column":null}},"loc":{"start":{"line":134,"column":16},"end":{"line":136,"column":null}}}},"branchMap":{},"s":{"0":80,"1":80,"2":80,"3":80,"4":80,"5":80,"6":80,"7":80,"8":80,"9":80,"10":80,"11":80,"12":80,"13":80,"14":80,"15":80,"16":80,"17":80,"18":80,"19":80,"20":0,"21":80,"22":80,"23":80,"24":80,"25":80,"26":80,"27":80,"28":240,"29":290,"30":240,"31":315,"32":240,"33":80,"34":240,"35":0,"36":0,"37":0,"38":0,"39":0,"40":0,"41":0,"42":0,"43":0,"44":0,"45":0,"46":0,"47":0,"48":0,"49":0},"f":{"0":0,"1":80,"2":80,"3":80,"4":240,"5":290,"6":240,"7":315,"8":240,"9":80,"10":240,"11":0,"12":0,"13":0,"14":0,"15":0,"16":0,"17":0},"b":{}}
,"/home/mamali/repos/github.com/api-deriv-com-solidjs/src/Components/Organisms/CodePreview.tsx": {"path":"/home/mamali/repos/github.com/api-deriv-com-solidjs/src/Components/Organisms/CodePreview.tsx","statementMap":{"0":{"start":{"line":5,"column":15},"end":{"line":5,"column":null}},"1":{"start":{"line":31,"column":0},"end":{"line":67,"column":2}},"2":{"start":{"line":71,"column":12},"end":{"line":75,"column":3}},"3":{"start":{"line":72,"column":4},"end":{"line":74,"column":7}},"4":{"start":{"line":77,"column":2},"end":{"line":100,"column":7}},"5":{"start":{"line":78,"column":16},"end":{"line":78,"column":null}},"6":{"start":{"line":79,"column":18},"end":{"line":79,"column":33}},"7":{"start":{"line":80,"column":18},"end":{"line":80,"column":34}},"8":{"start":{"line":81,"column":18},"end":{"line":81,"column":35}},"9":{"start":{"line":82,"column":18},"end":{"line":82,"column":34}},"10":{"start":{"line":84,"column":4},"end":{"line":90,"column":8}},"11":{"start":{"line":86,"column":0},"end":{"line":86,"column":null}},"12":{"start":{"line":92,"column":4},"end":{"line":97,"column":8}},"13":{"start":{"line":94,"column":8},"end":{"line":94,"column":null}},"14":{"start":{"line":99,"column":0},"end":{"line":99,"column":null}}},"fnMap":{"0":{"name":"CodePreview","decl":{"start":{"line":68,"column":16},"end":{"line":68,"column":27}},"loc":{"start":{"line":70,"column":3},"end":{"line":101,"column":1}}},"1":{"name":"(anonymous_1)","decl":{"start":{"line":71,"column":12},"end":{"line":71,"column":null}},"loc":{"start":{"line":71,"column":12},"end":{"line":75,"column":3}}},"2":{"name":"(anonymous_2)","decl":{"start":{"line":77,"column":6},"end":{"line":77,"column":null}},"loc":{"start":{"line":77,"column":6},"end":{"line":100,"column":3}}},"3":{"name":"(anonymous_3)","decl":{"start":{"line":85,"column":5},"end":{"line":85,"column":null}},"loc":{"start":{"line":85,"column":5},"end":{"line":87,"column":7}}},"4":{"name":"(anonymous_4)","decl":{"start":{"line":93,"column":6},"end":{"line":93,"column":7}},"loc":{"start":{"line":93,"column":18},"end":{"line":95,"column":null}}}},"branchMap":{},"s":{"0":23,"1":23,"2":115,"3":0,"4":115,"5":115,"6":115,"7":115,"8":115,"9":115,"10":115,"11":115,"12":115,"13":115,"14":115},"f":{"0":115,"1":0,"2":115,"3":115,"4":115},"b":{}}
,"/home/mamali/repos/github.com/api-deriv-com-solidjs/src/Components/SideBar/SideBar.tsx": {"path":"/home/mamali/repos/github.com/api-deriv-com-solidjs/src/Components/SideBar/SideBar.tsx","statementMap":{"0":{"start":{"line":5,"column":0},"end":{"line":5,"column":null}},"1":{"start":{"line":11,"column":20},"end":{"line":11,"column":33}},"2":{"start":{"line":13,"column":12},"end":{"line":13,"column":null}},"3":{"start":{"line":14,"column":18},"end":{"line":14,"column":null}},"4":{"start":{"line":15,"column":18},"end":{"line":15,"column":null}},"5":{"start":{"line":19,"column":8},"end":{"line":19,"column":22}},"6":{"start":{"line":28,"column":10},"end":{"line":28,"column":null}}},"fnMap":{"0":{"name":"(anonymous_2)","decl":{"start":{"line":18,"column":6},"end":{"line":18,"column":7}},"loc":{"start":{"line":18,"column":17},"end":{"line":20,"column":7}}},"1":{"name":"(anonymous_4)","decl":{"start":{"line":27,"column":8},"end":{"line":27,"column":9}},"loc":{"start":{"line":27,"column":12},"end":{"line":29,"column":null}}}},"branchMap":{},"s":{"0":23,"1":23,"2":23,"3":23,"4":23,"5":23,"6":138},"f":{"0":23,"1":138},"b":{}}
,"/home/mamali/repos/github.com/api-deriv-com-solidjs/src/Helpers/WS.ts": {"path":"/home/mamali/repos/github.com/api-deriv-com-solidjs/src/Helpers/WS.ts","statementMap":{"0":{"start":{"line":2,"column":2},"end":{"line":2,"column":null}},"1":{"start":{"line":3,"column":15},"end":{"line":3,"column":null}},"2":{"start":{"line":7,"column":0},"end":{"line":7,"column":null}},"3":{"start":{"line":9,"column":13},"end":{"line":10,"column":null}},"4":{"start":{"line":10,"column":2},"end":{"line":10,"column":null}},"5":{"start":{"line":13,"column":26},"end":{"line":20,"column":null}},"6":{"start":{"line":14,"column":2},"end":{"line":20,"column":null}},"7":{"start":{"line":15,"column":4},"end":{"line":20,"column":null}},"8":{"start":{"line":16,"column":6},"end":{"line":17,"column":null}},"9":{"start":{"line":17,"column":8},"end":{"line":17,"column":null}},"10":{"start":{"line":20,"column":6},"end":{"line":20,"column":null}},"11":{"start":{"line":24,"column":20},"end":{"line":27,"column":null}},"12":{"start":{"line":25,"column":2},"end":{"line":25,"column":null}},"13":{"start":{"line":26,"column":2},"end":{"line":26,"column":null}},"14":{"start":{"line":27,"column":2},"end":{"line":27,"column":null}},"15":{"start":{"line":31,"column":15},"end":{"line":31,"column":null}},"16":{"start":{"line":32,"column":2},"end":{"line":32,"column":null}},"17":{"start":{"line":35,"column":23},"end":{"line":36,"column":null}},"18":{"start":{"line":36,"column":2},"end":{"line":36,"column":null}}},"fnMap":{"0":{"name":"(anonymous_0)","decl":{"start":{"line":9,"column":13},"end":{"line":9,"column":14}},"loc":{"start":{"line":9,"column":47},"end":{"line":10,"column":null}}},"1":{"name":"(anonymous_1)","decl":{"start":{"line":13,"column":26},"end":{"line":13,"column":27}},"loc":{"start":{"line":14,"column":2},"end":{"line":20,"column":null}}},"2":{"name":"(anonymous_2)","decl":{"start":{"line":14,"column":20},"end":{"line":14,"column":21}},"loc":{"start":{"line":14,"column":33},"end":{"line":20,"column":null}}},"3":{"name":"(anonymous_3)","decl":{"start":{"line":16,"column":38},"end":{"line":16,"column":44}},"loc":{"start":{"line":16,"column":44},"end":{"line":17,"column":null}}},"4":{"name":"(anonymous_4)","decl":{"start":{"line":24,"column":20},"end":{"line":24,"column":27}},"loc":{"start":{"line":24,"column":43},"end":{"line":27,"column":null}}},"5":{"name":"handleMessage","decl":{"start":{"line":30,"column":0},"end":{"line":30,"column":23}},"loc":{"start":{"line":30,"column":48},"end":{"line":32,"column":null}}},"6":{"name":"(anonymous_6)","decl":{"start":{"line":35,"column":23},"end":{"line":35,"column":29}},"loc":{"start":{"line":35,"column":29},"end":{"line":36,"column":null}}}},"branchMap":{"0":{"loc":{"start":{"line":15,"column":4},"end":{"line":20,"column":null}},"type":"if","locations":[{"start":{"line":15,"column":4},"end":{"line":20,"column":null}},{"start":{"line":15,"column":4},"end":{"line":20,"column":null}}]}},"s":{"0":2,"1":2,"2":2,"3":2,"4":2,"5":2,"6":0,"7":0,"8":0,"9":0,"10":0,"11":2,"12":0,"13":0,"14":0,"15":0,"16":0,"17":2,"18":0},"f":{"0":2,"1":0,"2":0,"3":0,"4":0,"5":0,"6":0},"b":{"0":[0,0]}}
,"/home/mamali/repos/github.com/api-deriv-com-solidjs/src/Pages/Docs/Docs.tsx": {"path":"/home/mamali/repos/github.com/api-deriv-com-solidjs/src/Pages/Docs/Docs.tsx","statementMap":{"0":{"start":{"line":5,"column":15},"end":{"line":5,"column":null}},"1":{"start":{"line":6,"column":0},"end":{"line":6,"column":null}},"2":{"start":{"line":14,"column":10},"end":{"line":14,"column":null}},"3":{"start":{"line":15,"column":19},"end":{"line":15,"column":54}},"4":{"start":{"line":15,"column":36},"end":{"line":15,"column":53}},"5":{"start":{"line":16,"column":2},"end":{"line":18,"column":5}},"6":{"start":{"line":17,"column":4},"end":{"line":17,"column":28}},"7":{"start":{"line":20,"column":17},"end":{"line":20,"column":null}},"8":{"start":{"line":22,"column":4},"end":{"line":22,"column":null}},"9":{"start":{"line":24,"column":4},"end":{"line":24,"column":null}}},"fnMap":{"0":{"name":"(anonymous_1)","decl":{"start":{"line":15,"column":30},"end":{"line":15,"column":31}},"loc":{"start":{"line":15,"column":36},"end":{"line":15,"column":53}}},"1":{"name":"(anonymous_2)","decl":{"start":{"line":16,"column":15},"end":{"line":16,"column":16}},"loc":{"start":{"line":16,"column":19},"end":{"line":18,"column":3}}}},"branchMap":{},"s":{"0":23,"1":23,"2":23,"3":23,"4":23,"5":23,"6":23,"7":23,"8":23,"9":23},"f":{"0":23,"1":23},"b":{}}
,"/home/mamali/repos/github.com/api-deriv-com-solidjs/src/Pages/Docs/FAQ/Faq.tsx": {"path":"/home/mamali/repos/github.com/api-deriv-com-solidjs/src/Pages/Docs/FAQ/Faq.tsx","statementMap":{"0":{"start":{"line":7,"column":12},"end":{"line":7,"column":null}},"1":{"start":{"line":8,"column":2},"end":{"line":8,"column":null}},"2":{"start":{"line":9,"column":16},"end":{"line":9,"column":null}},"3":{"start":{"line":10,"column":9},"end":{"line":10,"column":null}},"4":{"start":{"line":11,"column":7},"end":{"line":11,"column":null}},"5":{"start":{"line":12,"column":7},"end":{"line":12,"column":null}},"6":{"start":{"line":13,"column":16},"end":{"line":13,"column":null}},"7":{"start":{"line":14,"column":0},"end":{"line":14,"column":null}},"8":{"start":{"line":15,"column":10},"end":{"line":15,"column":null}},"9":{"start":{"line":16,"column":17},"end":{"line":16,"column":null}},"10":{"start":{"line":17,"column":17},"end":{"line":17,"column":null}},"11":{"start":{"line":18,"column":12},"end":{"line":18,"column":null}},"12":{"start":{"line":19,"column":17},"end":{"line":19,"column":null}},"13":{"start":{"line":20,"column":17},"end":{"line":20,"column":null}},"14":{"start":{"line":21,"column":9},"end":{"line":21,"column":null}},"15":{"start":{"line":22,"column":17},"end":{"line":22,"column":null}},"16":{"start":{"line":23,"column":17},"end":{"line":23,"column":null}},"17":{"start":{"line":24,"column":16},"end":{"line":24,"column":null}},"18":{"start":{"line":25,"column":17},"end":{"line":25,"column":null}},"19":{"start":{"line":26,"column":16},"end":{"line":26,"column":null}},"20":{"start":{"line":27,"column":17},"end":{"line":27,"column":null}},"21":{"start":{"line":33,"column":17},"end":{"line":95,"column":1}},"22":{"start":{"line":37,"column":24},"end":{"line":37,"column":null}},"23":{"start":{"line":38,"column":2},"end":{"line":94,"column":7}},"24":{"start":{"line":39,"column":17},"end":{"line":39,"column":null}},"25":{"start":{"line":40,"column":18},"end":{"line":40,"column":null}},"26":{"start":{"line":41,"column":14},"end":{"line":41,"column":null}},"27":{"start":{"line":42,"column":17},"end":{"line":42,"column":null}},"28":{"start":{"line":44,"column":4},"end":{"line":44,"column":null}},"29":{"start":{"line":44,"column":26},"end":{"line":44,"column":null}},"30":{"start":{"line":46,"column":4},"end":{"line":46,"column":null}},"31":{"start":{"line":48,"column":4},"end":{"line":61,"column":14}},"32":{"start":{"line":50,"column":8},"end":{"line":50,"column":null}},"33":{"start":{"line":54,"column":22},"end":{"line":54,"column":null}},"34":{"start":{"line":56,"column":8},"end":{"line":56,"column":43}},"35":{"start":{"line":58,"column":8},"end":{"line":58,"column":null}},"36":{"start":{"line":63,"column":4},"end":{"line":76,"column":14}},"37":{"start":{"line":65,"column":8},"end":{"line":65,"column":26}},"38":{"start":{"line":69,"column":22},"end":{"line":69,"column":44}},"39":{"start":{"line":71,"column":8},"end":{"line":71,"column":44}},"40":{"start":{"line":73,"column":8},"end":{"line":73,"column":21}},"41":{"start":{"line":78,"column":4},"end":{"line":91,"column":14}},"42":{"start":{"line":80,"column":8},"end":{"line":80,"column":26}},"43":{"start":{"line":84,"column":22},"end":{"line":84,"column":45}},"44":{"start":{"line":86,"column":8},"end":{"line":86,"column":null}},"45":{"start":{"line":88,"column":8},"end":{"line":88,"column":null}},"46":{"start":{"line":93,"column":4},"end":{"line":93,"column":16}},"47":{"start":{"line":97,"column":19},"end":{"line":155,"column":1}},"48":{"start":{"line":98,"column":2},"end":{"line":154,"column":7}},"49":{"start":{"line":99,"column":18},"end":{"line":99,"column":null}},"50":{"start":{"line":100,"column":18},"end":{"line":100,"column":34}},"51":{"start":{"line":101,"column":19},"end":{"line":101,"column":null}},"52":{"start":{"line":103,"column":4},"end":{"line":106,"column":14}},"53":{"start":{"line":105,"column":18},"end":{"line":105,"column":null}},"54":{"start":{"line":108,"column":4},"end":{"line":111,"column":14}},"55":{"start":{"line":110,"column":18},"end":{"line":110,"column":null}},"56":{"start":{"line":113,"column":4},"end":{"line":116,"column":14}},"57":{"start":{"line":115,"column":18},"end":{"line":115,"column":41}},"58":{"start":{"line":118,"column":4},"end":{"line":121,"column":14}},"59":{"start":{"line":120,"column":18},"end":{"line":120,"column":null}},"60":{"start":{"line":123,"column":4},"end":{"line":126,"column":14}},"61":{"start":{"line":125,"column":18},"end":{"line":125,"column":null}},"62":{"start":{"line":128,"column":4},"end":{"line":131,"column":14}},"63":{"start":{"line":130,"column":18},"end":{"line":130,"column":null}},"64":{"start":{"line":133,"column":4},"end":{"line":136,"column":14}},"65":{"start":{"line":135,"column":18},"end":{"line":135,"column":null}},"66":{"start":{"line":138,"column":4},"end":{"line":141,"column":14}},"67":{"start":{"line":140,"column":18},"end":{"line":140,"column":null}},"68":{"start":{"line":143,"column":4},"end":{"line":146,"column":14}},"69":{"start":{"line":145,"column":18},"end":{"line":145,"column":null}},"70":{"start":{"line":148,"column":4},"end":{"line":151,"column":14}},"71":{"start":{"line":150,"column":18},"end":{"line":150,"column":42}},"72":{"start":{"line":153,"column":4},"end":{"line":153,"column":17}},"73":{"start":{"line":157,"column":0},"end":{"line":157,"column":null}}},"fnMap":{"0":{"name":"(anonymous_0)","decl":{"start":{"line":33,"column":17},"end":{"line":33,"column":null}},"loc":{"start":{"line":36,"column":6},"end":{"line":95,"column":1}}},"1":{"name":"(anonymous_1)","decl":{"start":{"line":38,"column":10},"end":{"line":38,"column":11}},"loc":{"start":{"line":38,"column":16},"end":{"line":94,"column":3}}},"2":{"name":"(anonymous_2)","decl":{"start":{"line":44,"column":20},"end":{"line":44,"column":21}},"loc":{"start":{"line":44,"column":26},"end":{"line":44,"column":null}}},"3":{"name":"(anonymous_3)","decl":{"start":{"line":49,"column":6},"end":{"line":49,"column":7}},"loc":{"start":{"line":49,"column":12},"end":{"line":51,"column":null}}},"4":{"name":"(anonymous_4)","decl":{"start":{"line":53,"column":0},"end":{"line":53,"column":null}},"loc":{"start":{"line":53,"column":0},"end":{"line":59,"column":7}}},"5":{"name":"(anonymous_5)","decl":{"start":{"line":64,"column":6},"end":{"line":64,"column":7}},"loc":{"start":{"line":64,"column":17},"end":{"line":66,"column":7}}},"6":{"name":"(anonymous_6)","decl":{"start":{"line":68,"column":6},"end":{"line":68,"column":7}},"loc":{"start":{"line":68,"column":18},"end":{"line":74,"column":7}}},"7":{"name":"(anonymous_7)","decl":{"start":{"line":79,"column":6},"end":{"line":79,"column":7}},"loc":{"start":{"line":79,"column":17},"end":{"line":81,"column":7}}},"8":{"name":"(anonymous_8)","decl":{"start":{"line":83,"column":6},"end":{"line":83,"column":7}},"loc":{"start":{"line":83,"column":21},"end":{"line":89,"column":7}}},"9":{"name":"(anonymous_9)","decl":{"start":{"line":97,"column":19},"end":{"line":97,"column":20}},"loc":{"start":{"line":97,"column":25},"end":{"line":155,"column":1}}},"10":{"name":"(anonymous_10)","decl":{"start":{"line":98,"column":10},"end":{"line":98,"column":11}},"loc":{"start":{"line":98,"column":16},"end":{"line":154,"column":3}}},"11":{"name":"(anonymous_11)","decl":{"start":{"line":105,"column":12},"end":{"line":105,"column":13}},"loc":{"start":{"line":105,"column":18},"end":{"line":105,"column":null}}},"12":{"name":"(anonymous_12)","decl":{"start":{"line":110,"column":12},"end":{"line":110,"column":13}},"loc":{"start":{"line":110,"column":18},"end":{"line":110,"column":null}}},"13":{"name":"(anonymous_13)","decl":{"start":{"line":115,"column":12},"end":{"line":115,"column":13}},"loc":{"start":{"line":115,"column":18},"end":{"line":115,"column":41}}},"14":{"name":"(anonymous_14)","decl":{"start":{"line":120,"column":12},"end":{"line":120,"column":13}},"loc":{"start":{"line":120,"column":18},"end":{"line":120,"column":null}}},"15":{"name":"(anonymous_15)","decl":{"start":{"line":125,"column":12},"end":{"line":125,"column":13}},"loc":{"start":{"line":125,"column":18},"end":{"line":125,"column":null}}},"16":{"name":"(anonymous_16)","decl":{"start":{"line":130,"column":12},"end":{"line":130,"column":13}},"loc":{"start":{"line":130,"column":18},"end":{"line":130,"column":null}}},"17":{"name":"(anonymous_17)","decl":{"start":{"line":135,"column":12},"end":{"line":135,"column":13}},"loc":{"start":{"line":135,"column":18},"end":{"line":135,"column":null}}},"18":{"name":"(anonymous_18)","decl":{"start":{"line":140,"column":12},"end":{"line":140,"column":13}},"loc":{"start":{"line":140,"column":18},"end":{"line":140,"column":null}}},"19":{"name":"(anonymous_19)","decl":{"start":{"line":145,"column":12},"end":{"line":145,"column":13}},"loc":{"start":{"line":145,"column":18},"end":{"line":145,"column":null}}},"20":{"name":"(anonymous_20)","decl":{"start":{"line":150,"column":12},"end":{"line":150,"column":13}},"loc":{"start":{"line":150,"column":18},"end":{"line":150,"column":42}}}},"branchMap":{},"s":{"0":23,"1":23,"2":23,"3":23,"4":23,"5":23,"6":23,"7":23,"8":23,"9":23,"10":23,"11":23,"12":23,"13":23,"14":23,"15":23,"16":23,"17":23,"18":23,"19":23,"20":23,"21":23,"22":0,"23":0,"24":0,"25":0,"26":0,"27":0,"28":0,"29":0,"30":0,"31":0,"32":0,"33":0,"34":0,"35":0,"36":0,"37":0,"38":0,"39":0,"40":0,"41":0,"42":0,"43":0,"44":0,"45":0,"46":0,"47":23,"48":0,"49":0,"50":0,"51":0,"52":0,"53":0,"54":0,"55":0,"56":0,"57":0,"58":0,"59":0,"60":0,"61":0,"62":0,"63":0,"64":0,"65":0,"66":0,"67":0,"68":0,"69":0,"70":0,"71":0,"72":0,"73":23},"f":{"0":0,"1":0,"2":0,"3":0,"4":0,"5":0,"6":0,"7":0,"8":0,"9":0,"10":0,"11":0,"12":0,"13":0,"14":0,"15":0,"16":0,"17":0,"18":0,"19":0,"20":0},"b":{}}
,"/home/mamali/repos/github.com/api-deriv-com-solidjs/src/Pages/Docs/QuickStart/QuickStart.tsx": {"path":"/home/mamali/repos/github.com/api-deriv-com-solidjs/src/Pages/Docs/QuickStart/QuickStart.tsx","statementMap":{"0":{"start":{"line":5,"column":15},"end":{"line":5,"column":null}},"1":{"start":{"line":8,"column":11},"end":{"line":52,"column":1}},"2":{"start":{"line":9,"column":2},"end":{"line":51,"column":7}},"3":{"start":{"line":10,"column":17},"end":{"line":10,"column":null}},"4":{"start":{"line":11,"column":18},"end":{"line":11,"column":33}},"5":{"start":{"line":12,"column":18},"end":{"line":12,"column":35}},"6":{"start":{"line":13,"column":18},"end":{"line":13,"column":35}},"7":{"start":{"line":14,"column":12},"end":{"line":14,"column":null}},"8":{"start":{"line":15,"column":18},"end":{"line":15,"column":null}},"9":{"start":{"line":16,"column":18},"end":{"line":16,"column":35}},"10":{"start":{"line":17,"column":18},"end":{"line":17,"column":34}},"11":{"start":{"line":18,"column":18},"end":{"line":18,"column":null}},"12":{"start":{"line":19,"column":14},"end":{"line":19,"column":null}},"13":{"start":{"line":20,"column":11},"end":{"line":20,"column":null}},"14":{"start":{"line":21,"column":12},"end":{"line":21,"column":null}},"15":{"start":{"line":22,"column":19},"end":{"line":22,"column":37}},"16":{"start":{"line":23,"column":19},"end":{"line":23,"column":null}},"17":{"start":{"line":24,"column":13},"end":{"line":24,"column":null}},"18":{"start":{"line":25,"column":19},"end":{"line":25,"column":37}},"19":{"start":{"line":26,"column":19},"end":{"line":26,"column":null}},"20":{"start":{"line":27,"column":19},"end":{"line":27,"column":null}},"21":{"start":{"line":28,"column":19},"end":{"line":28,"column":37}},"22":{"start":{"line":30,"column":4},"end":{"line":32,"column":14}},"23":{"start":{"line":34,"column":4},"end":{"line":36,"column":14}},"24":{"start":{"line":38,"column":4},"end":{"line":40,"column":14}},"25":{"start":{"line":42,"column":4},"end":{"line":44,"column":14}},"26":{"start":{"line":46,"column":4},"end":{"line":48,"column":14}},"27":{"start":{"line":50,"column":4},"end":{"line":50,"column":null}}},"fnMap":{"0":{"name":"(anonymous_0)","decl":{"start":{"line":8,"column":11},"end":{"line":8,"column":null}},"loc":{"start":{"line":8,"column":11},"end":{"line":52,"column":1}}},"1":{"name":"(anonymous_1)","decl":{"start":{"line":9,"column":10},"end":{"line":9,"column":11}},"loc":{"start":{"line":9,"column":11},"end":{"line":51,"column":3}}}},"branchMap":{},"s":{"0":23,"1":23,"2":23,"3":23,"4":23,"5":23,"6":23,"7":23,"8":23,"9":23,"10":23,"11":23,"12":23,"13":23,"14":23,"15":23,"16":23,"17":23,"18":23,"19":23,"20":23,"21":23,"22":23,"23":23,"24":23,"25":23,"26":23,"27":23},"f":{"0":23,"1":23},"b":{}}
,"/home/mamali/repos/github.com/api-deriv-com-solidjs/src/Pages/Home/Benefits.tsx": {"path":"/home/mamali/repos/github.com/api-deriv-com-solidjs/src/Pages/Home/Benefits.tsx","statementMap":{"0":{"start":{"line":4,"column":15},"end":{"line":5,"column":null}},"1":{"start":{"line":13,"column":17},"end":{"line":42,"column":4}},"2":{"start":{"line":13,"column":23},"end":{"line":42,"column":4}},"3":{"start":{"line":14,"column":15},"end":{"line":14,"column":37}},"4":{"start":{"line":15,"column":16},"end":{"line":15,"column":null}},"5":{"start":{"line":16,"column":16},"end":{"line":16,"column":null}},"6":{"start":{"line":17,"column":16},"end":{"line":17,"column":32}},"7":{"start":{"line":18,"column":16},"end":{"line":18,"column":32}},"8":{"start":{"line":19,"column":16},"end":{"line":19,"column":null}},"9":{"start":{"line":20,"column":16},"end":{"line":20,"column":null}},"10":{"start":{"line":21,"column":16},"end":{"line":21,"column":33}},"11":{"start":{"line":22,"column":16},"end":{"line":22,"column":32}},"12":{"start":{"line":23,"column":17},"end":{"line":23,"column":null}},"13":{"start":{"line":24,"column":17},"end":{"line":24,"column":null}},"14":{"start":{"line":25,"column":14},"end":{"line":25,"column":null}},"15":{"start":{"line":26,"column":17},"end":{"line":26,"column":35}},"16":{"start":{"line":27,"column":17},"end":{"line":27,"column":null}},"17":{"start":{"line":28,"column":17},"end":{"line":28,"column":35}},"18":{"start":{"line":29,"column":17},"end":{"line":29,"column":34}},"19":{"start":{"line":31,"column":2},"end":{"line":31,"column":null}},"20":{"start":{"line":33,"column":2},"end":{"line":33,"column":null}},"21":{"start":{"line":35,"column":2},"end":{"line":35,"column":null}},"22":{"start":{"line":37,"column":2},"end":{"line":37,"column":null}},"23":{"start":{"line":39,"column":2},"end":{"line":39,"column":52}},"24":{"start":{"line":41,"column":2},"end":{"line":41,"column":14}},"25":{"start":{"line":45,"column":18},"end":{"line":45,"column":null}},"26":{"start":{"line":50,"column":2},"end":{"line":50,"column":null}},"27":{"start":{"line":52,"column":0},"end":{"line":52,"column":null}},"28":{"start":{"line":52,"column":21},"end":{"line":52,"column":null}}},"fnMap":{"0":{"name":"(anonymous_0)","decl":{"start":{"line":13,"column":17},"end":{"line":13,"column":18}},"loc":{"start":{"line":13,"column":23},"end":{"line":42,"column":4}}},"1":{"name":"(anonymous_1)","decl":{"start":{"line":13,"column":24},"end":{"line":13,"column":25}},"loc":{"start":{"line":13,"column":30},"end":{"line":42,"column":1}}}},"branchMap":{"0":{"loc":{"start":{"line":52,"column":0},"end":{"line":52,"column":null}},"type":"if","locations":[{"start":{"line":52,"column":0},"end":{"line":52,"column":null}},{"start":{"line":52,"column":0},"end":{"line":52,"column":null}}]}},"s":{"0":80,"1":80,"2":80,"3":80,"4":80,"5":80,"6":80,"7":80,"8":80,"9":80,"10":80,"11":80,"12":80,"13":80,"14":80,"15":80,"16":80,"17":80,"18":80,"19":80,"20":80,"21":80,"22":80,"23":80,"24":80,"25":80,"26":80,"27":80,"28":80},"f":{"0":80,"1":80},"b":{"0":[80,0]}}
,"/home/mamali/repos/github.com/api-deriv-com-solidjs/src/Pages/Home/Community.tsx": {"path":"/home/mamali/repos/github.com/api-deriv-com-solidjs/src/Pages/Home/Community.tsx","statementMap":{"0":{"start":{"line":3,"column":15},"end":{"line":3,"column":null}},"1":{"start":{"line":5,"column":18},"end":{"line":5,"column":46}},"2":{"start":{"line":5,"column":24},"end":{"line":5,"column":46}},"3":{"start":{"line":8,"column":18},"end":{"line":8,"column":null}},"4":{"start":{"line":13,"column":4},"end":{"line":13,"column":null}},"5":{"start":{"line":15,"column":0},"end":{"line":15,"column":null}},"6":{"start":{"line":15,"column":20},"end":{"line":15,"column":null}}},"fnMap":{"0":{"name":"(anonymous_0)","decl":{"start":{"line":5,"column":18},"end":{"line":5,"column":19}},"loc":{"start":{"line":5,"column":24},"end":{"line":5,"column":46}}}},"branchMap":{"0":{"loc":{"start":{"line":15,"column":0},"end":{"line":15,"column":null}},"type":"if","locations":[{"start":{"line":15,"column":0},"end":{"line":15,"column":null}},{"start":{"line":15,"column":0},"end":{"line":15,"column":null}}]}},"s":{"0":80,"1":80,"2":80,"3":80,"4":80,"5":80,"6":80},"f":{"0":80},"b":{"0":[80,0]}}
,"/home/mamali/repos/github.com/api-deriv-com-solidjs/src/Pages/Home/ComprehensiveRow.tsx": {"path":"/home/mamali/repos/github.com/api-deriv-com-solidjs/src/Pages/Home/ComprehensiveRow.tsx","statementMap":{"0":{"start":{"line":4,"column":15},"end":{"line":4,"column":null}},"1":{"start":{"line":8,"column":25},"end":{"line":17,"column":4}},"2":{"start":{"line":8,"column":31},"end":{"line":17,"column":4}},"3":{"start":{"line":9,"column":15},"end":{"line":9,"column":null}},"4":{"start":{"line":10,"column":16},"end":{"line":10,"column":31}},"5":{"start":{"line":11,"column":16},"end":{"line":11,"column":33}},"6":{"start":{"line":12,"column":16},"end":{"line":12,"column":null}},"7":{"start":{"line":14,"column":2},"end":{"line":14,"column":45}},"8":{"start":{"line":16,"column":2},"end":{"line":16,"column":14}},"9":{"start":{"line":20,"column":29},"end":{"line":20,"column":null}},"10":{"start":{"line":25,"column":4},"end":{"line":25,"column":43}},"11":{"start":{"line":27,"column":0},"end":{"line":27,"column":null}},"12":{"start":{"line":27,"column":21},"end":{"line":27,"column":null}}},"fnMap":{"0":{"name":"(anonymous_0)","decl":{"start":{"line":8,"column":25},"end":{"line":8,"column":26}},"loc":{"start":{"line":8,"column":31},"end":{"line":17,"column":4}}},"1":{"name":"(anonymous_1)","decl":{"start":{"line":8,"column":32},"end":{"line":8,"column":33}},"loc":{"start":{"line":8,"column":38},"end":{"line":17,"column":1}}}},"branchMap":{"0":{"loc":{"start":{"line":27,"column":0},"end":{"line":27,"column":null}},"type":"if","locations":[{"start":{"line":27,"column":0},"end":{"line":27,"column":null}},{"start":{"line":27,"column":0},"end":{"line":27,"column":null}}]}},"s":{"0":80,"1":80,"2":80,"3":80,"4":80,"5":80,"6":80,"7":80,"8":80,"9":80,"10":80,"11":80,"12":80},"f":{"0":80,"1":80},"b":{"0":[80,0]}}
,"/home/mamali/repos/github.com/api-deriv-com-solidjs/src/Pages/Home/Hero.tsx": {"path":"/home/mamali/repos/github.com/api-deriv-com-solidjs/src/Pages/Home/Hero.tsx","statementMap":{"0":{"start":{"line":4,"column":15},"end":{"line":4,"column":null}},"1":{"start":{"line":8,"column":13},"end":{"line":14,"column":4}},"2":{"start":{"line":9,"column":15},"end":{"line":9,"column":null}},"3":{"start":{"line":11,"column":2},"end":{"line":11,"column":null}},"4":{"start":{"line":13,"column":2},"end":{"line":13,"column":14}},"5":{"start":{"line":17,"column":29},"end":{"line":17,"column":33}},"6":{"start":{"line":22,"column":4},"end":{"line":22,"column":null}}},"fnMap":{"0":{"name":"(anonymous_0)","decl":{"start":{"line":8,"column":13},"end":{"line":8,"column":null}},"loc":{"start":{"line":8,"column":13},"end":{"line":14,"column":4}}}},"branchMap":{},"s":{"0":80,"1":160,"2":80,"3":80,"4":80,"5":80,"6":80},"f":{"0":160},"b":{}}
,"/home/mamali/repos/github.com/api-deriv-com-solidjs/src/Pages/Home/Home.tsx": {"path":"/home/mamali/repos/github.com/api-deriv-com-solidjs/src/Pages/Home/Home.tsx","statementMap":{"0":{"start":{"line":5,"column":15},"end":{"line":5,"column":null}},"1":{"start":{"line":14,"column":15},"end":{"line":14,"column":null}},"2":{"start":{"line":16,"column":2},"end":{"line":16,"column":null}},"3":{"start":{"line":18,"column":0},"end":{"line":18,"column":null}}},"fnMap":{},"branchMap":{},"s":{"0":80,"1":80,"2":80,"3":80},"f":{},"b":{}}
,"/home/mamali/repos/github.com/api-deriv-com-solidjs/src/Pages/Home/WaysToEarn.tsx": {"path":"/home/mamali/repos/github.com/api-deriv-com-solidjs/src/Pages/Home/WaysToEarn.tsx","statementMap":{"0":{"start":{"line":4,"column":15},"end":{"line":4,"column":null}},"1":{"start":{"line":8,"column":19},"end":{"line":28,"column":4}},"2":{"start":{"line":8,"column":25},"end":{"line":28,"column":4}},"3":{"start":{"line":9,"column":15},"end":{"line":9,"column":37}},"4":{"start":{"line":10,"column":16},"end":{"line":10,"column":null}},"5":{"start":{"line":11,"column":16},"end":{"line":11,"column":null}},"6":{"start":{"line":12,"column":16},"end":{"line":12,"column":null}},"7":{"start":{"line":13,"column":16},"end":{"line":13,"column":33}},"8":{"start":{"line":14,"column":16},"end":{"line":14,"column":32}},"9":{"start":{"line":15,"column":16},"end":{"line":15,"column":32}},"10":{"start":{"line":16,"column":16},"end":{"line":16,"column":null}},"11":{"start":{"line":17,"column":16},"end":{"line":17,"column":32}},"12":{"start":{"line":18,"column":17},"end":{"line":18,"column":34}},"13":{"start":{"line":19,"column":17},"end":{"line":19,"column":34}},"14":{"start":{"line":21,"column":2},"end":{"line":21,"column":46}},"15":{"start":{"line":23,"column":2},"end":{"line":23,"column":46}},"16":{"start":{"line":25,"column":2},"end":{"line":25,"column":null}},"17":{"start":{"line":27,"column":2},"end":{"line":27,"column":14}},"18":{"start":{"line":31,"column":26},"end":{"line":31,"column":null}}},"fnMap":{"0":{"name":"(anonymous_0)","decl":{"start":{"line":8,"column":19},"end":{"line":8,"column":20}},"loc":{"start":{"line":8,"column":25},"end":{"line":28,"column":4}}},"1":{"name":"(anonymous_1)","decl":{"start":{"line":8,"column":26},"end":{"line":8,"column":27}},"loc":{"start":{"line":8,"column":32},"end":{"line":28,"column":1}}}},"branchMap":{},"s":{"0":80,"1":80,"2":80,"3":80,"4":80,"5":80,"6":80,"7":80,"8":80,"9":80,"10":80,"11":80,"12":80,"13":80,"14":80,"15":80,"16":80,"17":80,"18":80},"f":{"0":80,"1":80},"b":{}}
,"/home/mamali/repos/github.com/api-deriv-com-solidjs/src/Pages/Playground/Playground.tsx": {"path":"/home/mamali/repos/github.com/api-deriv-com-solidjs/src/Pages/Playground/Playground.tsx","statementMap":{"0":{"start":{"line":5,"column":15},"end":{"line":5,"column":null}},"1":{"start":{"line":14,"column":26},"end":{"line":57,"column":1}},"2":{"start":{"line":15,"column":4},"end":{"line":15,"column":null}},"3":{"start":{"line":17,"column":20},"end":{"line":19,"column":3}},"4":{"start":{"line":18,"column":4},"end":{"line":18,"column":null}},"5":{"start":{"line":21,"column":20},"end":{"line":23,"column":3}},"6":{"start":{"line":22,"column":4},"end":{"line":22,"column":23}},"7":{"start":{"line":25,"column":2},"end":{"line":29,"column":5}},"8":{"start":{"line":26,"column":0},"end":{"line":28,"column":7}},"9":{"start":{"line":27,"column":6},"end":{"line":27,"column":22}},"10":{"start":{"line":30,"column":2},"end":{"line":30,"column":null}},"11":{"start":{"line":31,"column":2},"end":{"line":56,"column":7}},"12":{"start":{"line":32,"column":17},"end":{"line":32,"column":39}},"13":{"start":{"line":33,"column":7},"end":{"line":33,"column":null}},"14":{"start":{"line":34,"column":18},"end":{"line":34,"column":34}},"15":{"start":{"line":35,"column":18},"end":{"line":35,"column":null}},"16":{"start":{"line":36,"column":13},"end":{"line":36,"column":null}},"17":{"start":{"line":37,"column":18},"end":{"line":37,"column":34}},"18":{"start":{"line":38,"column":18},"end":{"line":38,"column":34}},"19":{"start":{"line":39,"column":18},"end":{"line":39,"column":35}},"20":{"start":{"line":41,"column":4},"end":{"line":41,"column":null}},"21":{"start":{"line":43,"column":4},"end":{"line":43,"column":null}},"22":{"start":{"line":45,"column":4},"end":{"line":47,"column":14}},"23":{"start":{"line":49,"column":4},"end":{"line":51,"column":14}},"24":{"start":{"line":53,"column":4},"end":{"line":53,"column":null}},"25":{"start":{"line":55,"column":4},"end":{"line":55,"column":null}}},"fnMap":{"0":{"name":"(anonymous_0)","decl":{"start":{"line":14,"column":26},"end":{"line":14,"column":27}},"loc":{"start":{"line":14,"column":32},"end":{"line":57,"column":1}}},"1":{"name":"(anonymous_1)","decl":{"start":{"line":17,"column":20},"end":{"line":17,"column":21}},"loc":{"start":{"line":17,"column":27},"end":{"line":19,"column":3}}},"2":{"name":"(anonymous_2)","decl":{"start":{"line":21,"column":20},"end":{"line":21,"column":21}},"loc":{"start":{"line":21,"column":22},"end":{"line":23,"column":3}}},"3":{"name":"(anonymous_3)","decl":{"start":{"line":25,"column":5},"end":{"line":25,"column":null}},"loc":{"start":{"line":25,"column":5},"end":{"line":29,"column":3}}},"4":{"name":"(anonymous_4)","decl":{"start":{"line":26,"column":0},"end":{"line":26,"column":null}},"loc":{"start":{"line":26,"column":0},"end":{"line":28,"column":5}}},"5":{"name":"(anonymous_5)","decl":{"start":{"line":31,"column":10},"end":{"line":31,"column":11}},"loc":{"start":{"line":31,"column":16},"end":{"line":56,"column":3}}}},"branchMap":{},"s":{"0":2,"1":2,"2":2,"3":2,"4":0,"5":2,"6":0,"7":2,"8":2,"9":0,"10":2,"11":2,"12":2,"13":2,"14":2,"15":2,"16":2,"17":2,"18":2,"19":2,"20":2,"21":2,"22":2,"23":2,"24":2,"25":2},"f":{"0":2,"1":0,"2":0,"3":2,"4":0,"5":2},"b":{}}
,"/home/mamali/repos/github.com/api-deriv-com-solidjs/src/Pages/Playground/Request.tsx": {"path":"/home/mamali/repos/github.com/api-deriv-com-solidjs/src/Pages/Playground/Request.tsx","statementMap":{"0":{"start":{"line":6,"column":15},"end":{"line":6,"column":null}},"1":{"start":{"line":10,"column":19},"end":{"line":12,"column":1}},"2":{"start":{"line":17,"column":30},"end":{"line":19,"column":4}},"3":{"start":{"line":21,"column":17},"end":{"line":23,"column":3}},"4":{"start":{"line":22,"column":4},"end":{"line":22,"column":null}},"5":{"start":{"line":26,"column":17},"end":{"line":26,"column":null}},"6":{"start":{"line":27,"column":18},"end":{"line":27,"column":33}},"7":{"start":{"line":28,"column":18},"end":{"line":28,"column":35}},"8":{"start":{"line":29,"column":18},"end":{"line":29,"column":35}},"9":{"start":{"line":30,"column":18},"end":{"line":30,"column":null}},"10":{"start":{"line":31,"column":18},"end":{"line":31,"column":null}},"11":{"start":{"line":33,"column":1},"end":{"line":35,"column":6}},"12":{"start":{"line":34,"column":0},"end":{"line":34,"column":null}}},"fnMap":{"0":{"name":"(anonymous_1)","decl":{"start":{"line":21,"column":17},"end":{"line":21,"column":18}},"loc":{"start":{"line":21,"column":29},"end":{"line":23,"column":3}}},"1":{"name":"(anonymous_3)","decl":{"start":{"line":33,"column":1},"end":{"line":33,"column":null}},"loc":{"start":{"line":33,"column":1},"end":{"line":35,"column":5}}}},"branchMap":{},"s":{"0":2,"1":2,"2":2,"3":2,"4":0,"5":2,"6":2,"7":2,"8":2,"9":2,"10":2,"11":2,"12":0},"f":{"0":0,"1":0},"b":{}}
,"/home/mamali/repos/github.com/api-deriv-com-solidjs/src/Pages/Playground/components/ApiSelector.tsx": {"path":"/home/mamali/repos/github.com/api-deriv-com-solidjs/src/Pages/Playground/components/ApiSelector.tsx","statementMap":{"0":{"start":{"line":7,"column":1},"end":{"line":7,"column":null}},"1":{"start":{"line":8,"column":0},"end":{"line":8,"column":null}},"2":{"start":{"line":9,"column":16},"end":{"line":9,"column":null}},"3":{"start":{"line":10,"column":16},"end":{"line":10,"column":null}},"4":{"start":{"line":11,"column":16},"end":{"line":11,"column":null}},"5":{"start":{"line":12,"column":16},"end":{"line":12,"column":null}},"6":{"start":{"line":13,"column":16},"end":{"line":13,"column":42}},"7":{"start":{"line":19,"column":15},"end":{"line":19,"column":32}},"8":{"start":{"line":20,"column":35},"end":{"line":20,"column":null}},"9":{"start":{"line":21,"column":35},"end":{"line":24,"column":4}},"10":{"start":{"line":25,"column":35},"end":{"line":25,"column":null}},"11":{"start":{"line":27,"column":23},"end":{"line":36,"column":3}},"12":{"start":{"line":28,"column":24},"end":{"line":28,"column":null}},"13":{"start":{"line":30,"column":4},"end":{"line":35,"column":31}},"14":{"start":{"line":31,"column":22},"end":{"line":33,"column":8}},"15":{"start":{"line":32,"column":8},"end":{"line":32,"column":null}},"16":{"start":{"line":34,"column":6},"end":{"line":34,"column":29}},"17":{"start":{"line":35,"column":11},"end":{"line":35,"column":31}},"18":{"start":{"line":39,"column":17},"end":{"line":39,"column":40}},"19":{"start":{"line":40,"column":18},"end":{"line":40,"column":null}},"20":{"start":{"line":42,"column":4},"end":{"line":46,"column":6}},"21":{"start":{"line":43,"column":6},"end":{"line":43,"column":39}},"22":{"start":{"line":44,"column":6},"end":{"line":44,"column":null}},"23":{"start":{"line":45,"column":0},"end":{"line":45,"column":null}},"24":{"start":{"line":48,"column":4},"end":{"line":48,"column":null}},"25":{"start":{"line":48,"column":26},"end":{"line":48,"column":null}},"26":{"start":{"line":50,"column":4},"end":{"line":59,"column":14}},"27":{"start":{"line":52,"column":8},"end":{"line":52,"column":null}},"28":{"start":{"line":56,"column":8},"end":{"line":56,"column":38}},"29":{"start":{"line":63,"column":8},"end":{"line":63,"column":30}},"30":{"start":{"line":67,"column":22},"end":{"line":67,"column":null}},"31":{"start":{"line":68,"column":22},"end":{"line":68,"column":null}},"32":{"start":{"line":69,"column":22},"end":{"line":69,"column":null}},"33":{"start":{"line":71,"column":8},"end":{"line":71,"column":null}},"34":{"start":{"line":72,"column":22},"end":{"line":72,"column":null}},"35":{"start":{"line":73,"column":8},"end":{"line":73,"column":null}},"36":{"start":{"line":75,"column":5},"end":{"line":75,"column":null}}},"fnMap":{"0":{"name":"(anonymous_1)","decl":{"start":{"line":27,"column":23},"end":{"line":27,"column":24}},"loc":{"start":{"line":27,"column":28},"end":{"line":36,"column":3}}},"1":{"name":"(anonymous_2)","decl":{"start":{"line":31,"column":39},"end":{"line":31,"column":40}},"loc":{"start":{"line":31,"column":40},"end":{"line":33,"column":7}}},"2":{"name":"(anonymous_4)","decl":{"start":{"line":42,"column":20},"end":{"line":42,"column":21}},"loc":{"start":{"line":42,"column":26},"end":{"line":46,"column":5}}},"3":{"name":"(anonymous_5)","decl":{"start":{"line":48,"column":20},"end":{"line":48,"column":21}},"loc":{"start":{"line":48,"column":26},"end":{"line":48,"column":null}}},"4":{"name":"(anonymous_6)","decl":{"start":{"line":51,"column":6},"end":{"line":51,"column":7}},"loc":{"start":{"line":51,"column":17},"end":{"line":53,"column":7}}},"5":{"name":"(anonymous_7)","decl":{"start":{"line":55,"column":0},"end":{"line":55,"column":null}},"loc":{"start":{"line":55,"column":0},"end":{"line":57,"column":7}}},"6":{"name":"(anonymous_8)","decl":{"start":{"line":62,"column":6},"end":{"line":62,"column":7}},"loc":{"start":{"line":62,"column":17},"end":{"line":64,"column":7}}}},"branchMap":{"0":{"loc":{"start":{"line":30,"column":4},"end":{"line":35,"column":31}},"type":"if","locations":[{"start":{"line":30,"column":4},"end":{"line":35,"column":31}},{"start":{"line":30,"column":4},"end":{"line":35,"column":31}}]},"1":{"loc":{"start":{"line":48,"column":26},"end":{"line":48,"column":null}},"type":"binary-expr","locations":[{"start":{"line":48,"column":26},"end":{"line":48,"column":null}},{"start":{"line":48,"column":30},"end":{"line":48,"column":null}}]},"2":{"loc":{"start":{"line":73,"column":8},"end":{"line":73,"column":null}},"type":"cond-expr","locations":[{"start":{"line":73,"column":19},"end":{"line":73,"column":null}},{"start":{"line":73,"column":19},"end":{"line":73,"column":null}}]}},"s":{"0":2,"1":2,"2":2,"3":2,"4":2,"5":2,"6":2,"7":2,"8":2,"9":2,"10":2,"11":2,"12":0,"13":0,"14":0,"15":0,"16":0,"17":0,"18":2,"19":2,"20":2,"21":0,"22":0,"23":0,"24":2,"25":2,"26":2,"27":2,"28":2,"29":2,"30":0,"31":0,"32":0,"33":0,"34":0,"35":0,"36":0},"f":{"0":0,"1":0,"2":0,"3":2,"4":2,"5":2,"6":2},"b":{"0":[0,0],"1":[2,2],"2":[0,0]}}
,"/home/mamali/repos/github.com/api-deriv-com-solidjs/src/Pages/Playground/components/Authenticate.tsx": {"path":"/home/mamali/repos/github.com/api-deriv-com-solidjs/src/Pages/Playground/components/Authenticate.tsx","statementMap":{"0":{"start":{"line":3,"column":15},"end":{"line":3,"column":null}},"1":{"start":{"line":5,"column":28},"end":{"line":5,"column":56}},"2":{"start":{"line":5,"column":34},"end":{"line":5,"column":56}}},"fnMap":{"0":{"name":"(anonymous_0)","decl":{"start":{"line":5,"column":28},"end":{"line":5,"column":29}},"loc":{"start":{"line":5,"column":34},"end":{"line":5,"column":56}}}},"branchMap":{},"s":{"0":2,"1":2,"2":2},"f":{"0":2},"b":{}}
,"/home/mamali/repos/github.com/api-deriv-com-solidjs/src/Pages/Playground/components/Conversation.tsx": {"path":"/home/mamali/repos/github.com/api-deriv-com-solidjs/src/Pages/Playground/components/Conversation.tsx","statementMap":{"0":{"start":{"line":4,"column":15},"end":{"line":4,"column":null}},"1":{"start":{"line":5,"column":16},"end":{"line":5,"column":null}},"2":{"start":{"line":14,"column":2},"end":{"line":17,"column":5}},"3":{"start":{"line":15,"column":4},"end":{"line":15,"column":25}},"4":{"start":{"line":16,"column":4},"end":{"line":16,"column":11}},"5":{"start":{"line":19,"column":16},"end":{"line":19,"column":null}},"6":{"start":{"line":22,"column":14},"end":{"line":22,"column":null}},"7":{"start":{"line":24,"column":2},"end":{"line":24,"column":null}}},"fnMap":{"0":{"name":"(anonymous_1)","decl":{"start":{"line":14,"column":15},"end":{"line":14,"column":16}},"loc":{"start":{"line":14,"column":21},"end":{"line":17,"column":3}}}},"branchMap":{},"s":{"0":2,"1":2,"2":2,"3":2,"4":2,"5":2,"6":0,"7":0},"f":{"0":2},"b":{}}
,"/home/mamali/repos/github.com/api-deriv-com-solidjs/src/Pages/Playground/components/playgrounApiDocs.tsx": {"path":"/home/mamali/repos/github.com/api-deriv-com-solidjs/src/Pages/Playground/components/playgrounApiDocs.tsx","statementMap":{"0":{"start":{"line":8,"column":8},"end":{"line":8,"column":null}},"1":{"start":{"line":9,"column":16},"end":{"line":9,"column":null}},"2":{"start":{"line":10,"column":16},"end":{"line":10,"column":null}},"3":{"start":{"line":11,"column":0},"end":{"line":11,"column":null}},"4":{"start":{"line":12,"column":0},"end":{"line":12,"column":null}},"5":{"start":{"line":13,"column":16},"end":{"line":13,"column":null}},"6":{"start":{"line":14,"column":16},"end":{"line":14,"column":null}},"7":{"start":{"line":15,"column":16},"end":{"line":15,"column":null}},"8":{"start":{"line":16,"column":16},"end":{"line":16,"column":null}},"9":{"start":{"line":17,"column":17},"end":{"line":17,"column":null}},"10":{"start":{"line":18,"column":17},"end":{"line":18,"column":null}},"11":{"start":{"line":19,"column":17},"end":{"line":19,"column":null}},"12":{"start":{"line":20,"column":17},"end":{"line":20,"column":null}},"13":{"start":{"line":21,"column":15},"end":{"line":21,"column":null}},"14":{"start":{"line":22,"column":15},"end":{"line":22,"column":null}},"15":{"start":{"line":23,"column":14},"end":{"line":23,"column":null}},"16":{"start":{"line":24,"column":17},"end":{"line":24,"column":null}},"17":{"start":{"line":25,"column":17},"end":{"line":25,"column":null}},"18":{"start":{"line":26,"column":17},"end":{"line":26,"column":null}},"19":{"start":{"line":27,"column":17},"end":{"line":27,"column":null}},"20":{"start":{"line":28,"column":17},"end":{"line":28,"column":null}},"21":{"start":{"line":29,"column":2},"end":{"line":29,"column":null}},"22":{"start":{"line":30,"column":0},"end":{"line":30,"column":null}},"23":{"start":{"line":31,"column":17},"end":{"line":31,"column":null}},"24":{"start":{"line":32,"column":15},"end":{"line":32,"column":null}},"25":{"start":{"line":33,"column":17},"end":{"line":33,"column":null}},"26":{"start":{"line":34,"column":2},"end":{"line":34,"column":null}},"27":{"start":{"line":35,"column":0},"end":{"line":35,"column":null}},"28":{"start":{"line":42,"column":19},"end":{"line":42,"column":null}},"29":{"start":{"line":43,"column":15},"end":{"line":43,"column":null}},"30":{"start":{"line":44,"column":2},"end":{"line":44,"column":14}},"31":{"start":{"line":47,"column":14},"end":{"line":47,"column":null}},"32":{"start":{"line":49,"column":0},"end":{"line":52,"column":1}},"33":{"start":{"line":50,"column":25},"end":{"line":50,"column":null}},"34":{"start":{"line":50,"column":56},"end":{"line":50,"column":null}},"35":{"start":{"line":51,"column":0},"end":{"line":51,"column":null}},"36":{"start":{"line":54,"column":12},"end":{"line":301,"column":1}},"37":{"start":{"line":59,"column":50},"end":{"line":59,"column":69}},"38":{"start":{"line":60,"column":0},"end":{"line":60,"column":null}},"39":{"start":{"line":61,"column":25},"end":{"line":61,"column":63}},"40":{"start":{"line":64,"column":0},"end":{"line":67,"column":3}},"41":{"start":{"line":65,"column":4},"end":{"line":65,"column":36}},"42":{"start":{"line":66,"column":4},"end":{"line":66,"column":36}},"43":{"start":{"line":69,"column":0},"end":{"line":69,"column":null}},"44":{"start":{"line":70,"column":2},"end":{"line":300,"column":null}},"45":{"start":{"line":71,"column":10},"end":{"line":71,"column":null}},"46":{"start":{"line":72,"column":6},"end":{"line":72,"column":null}},"47":{"start":{"line":73,"column":10},"end":{"line":73,"column":null}},"48":{"start":{"line":74,"column":19},"end":{"line":74,"column":36}},"49":{"start":{"line":76,"column":4},"end":{"line":76,"column":null}},"50":{"start":{"line":76,"column":46},"end":{"line":76,"column":null}},"51":{"start":{"line":78,"column":4},"end":{"line":78,"column":null}},"52":{"start":{"line":78,"column":12},"end":{"line":78,"column":null}},"53":{"start":{"line":80,"column":4},"end":{"line":95,"column":14}},"54":{"start":{"line":82,"column":8},"end":{"line":82,"column":30}},"55":{"start":{"line":86,"column":22},"end":{"line":86,"column":44}},"56":{"start":{"line":88,"column":8},"end":{"line":88,"column":null}},"57":{"start":{"line":90,"column":8},"end":{"line":90,"column":null}},"58":{"start":{"line":90,"column":19},"end":{"line":90,"column":null}},"59":{"start":{"line":92,"column":8},"end":{"line":92,"column":21}},"60":{"start":{"line":97,"column":4},"end":{"line":140,"column":14}},"61":{"start":{"line":99,"column":8},"end":{"line":99,"column":36}},"62":{"start":{"line":103,"column":22},"end":{"line":103,"column":45}},"63":{"start":{"line":104,"column":22},"end":{"line":104,"column":38}},"64":{"start":{"line":105,"column":22},"end":{"line":105,"column":null}},"65":{"start":{"line":107,"column":8},"end":{"line":107,"column":null}},"66":{"start":{"line":109,"column":8},"end":{"line":135,"column":18}},"67":{"start":{"line":111,"column":12},"end":{"line":111,"column":null}},"68":{"start":{"line":115,"column":12},"end":{"line":115,"column":null}},"69":{"start":{"line":116,"column":26},"end":{"line":116,"column":42}},"70":{"start":{"line":118,"column":12},"end":{"line":130,"column":null}},"71":{"start":{"line":120,"column":9},"end":{"line":120,"column":null}},"72":{"start":{"line":123,"column":33},"end":{"line":129,"column":null}},"73":{"start":{"line":124,"column":31},"end":{"line":124,"column":54}},"74":{"start":{"line":126,"column":16},"end":{"line":126,"column":40}},"75":{"start":{"line":128,"column":16},"end":{"line":128,"column":30}},"76":{"start":{"line":132,"column":12},"end":{"line":132,"column":25}},"77":{"start":{"line":137,"column":8},"end":{"line":137,"column":21}},"78":{"start":{"line":142,"column":4},"end":{"line":142,"column":null}},"79":{"start":{"line":142,"column":27},"end":{"line":142,"column":null}},"80":{"start":{"line":144,"column":18},"end":{"line":144,"column":28}},"81":{"start":{"line":145,"column":4},"end":{"line":145,"column":null}},"82":{"start":{"line":147,"column":4},"end":{"line":272,"column":14}},"83":{"start":{"line":149,"column":8},"end":{"line":149,"column":null}},"84":{"start":{"line":153,"column":23},"end":{"line":153,"column":46}},"85":{"start":{"line":154,"column":23},"end":{"line":154,"column":40}},"86":{"start":{"line":156,"column":23},"end":{"line":156,"column":33}},"87":{"start":{"line":157,"column":8},"end":{"line":157,"column":null}},"88":{"start":{"line":159,"column":8},"end":{"line":228,"column":null}},"89":{"start":{"line":163,"column":12},"end":{"line":225,"column":15}},"90":{"start":{"line":165,"column":16},"end":{"line":165,"column":null}},"91":{"start":{"line":168,"column":36},"end":{"line":224,"column":null}},"92":{"start":{"line":170,"column":18},"end":{"line":170,"column":null}},"93":{"start":{"line":176,"column":18},"end":{"line":176,"column":null}},"94":{"start":{"line":180,"column":15},"end":{"line":180,"column":null}},"95":{"start":{"line":184,"column":12},"end":{"line":184,"column":null}},"96":{"start":{"line":188,"column":2},"end":{"line":188,"column":null}},"97":{"start":{"line":192,"column":7},"end":{"line":192,"column":null}},"98":{"start":{"line":196,"column":11},"end":{"line":196,"column":null}},"99":{"start":{"line":200,"column":11},"end":{"line":200,"column":null}},"100":{"start":{"line":204,"column":14},"end":{"line":204,"column":null}},"101":{"start":{"line":208,"column":18},"end":{"line":208,"column":61}},"102":{"start":{"line":212,"column":18},"end":{"line":212,"column":null}},"103":{"start":{"line":216,"column":18},"end":{"line":216,"column":null}},"104":{"start":{"line":220,"column":18},"end":{"line":220,"column":null}},"105":{"start":{"line":223,"column":31},"end":{"line":223,"column":null}},"106":{"start":{"line":230,"column":8},"end":{"line":265,"column":18}},"107":{"start":{"line":232,"column":10},"end":{"line":232,"column":null}},"108":{"start":{"line":236,"column":12},"end":{"line":262,"column":15}},"109":{"start":{"line":238,"column":16},"end":{"line":238,"column":null}},"110":{"start":{"line":242,"column":16},"end":{"line":242,"column":37}},"111":{"start":{"line":246,"column":16},"end":{"line":246,"column":38}},"112":{"start":{"line":250,"column":16},"end":{"line":250,"column":null}},"113":{"start":{"line":254,"column":16},"end":{"line":254,"column":null}},"114":{"start":{"line":258,"column":16},"end":{"line":258,"column":null}},"115":{"start":{"line":261,"column":33},"end":{"line":261,"column":null}},"116":{"start":{"line":267,"column":8},"end":{"line":267,"column":null}},"117":{"start":{"line":267,"column":17},"end":{"line":267,"column":null}},"118":{"start":{"line":269,"column":8},"end":{"line":269,"column":22}},"119":{"start":{"line":274,"column":4},"end":{"line":286,"column":14}},"120":{"start":{"line":276,"column":8},"end":{"line":276,"column":null}},"121":{"start":{"line":280,"column":8},"end":{"line":283,"column":11}},"122":{"start":{"line":288,"column":4},"end":{"line":297,"column":7}},"123":{"start":{"line":289,"column":18},"end":{"line":289,"column":null}},"124":{"start":{"line":290,"column":19},"end":{"line":290,"column":null}},"125":{"start":{"line":291,"column":6},"end":{"line":291,"column":null}},"126":{"start":{"line":292,"column":6},"end":{"line":292,"column":null}},"127":{"start":{"line":293,"column":6},"end":{"line":293,"column":17}},"128":{"start":{"line":299,"column":4},"end":{"line":299,"column":16}},"129":{"start":{"line":320,"column":24},"end":{"line":320,"column":null}},"130":{"start":{"line":321,"column":44},"end":{"line":321,"column":63}},"131":{"start":{"line":323,"column":21},"end":{"line":326,"column":3}},"132":{"start":{"line":324,"column":4},"end":{"line":324,"column":null}},"133":{"start":{"line":325,"column":4},"end":{"line":325,"column":null}},"134":{"start":{"line":328,"column":18},"end":{"line":340,"column":3}},"135":{"start":{"line":329,"column":4},"end":{"line":339,"column":5}},"136":{"start":{"line":330,"column":6},"end":{"line":330,"column":null}},"137":{"start":{"line":331,"column":11},"end":{"line":339,"column":5}},"138":{"start":{"line":332,"column":6},"end":{"line":332,"column":29}},"139":{"start":{"line":334,"column":6},"end":{"line":338,"column":7}},"140":{"start":{"line":335,"column":8},"end":{"line":335,"column":32}},"141":{"start":{"line":337,"column":8},"end":{"line":337,"column":null}},"142":{"start":{"line":342,"column":19},"end":{"line":342,"column":null}},"143":{"start":{"line":344,"column":19},"end":{"line":344,"column":43}},"144":{"start":{"line":345,"column":19},"end":{"line":345,"column":null}},"145":{"start":{"line":346,"column":19},"end":{"line":346,"column":36}},"146":{"start":{"line":347,"column":19},"end":{"line":347,"column":37}},"147":{"start":{"line":348,"column":19},"end":{"line":348,"column":null}},"148":{"start":{"line":350,"column":4},"end":{"line":361,"column":16}},"149":{"start":{"line":354,"column":23},"end":{"line":354,"column":46}},"150":{"start":{"line":356,"column":8},"end":{"line":356,"column":null}},"151":{"start":{"line":358,"column":8},"end":{"line":358,"column":null}},"152":{"start":{"line":363,"column":4},"end":{"line":407,"column":14}},"153":{"start":{"line":367,"column":8},"end":{"line":404,"column":null}},"154":{"start":{"line":368,"column":13},"end":{"line":368,"column":null}},"155":{"start":{"line":370,"column":10},"end":{"line":370,"column":null}},"156":{"start":{"line":370,"column":16},"end":{"line":370,"column":null}},"157":{"start":{"line":372,"column":10},"end":{"line":372,"column":24}},"158":{"start":{"line":377,"column":0},"end":{"line":377,"column":null}},"159":{"start":{"line":378,"column":12},"end":{"line":378,"column":null}},"160":{"start":{"line":379,"column":27},"end":{"line":379,"column":45}},"161":{"start":{"line":380,"column":16},"end":{"line":380,"column":null}},"162":{"start":{"line":381,"column":27},"end":{"line":381,"column":45}},"163":{"start":{"line":382,"column":27},"end":{"line":382,"column":45}},"164":{"start":{"line":384,"column":12},"end":{"line":384,"column":null}},"165":{"start":{"line":386,"column":12},"end":{"line":386,"column":null}},"166":{"start":{"line":388,"column":10},"end":{"line":388,"column":null}},"167":{"start":{"line":393,"column":10},"end":{"line":393,"column":null}},"168":{"start":{"line":397,"column":27},"end":{"line":397,"column":null}},"169":{"start":{"line":399,"column":12},"end":{"line":399,"column":83}},"170":{"start":{"line":399,"column":35},"end":{"line":399,"column":81}},"171":{"start":{"line":401,"column":12},"end":{"line":401,"column":null}},"172":{"start":{"line":419,"column":14},"end":{"line":419,"column":null}},"173":{"start":{"line":421,"column":16},"end":{"line":421,"column":49}},"174":{"start":{"line":423,"column":16},"end":{"line":423,"column":null}},"175":{"start":{"line":425,"column":15},"end":{"line":425,"column":null}},"176":{"start":{"line":427,"column":14},"end":{"line":427,"column":null}},"177":{"start":{"line":434,"column":10},"end":{"line":434,"column":null}},"178":{"start":{"line":436,"column":2},"end":{"line":436,"column":null}}},"fnMap":{"0":{"name":"http","decl":{"start":{"line":41,"column":0},"end":{"line":41,"column":null}},"loc":{"start":{"line":41,"column":0},"end":{"line":45,"column":1}}},"1":{"name":"(anonymous_1)","decl":{"start":{"line":49,"column":0},"end":{"line":49,"column":null}},"loc":{"start":{"line":49,"column":0},"end":{"line":52,"column":1}}},"2":{"name":"(anonymous_2)","decl":{"start":{"line":50,"column":56},"end":{"line":50,"column":null}},"loc":{"start":{"line":50,"column":56},"end":{"line":50,"column":null}}},"3":{"name":"(anonymous_3)","decl":{"start":{"line":54,"column":12},"end":{"line":54,"column":13}},"loc":{"start":{"line":58,"column":6},"end":{"line":301,"column":1}}},"4":{"name":"(anonymous_4)","decl":{"start":{"line":64,"column":0},"end":{"line":64,"column":null}},"loc":{"start":{"line":64,"column":0},"end":{"line":67,"column":3}}},"5":{"name":"(anonymous_5)","decl":{"start":{"line":70,"column":11},"end":{"line":70,"column":12}},"loc":{"start":{"line":70,"column":17},"end":{"line":300,"column":3}}},"6":{"name":"(anonymous_6)","decl":{"start":{"line":76,"column":40},"end":{"line":76,"column":41}},"loc":{"start":{"line":76,"column":46},"end":{"line":76,"column":null}}},"7":{"name":"(anonymous_7)","decl":{"start":{"line":78,"column":12},"end":{"line":78,"column":null}},"loc":{"start":{"line":78,"column":12},"end":{"line":78,"column":null}}},"8":{"name":"(anonymous_8)","decl":{"start":{"line":81,"column":6},"end":{"line":81,"column":7}},"loc":{"start":{"line":81,"column":9},"end":{"line":83,"column":7}}},"9":{"name":"(anonymous_9)","decl":{"start":{"line":85,"column":6},"end":{"line":85,"column":7}},"loc":{"start":{"line":85,"column":21},"end":{"line":93,"column":7}}},"10":{"name":"(anonymous_10)","decl":{"start":{"line":90,"column":19},"end":{"line":90,"column":null}},"loc":{"start":{"line":90,"column":19},"end":{"line":90,"column":null}}},"11":{"name":"(anonymous_11)","decl":{"start":{"line":98,"column":6},"end":{"line":98,"column":7}},"loc":{"start":{"line":98,"column":17},"end":{"line":100,"column":7}}},"12":{"name":"(anonymous_12)","decl":{"start":{"line":102,"column":6},"end":{"line":102,"column":7}},"loc":{"start":{"line":102,"column":21},"end":{"line":138,"column":7}}},"13":{"name":"(anonymous_13)","decl":{"start":{"line":110,"column":10},"end":{"line":110,"column":11}},"loc":{"start":{"line":110,"column":21},"end":{"line":112,"column":11}}},"14":{"name":"(anonymous_14)","decl":{"start":{"line":114,"column":10},"end":{"line":114,"column":11}},"loc":{"start":{"line":114,"column":14},"end":{"line":133,"column":11}}},"15":{"name":"(anonymous_15)","decl":{"start":{"line":119,"column":14},"end":{"line":119,"column":15}},"loc":{"start":{"line":119,"column":24},"end":{"line":121,"column":15}}},"16":{"name":"(anonymous_16)","decl":{"start":{"line":123,"column":24},"end":{"line":123,"column":25}},"loc":{"start":{"line":123,"column":33},"end":{"line":129,"column":null}}},"17":{"name":"(anonymous_17)","decl":{"start":{"line":123,"column":34},"end":{"line":123,"column":35}},"loc":{"start":{"line":123,"column":40},"end":{"line":129,"column":null}}},"18":{"name":"(anonymous_18)","decl":{"start":{"line":142,"column":21},"end":{"line":142,"column":22}},"loc":{"start":{"line":142,"column":27},"end":{"line":142,"column":null}}},"19":{"name":"(anonymous_19)","decl":{"start":{"line":148,"column":6},"end":{"line":148,"column":7}},"loc":{"start":{"line":148,"column":17},"end":{"line":150,"column":7}}},"20":{"name":"(anonymous_20)","decl":{"start":{"line":152,"column":6},"end":{"line":152,"column":7}},"loc":{"start":{"line":152,"column":21},"end":{"line":270,"column":7}}},"21":{"name":"(anonymous_21)","decl":{"start":{"line":162,"column":10},"end":{"line":162,"column":11}},"loc":{"start":{"line":162,"column":23},"end":{"line":226,"column":null}}},"22":{"name":"(anonymous_22)","decl":{"start":{"line":164,"column":14},"end":{"line":164,"column":15}},"loc":{"start":{"line":164,"column":21},"end":{"line":166,"column":15}}},"23":{"name":"(anonymous_23)","decl":{"start":{"line":168,"column":24},"end":{"line":168,"column":25}},"loc":{"start":{"line":168,"column":36},"end":{"line":224,"column":null}}},"24":{"name":"(anonymous_24)","decl":{"start":{"line":169,"column":16},"end":{"line":169,"column":17}},"loc":{"start":{"line":169,"column":24},"end":{"line":171,"column":17}}},"25":{"name":"(anonymous_25)","decl":{"start":{"line":175,"column":16},"end":{"line":175,"column":17}},"loc":{"start":{"line":175,"column":27},"end":{"line":177,"column":null}}},"26":{"name":"(anonymous_26)","decl":{"start":{"line":179,"column":16},"end":{"line":179,"column":null}},"loc":{"start":{"line":179,"column":16},"end":{"line":181,"column":17}}},"27":{"name":"(anonymous_27)","decl":{"start":{"line":183,"column":15},"end":{"line":183,"column":null}},"loc":{"start":{"line":183,"column":15},"end":{"line":185,"column":17}}},"28":{"name":"(anonymous_28)","decl":{"start":{"line":187,"column":4},"end":{"line":187,"column":null}},"loc":{"start":{"line":187,"column":4},"end":{"line":189,"column":17}}},"29":{"name":"(anonymous_29)","decl":{"start":{"line":191,"column":8},"end":{"line":191,"column":null}},"loc":{"start":{"line":191,"column":8},"end":{"line":193,"column":null}}},"30":{"name":"(anonymous_30)","decl":{"start":{"line":195,"column":15},"end":{"line":195,"column":null}},"loc":{"start":{"line":195,"column":15},"end":{"line":197,"column":null}}},"31":{"name":"(anonymous_31)","decl":{"start":{"line":199,"column":8},"end":{"line":199,"column":null}},"loc":{"start":{"line":199,"column":8},"end":{"line":201,"column":null}}},"32":{"name":"(anonymous_32)","decl":{"start":{"line":203,"column":16},"end":{"line":203,"column":17}},"loc":{"start":{"line":203,"column":23},"end":{"line":205,"column":null}}},"33":{"name":"(anonymous_33)","decl":{"start":{"line":207,"column":16},"end":{"line":207,"column":17}},"loc":{"start":{"line":207,"column":31},"end":{"line":209,"column":null}}},"34":{"name":"(anonymous_34)","decl":{"start":{"line":211,"column":16},"end":{"line":211,"column":17}},"loc":{"start":{"line":211,"column":18},"end":{"line":213,"column":null}}},"35":{"name":"(anonymous_35)","decl":{"start":{"line":215,"column":0},"end":{"line":215,"column":null}},"loc":{"start":{"line":215,"column":0},"end":{"line":217,"column":17}}},"36":{"name":"(anonymous_36)","decl":{"start":{"line":219,"column":16},"end":{"line":219,"column":17}},"loc":{"start":{"line":219,"column":43},"end":{"line":221,"column":null}}},"37":{"name":"(anonymous_37)","decl":{"start":{"line":223,"column":29},"end":{"line":223,"column":30}},"loc":{"start":{"line":223,"column":31},"end":{"line":223,"column":null}}},"38":{"name":"(anonymous_38)","decl":{"start":{"line":231,"column":0},"end":{"line":231,"column":null}},"loc":{"start":{"line":231,"column":0},"end":{"line":233,"column":11}}},"39":{"name":"(anonymous_39)","decl":{"start":{"line":235,"column":10},"end":{"line":235,"column":11}},"loc":{"start":{"line":235,"column":25},"end":{"line":263,"column":11}}},"40":{"name":"(anonymous_40)","decl":{"start":{"line":237,"column":14},"end":{"line":237,"column":15}},"loc":{"start":{"line":237,"column":19},"end":{"line":239,"column":15}}},"41":{"name":"(anonymous_41)","decl":{"start":{"line":241,"column":14},"end":{"line":241,"column":15}},"loc":{"start":{"line":241,"column":30},"end":{"line":243,"column":15}}},"42":{"name":"(anonymous_42)","decl":{"start":{"line":245,"column":14},"end":{"line":245,"column":15}},"loc":{"start":{"line":245,"column":26},"end":{"line":247,"column":15}}},"43":{"name":"(anonymous_43)","decl":{"start":{"line":249,"column":14},"end":{"line":249,"column":15}},"loc":{"start":{"line":249,"column":19},"end":{"line":251,"column":15}}},"44":{"name":"(anonymous_44)","decl":{"start":{"line":253,"column":14},"end":{"line":253,"column":15}},"loc":{"start":{"line":253,"column":21},"end":{"line":255,"column":15}}},"45":{"name":"(anonymous_45)","decl":{"start":{"line":257,"column":14},"end":{"line":257,"column":15}},"loc":{"start":{"line":257,"column":20},"end":{"line":259,"column":15}}},"46":{"name":"(anonymous_46)","decl":{"start":{"line":261,"column":27},"end":{"line":261,"column":28}},"loc":{"start":{"line":261,"column":33},"end":{"line":261,"column":null}}},"47":{"name":"(anonymous_47)","decl":{"start":{"line":267,"column":17},"end":{"line":267,"column":null}},"loc":{"start":{"line":267,"column":17},"end":{"line":267,"column":null}}},"48":{"name":"(anonymous_48)","decl":{"start":{"line":275,"column":6},"end":{"line":275,"column":7}},"loc":{"start":{"line":275,"column":17},"end":{"line":277,"column":7}}},"49":{"name":"(anonymous_49)","decl":{"start":{"line":279,"column":6},"end":{"line":279,"column":7}},"loc":{"start":{"line":279,"column":21},"end":{"line":284,"column":7}}},"50":{"name":"(anonymous_50)","decl":{"start":{"line":288,"column":13},"end":{"line":288,"column":14}},"loc":{"start":{"line":288,"column":20},"end":{"line":294,"column":5}}},"51":{"name":"(anonymous_52)","decl":{"start":{"line":323,"column":21},"end":{"line":323,"column":null}},"loc":{"start":{"line":323,"column":21},"end":{"line":326,"column":3}}},"52":{"name":"(anonymous_53)","decl":{"start":{"line":328,"column":18},"end":{"line":328,"column":19}},"loc":{"start":{"line":328,"column":24},"end":{"line":340,"column":3}}},"53":{"name":"(anonymous_55)","decl":{"start":{"line":353,"column":6},"end":{"line":353,"column":7}},"loc":{"start":{"line":353,"column":21},"end":{"line":359,"column":7}}},"54":{"name":"(anonymous_56)","decl":{"start":{"line":366,"column":6},"end":{"line":366,"column":7}},"loc":{"start":{"line":366,"column":15},"end":{"line":405,"column":null}}},"55":{"name":"(anonymous_57)","decl":{"start":{"line":367,"column":14},"end":{"line":367,"column":null}},"loc":{"start":{"line":367,"column":14},"end":{"line":373,"column":9}}},"56":{"name":"(anonymous_58)","decl":{"start":{"line":370,"column":16},"end":{"line":370,"column":null}},"loc":{"start":{"line":370,"column":16},"end":{"line":370,"column":null}}},"57":{"name":"(anonymous_59)","decl":{"start":{"line":376,"column":10},"end":{"line":376,"column":11}},"loc":{"start":{"line":376,"column":17},"end":{"line":389,"column":null}}},"58":{"name":"(anonymous_60)","decl":{"start":{"line":392,"column":10},"end":{"line":392,"column":11}},"loc":{"start":{"line":392,"column":21},"end":{"line":394,"column":null}}},"59":{"name":"(anonymous_61)","decl":{"start":{"line":396,"column":10},"end":{"line":396,"column":11}},"loc":{"start":{"line":396,"column":25},"end":{"line":402,"column":null}}},"60":{"name":"(anonymous_62)","decl":{"start":{"line":399,"column":29},"end":{"line":399,"column":30}},"loc":{"start":{"line":399,"column":35},"end":{"line":399,"column":81}}},"61":{"name":"(anonymous_65)","decl":{"start":{"line":418,"column":14},"end":{"line":418,"column":15}},"loc":{"start":{"line":418,"column":29},"end":{"line":428,"column":15}}},"62":{"name":"(anonymous_66)","decl":{"start":{"line":425,"column":15},"end":{"line":425,"column":null}},"loc":{"start":{"line":425,"column":15},"end":{"line":425,"column":null}}}},"branchMap":{"0":{"loc":{"start":{"line":69,"column":0},"end":{"line":69,"column":null}},"type":"binary-expr","locations":[{"start":{"line":69,"column":0},"end":{"line":69,"column":null}},{"start":{"line":69,"column":0},"end":{"line":69,"column":null}}]},"1":{"loc":{"start":{"line":88,"column":32},"end":{"line":88,"column":null}},"type":"cond-expr","locations":[{"start":{"line":88,"column":32},"end":{"line":88,"column":null}},{"start":{"line":88,"column":32},"end":{"line":88,"column":null}}]},"2":{"loc":{"start":{"line":145,"column":4},"end":{"line":145,"column":null}},"type":"cond-expr","locations":[{"start":{"line":145,"column":34},"end":{"line":145,"column":47}},{"start":{"line":145,"column":50},"end":{"line":145,"column":null}}]},"3":{"loc":{"start":{"line":157,"column":8},"end":{"line":157,"column":null}},"type":"cond-expr","locations":[{"start":{"line":157,"column":39},"end":{"line":157,"column":null}},{"start":{"line":157,"column":44},"end":{"line":157,"column":null}}]},"4":{"loc":{"start":{"line":176,"column":25},"end":{"line":176,"column":null}},"type":"cond-expr","locations":[{"start":{"line":176,"column":60},"end":{"line":176,"column":null}},{"start":{"line":176,"column":76},"end":{"line":176,"column":null}}]},"5":{"loc":{"start":{"line":188,"column":2},"end":{"line":188,"column":null}},"type":"binary-expr","locations":[{"start":{"line":188,"column":2},"end":{"line":188,"column":null}},{"start":{"line":188,"column":2},"end":{"line":188,"column":null}}]},"6":{"loc":{"start":{"line":232,"column":10},"end":{"line":232,"column":null}},"type":"binary-expr","locations":[{"start":{"line":232,"column":10},"end":{"line":232,"column":null}},{"start":{"line":232,"column":10},"end":{"line":232,"column":null}}]},"7":{"loc":{"start":{"line":267,"column":17},"end":{"line":267,"column":null}},"type":"binary-expr","locations":[{"start":{"line":267,"column":17},"end":{"line":267,"column":null}},{"start":{"line":267,"column":17},"end":{"line":267,"column":null}}]},"8":{"loc":{"start":{"line":290,"column":46},"end":{"line":290,"column":74}},"type":"cond-expr","locations":[{"start":{"line":290,"column":55},"end":{"line":290,"column":66}},{"start":{"line":290,"column":69},"end":{"line":290,"column":74}}]},"9":{"loc":{"start":{"line":290,"column":85},"end":{"line":290,"column":null}},"type":"binary-expr","locations":[{"start":{"line":290,"column":85},"end":{"line":290,"column":null}},{"start":{"line":290,"column":85},"end":{"line":290,"column":null}}]},"10":{"loc":{"start":{"line":291,"column":6},"end":{"line":291,"column":null}},"type":"binary-expr","locations":[{"start":{"line":291,"column":6},"end":{"line":291,"column":21}},{"start":{"line":291,"column":26},"end":{"line":291,"column":null}}]},"11":{"loc":{"start":{"line":292,"column":6},"end":{"line":292,"column":null}},"type":"binary-expr","locations":[{"start":{"line":292,"column":6},"end":{"line":292,"column":null}},{"start":{"line":292,"column":17},"end":{"line":292,"column":null}}]},"12":{"loc":{"start":{"line":329,"column":4},"end":{"line":339,"column":5}},"type":"if","locations":[{"start":{"line":329,"column":4},"end":{"line":339,"column":5}},{"start":{"line":329,"column":4},"end":{"line":339,"column":5}}]},"13":{"loc":{"start":{"line":329,"column":8},"end":{"line":329,"column":null}},"type":"binary-expr","locations":[{"start":{"line":329,"column":8},"end":{"line":329,"column":null}},{"start":{"line":329,"column":19},"end":{"line":329,"column":null}}]},"14":{"loc":{"start":{"line":331,"column":11},"end":{"line":339,"column":5}},"type":"if","locations":[{"start":{"line":331,"column":11},"end":{"line":339,"column":5}},{"start":{"line":331,"column":11},"end":{"line":339,"column":5}}]},"15":{"loc":{"start":{"line":331,"column":15},"end":{"line":331,"column":null}},"type":"binary-expr","locations":[{"start":{"line":331,"column":15},"end":{"line":331,"column":null}},{"start":{"line":331,"column":36},"end":{"line":331,"column":null}}]},"16":{"loc":{"start":{"line":334,"column":6},"end":{"line":338,"column":7}},"type":"if","locations":[{"start":{"line":334,"column":6},"end":{"line":338,"column":7}},{"start":{"line":334,"column":6},"end":{"line":338,"column":7}}]},"17":{"loc":{"start":{"line":364,"column":12},"end":{"line":364,"column":30}},"type":"binary-expr","locations":[{"start":{"line":364,"column":12},"end":{"line":364,"column":21}},{"start":{"line":364,"column":25},"end":{"line":364,"column":30}}]},"18":{"loc":{"start":{"line":370,"column":16},"end":{"line":370,"column":null}},"type":"cond-expr","locations":[{"start":{"line":370,"column":16},"end":{"line":370,"column":null}},{"start":{"line":370,"column":16},"end":{"line":370,"column":null}}]},"19":{"loc":{"start":{"line":374,"column":16},"end":{"line":374,"column":null}},"type":"binary-expr","locations":[{"start":{"line":374,"column":16},"end":{"line":374,"column":null}},{"start":{"line":374,"column":18},"end":{"line":374,"column":null}}]},"20":{"loc":{"start":{"line":399,"column":35},"end":{"line":399,"column":81}},"type":"cond-expr","locations":[{"start":{"line":399,"column":62},"end":{"line":399,"column":72}},{"start":{"line":399,"column":75},"end":{"line":399,"column":81}}]},"21":{"loc":{"start":{"line":425,"column":15},"end":{"line":425,"column":null}},"type":"cond-expr","locations":[{"start":{"line":425,"column":15},"end":{"line":425,"column":null}},{"start":{"line":425,"column":15},"end":{"line":425,"column":null}}]}},"s":{"0":2,"1":2,"2":2,"3":2,"4":2,"5":2,"6":2,"7":2,"8":2,"9":2,"10":2,"11":2,"12":2,"13":2,"14":2,"15":2,"16":2,"17":2,"18":2,"19":2,"20":2,"21":2,"22":2,"23":2,"24":2,"25":2,"26":2,"27":2,"28":4,"29":1,"30":0,"31":2,"32":2,"33":0,"34":0,"35":0,"36":2,"37":0,"38":0,"39":0,"40":0,"41":0,"42":0,"43":0,"44":0,"45":0,"46":0,"47":0,"48":0,"49":0,"50":0,"51":0,"52":0,"53":0,"54":0,"55":0,"56":0,"57":0,"58":0,"59":0,"60":0,"61":0,"62":0,"63":0,"64":0,"65":0,"66":0,"67":0,"68":0,"69":0,"70":0,"71":0,"72":0,"73":0,"74":0,"75":0,"76":0,"77":0,"78":0,"79":0,"80":0,"81":0,"82":0,"83":0,"84":0,"85":0,"86":0,"87":0,"88":0,"89":0,"90":0,"91":0,"92":0,"93":0,"94":0,"95":0,"96":0,"97":0,"98":0,"99":0,"100":0,"101":0,"102":0,"103":0,"104":0,"105":0,"106":0,"107":0,"108":0,"109":0,"110":0,"111":0,"112":0,"113":0,"114":0,"115":0,"116":0,"117":0,"118":0,"119":0,"120":0,"121":0,"122":0,"123":0,"124":0,"125":0,"126":0,"127":0,"128":0,"129":0,"130":0,"131":0,"132":0,"133":0,"134":0,"135":0,"136":0,"137":0,"138":0,"139":0,"140":0,"141":0,"142":0,"143":0,"144":0,"145":0,"146":0,"147":0,"148":0,"149":0,"150":0,"151":0,"152":0,"153":0,"154":0,"155":0,"156":0,"157":0,"158":0,"159":0,"160":0,"161":0,"162":0,"163":0,"164":0,"165":0,"166":0,"167":0,"168":0,"169":0,"170":0,"171":0,"172":0,"173":0,"174":0,"175":0,"176":0,"177":0,"178":0},"f":{"0":4,"1":0,"2":0,"3":0,"4":0,"5":0,"6":0,"7":0,"8":0,"9":0,"10":0,"11":0,"12":0,"13":0,"14":0,"15":0,"16":0,"17":0,"18":0,"19":0,"20":0,"21":0,"22":0,"23":0,"24":0,"25":0,"26":0,"27":0,"28":0,"29":0,"30":0,"31":0,"32":0,"33":0,"34":0,"35":0,"36":0,"37":0,"38":0,"39":0,"40":0,"41":0,"42":0,"43":0,"44":0,"45":0,"46":0,"47":0,"48":0,"49":0,"50":0,"51":0,"52":0,"53":0,"54":0,"55":0,"56":0,"57":0,"58":0,"59":0,"60":0,"61":0,"62":0},"b":{"0":[0,0],"1":[0,0],"2":[0,0],"3":[0,0],"4":[0,0],"5":[0,0],"6":[0,0],"7":[0,0],"8":[0,0],"9":[0,0],"10":[0,0],"11":[0,0],"12":[0,0],"13":[0,0],"14":[0,0],"15":[0,0],"16":[0,0],"17":[0,0],"18":[0,0],"19":[0,0],"20":[0,0],"21":[0,0]}}
,"/home/mamali/repos/github.com/api-deriv-com-solidjs/src/Store/navigation-bar-store.ts": {"path":"/home/mamali/repos/github.com/api-deriv-com-solidjs/src/Store/navigation-bar-store.ts","statementMap":{"0":{"start":{"line":4,"column":27},"end":{"line":4,"column":null}},"1":{"start":{"line":5,"column":25},"end":{"line":12,"column":null}},"2":{"start":{"line":7,"column":4},"end":{"line":8,"column":null}},"3":{"start":{"line":8,"column":6},"end":{"line":8,"column":null}},"4":{"start":{"line":10,"column":4},"end":{"line":10,"column":null}},"5":{"start":{"line":14,"column":29},"end":{"line":14,"column":null}},"6":{"start":{"line":16,"column":23},"end":{"line":17,"column":null}},"7":{"start":{"line":16,"column":40},"end":{"line":17,"column":null}},"8":{"start":{"line":17,"column":2},"end":{"line":17,"column":null}}},"fnMap":{"0":{"name":"(anonymous_0)","decl":{"start":{"line":6,"column":11},"end":{"line":6,"column":12}},"loc":{"start":{"line":6,"column":22},"end":{"line":10,"column":null}}},"1":{"name":"(anonymous_1)","decl":{"start":{"line":16,"column":34},"end":{"line":16,"column":40}},"loc":{"start":{"line":16,"column":40},"end":{"line":17,"column":null}}},"2":{"name":"(anonymous_2)","decl":{"start":{"line":16,"column":54},"end":{"line":16,"column":63}},"loc":{"start":{"line":16,"column":63},"end":{"line":17,"column":null}}}},"branchMap":{"0":{"loc":{"start":{"line":7,"column":4},"end":{"line":8,"column":null}},"type":"if","locations":[{"start":{"line":7,"column":4},"end":{"line":8,"column":null}},{"start":{"line":7,"column":4},"end":{"line":8,"column":null}}]}},"s":{"0":80,"1":80,"2":240,"3":80,"4":160,"5":80,"6":80,"7":80,"8":240},"f":{"0":240,"1":80,"2":240},"b":{"0":[80,160]}}
,"/home/mamali/repos/github.com/api-deriv-com-solidjs/src/Store/routes.ts": {"path":"/home/mamali/repos/github.com/api-deriv-com-solidjs/src/Store/routes.ts","statementMap":{"0":{"start":{"line":4,"column":17},"end":{"line":4,"column":null}},"1":{"start":{"line":4,"column":28},"end":{"line":4,"column":null}},"2":{"start":{"line":7,"column":29},"end":{"line":56,"column":null}},"3":{"start":{"line":12,"column":26},"end":{"line":12,"column":null}},"4":{"start":{"line":18,"column":26},"end":{"line":18,"column":null}},"5":{"start":{"line":23,"column":30},"end":{"line":23,"column":null}},"6":{"start":{"line":28,"column":30},"end":{"line":28,"column":null}},"7":{"start":{"line":33,"column":30},"end":{"line":33,"column":null}},"8":{"start":{"line":43,"column":30},"end":{"line":43,"column":null}},"9":{"start":{"line":48,"column":30},"end":{"line":48,"column":null}},"10":{"start":{"line":56,"column":26},"end":{"line":56,"column":null}}},"fnMap":{"0":{"name":"(anonymous_0)","decl":{"start":{"line":4,"column":22},"end":{"line":4,"column":28}},"loc":{"start":{"line":4,"column":28},"end":{"line":4,"column":null}}},"1":{"name":"(anonymous_1)","decl":{"start":{"line":12,"column":20},"end":{"line":12,"column":26}},"loc":{"start":{"line":12,"column":26},"end":{"line":12,"column":null}}},"2":{"name":"(anonymous_2)","decl":{"start":{"line":18,"column":20},"end":{"line":18,"column":26}},"loc":{"start":{"line":18,"column":26},"end":{"line":18,"column":null}}},"3":{"name":"(anonymous_3)","decl":{"start":{"line":23,"column":24},"end":{"line":23,"column":30}},"loc":{"start":{"line":23,"column":30},"end":{"line":23,"column":null}}},"4":{"name":"(anonymous_4)","decl":{"start":{"line":28,"column":24},"end":{"line":28,"column":30}},"loc":{"start":{"line":28,"column":30},"end":{"line":28,"column":null}}},"5":{"name":"(anonymous_5)","decl":{"start":{"line":33,"column":24},"end":{"line":33,"column":30}},"loc":{"start":{"line":33,"column":30},"end":{"line":33,"column":null}}},"6":{"name":"(anonymous_6)","decl":{"start":{"line":43,"column":24},"end":{"line":43,"column":30}},"loc":{"start":{"line":43,"column":30},"end":{"line":43,"column":null}}},"7":{"name":"(anonymous_7)","decl":{"start":{"line":48,"column":24},"end":{"line":48,"column":30}},"loc":{"start":{"line":48,"column":30},"end":{"line":48,"column":null}}},"8":{"name":"(anonymous_8)","decl":{"start":{"line":56,"column":20},"end":{"line":56,"column":26}},"loc":{"start":{"line":56,"column":26},"end":{"line":56,"column":null}}}},"branchMap":{},"s":{"0":80,"1":0,"2":80,"3":160,"4":46,"5":23,"6":0,"7":0,"8":0,"9":0,"10":4},"f":{"0":0,"1":160,"2":46,"3":23,"4":0,"5":0,"6":0,"7":0,"8":4},"b":{}}
}
