{"total": {"lines":{"total":627,"covered":385,"skipped":0,"pct":61.4},"statements":{"total":657,"covered":402,"skipped":0,"pct":61.18},"functions":{"total":175,"covered":62,"skipped":0,"pct":35.42},"branches":{"total":84,"covered":27,"skipped":0,"pct":32.14},"branchesTrue":{"total":0,"covered":0,"skipped":0,"pct":100}}
,"/home/mamali/repos/github.com/api-deriv-com-solidjs/src/App.tsx": {"lines":{"total":6,"covered":6,"skipped":0,"pct":100},"functions":{"total":2,"covered":2,"skipped":0,"pct":100},"statements":{"total":6,"covered":6,"skipped":0,"pct":100},"branches":{"total":0,"covered":0,"skipped":0,"pct":100}}
,"/home/mamali/repos/github.com/api-deriv-com-solidjs/src/index.tsx": {"lines":{"total":1,"covered":1,"skipped":0,"pct":100},"functions":{"total":1,"covered":1,"skipped":0,"pct":100},"statements":{"total":2,"covered":2,"skipped":0,"pct":100},"branches":{"total":0,"covered":0,"skipped":0,"pct":100}}
,"/home/mamali/repos/github.com/api-deriv-com-solidjs/src/types.ts": {"lines":{"total":5,"covered":5,"skipped":0,"pct":100},"functions":{"total":1,"covered":1,"skipped":0,"pct":100},"statements":{"total":5,"covered":5,"skipped":0,"pct":100},"branches":{"total":2,"covered":2,"skipped":0,"pct":100}}
,"/home/mamali/repos/github.com/api-deriv-com-solidjs/src/Components/CodeBlock.tsx": {"lines":{"total":18,"covered":18,"skipped":0,"pct":100},"functions":{"total":8,"covered":8,"skipped":0,"pct":100},"statements":{"total":22,"covered":22,"skipped":0,"pct":100},"branches":{"total":4,"covered":2,"skipped":0,"pct":50}}
,"/home/mamali/repos/github.com/api-deriv-com-solidjs/src/Components/CodeLanguageDropdown.tsx": {"lines":{"total":28,"covered":26,"skipped":0,"pct":92.85},"functions":{"total":3,"covered":2,"skipped":0,"pct":66.66},"statements":{"total":28,"covered":26,"skipped":0,"pct":92.85},"branches":{"total":18,"covered":16,"skipped":0,"pct":88.88}}
,"/home/mamali/repos/github.com/api-deriv-com-solidjs/src/Components/Footer/Footer.tsx": {"lines":{"total":2,"covered":2,"skipped":0,"pct":100},"functions":{"total":1,"covered":1,"skipped":0,"pct":100},"statements":{"total":3,"covered":3,"skipped":0,"pct":100},"branches":{"total":0,"covered":0,"skipped":0,"pct":100}}
,"/home/mamali/repos/github.com/api-deriv-com-solidjs/src/Components/HomeSlider/HomeSlider.tsx": {"lines":{"total":21,"covered":21,"skipped":0,"pct":100},"functions":{"total":2,"covered":1,"skipped":0,"pct":50},"statements":{"total":22,"covered":21,"skipped":0,"pct":95.45},"branches":{"total":0,"covered":0,"skipped":0,"pct":100}}
,"/home/mamali/repos/github.com/api-deriv-com-solidjs/src/Components/HomeSlider/index.tsx": {"lines":{"total":1,"covered":1,"skipped":0,"pct":100},"functions":{"total":0,"covered":0,"skipped":0,"pct":100},"statements":{"total":1,"covered":1,"skipped":0,"pct":100},"branches":{"total":0,"covered":0,"skipped":0,"pct":100}}
,"/home/mamali/repos/github.com/api-deriv-com-solidjs/src/Components/NavigationBar/NavigationBar.tsx": {"lines":{"total":48,"covered":34,"skipped":0,"pct":70.83},"functions":{"total":18,"covered":10,"skipped":0,"pct":55.55},"statements":{"total":50,"covered":34,"skipped":0,"pct":68},"branches":{"total":0,"covered":0,"skipped":0,"pct":100}}
,"/home/mamali/repos/github.com/api-deriv-com-solidjs/src/Components/Organisms/CodePreview.tsx": {"lines":{"total":15,"covered":14,"skipped":0,"pct":93.33},"functions":{"total":5,"covered":4,"skipped":0,"pct":80},"statements":{"total":15,"covered":14,"skipped":0,"pct":93.33},"branches":{"total":0,"covered":0,"skipped":0,"pct":100}}
,"/home/mamali/repos/github.com/api-deriv-com-solidjs/src/Components/SideBar/SideBar.tsx": {"lines":{"total":7,"covered":7,"skipped":0,"pct":100},"functions":{"total":2,"covered":2,"skipped":0,"pct":100},"statements":{"total":7,"covered":7,"skipped":0,"pct":100},"branches":{"total":0,"covered":0,"skipped":0,"pct":100}}
,"/home/mamali/repos/github.com/api-deriv-com-solidjs/src/Helpers/WS.ts": {"lines":{"total":19,"covered":8,"skipped":0,"pct":42.1},"functions":{"total":7,"covered":1,"skipped":0,"pct":14.28},"statements":{"total":19,"covered":8,"skipped":0,"pct":42.1},"branches":{"total":2,"covered":0,"skipped":0,"pct":0}}
,"/home/mamali/repos/github.com/api-deriv-com-solidjs/src/Pages/Docs/Docs.tsx": {"lines":{"total":9,"covered":9,"skipped":0,"pct":100},"functions":{"total":2,"covered":2,"skipped":0,"pct":100},"statements":{"total":10,"covered":10,"skipped":0,"pct":100},"branches":{"total":0,"covered":0,"skipped":0,"pct":100}}
,"/home/mamali/repos/github.com/api-deriv-com-solidjs/src/Pages/Docs/FAQ/Faq.tsx": {"lines":{"total":73,"covered":24,"skipped":0,"pct":32.87},"functions":{"total":21,"covered":0,"skipped":0,"pct":0},"statements":{"total":74,"covered":24,"skipped":0,"pct":32.43},"branches":{"total":0,"covered":0,"skipped":0,"pct":100}}
,"/home/mamali/repos/github.com/api-deriv-com-solidjs/src/Pages/Docs/QuickStart/QuickStart.tsx": {"lines":{"total":28,"covered":28,"skipped":0,"pct":100},"functions":{"total":2,"covered":2,"skipped":0,"pct":100},"statements":{"total":28,"covered":28,"skipped":0,"pct":100},"branches":{"total":0,"covered":0,"skipped":0,"pct":100}}
,"/home/mamali/repos/github.com/api-deriv-com-solidjs/src/Pages/Home/Benefits.tsx": {"lines":{"total":27,"covered":27,"skipped":0,"pct":100},"functions":{"total":2,"covered":2,"skipped":0,"pct":100},"statements":{"total":29,"covered":29,"skipped":0,"pct":100},"branches":{"total":2,"covered":1,"skipped":0,"pct":50}}
,"/home/mamali/repos/github.com/api-deriv-com-solidjs/src/Pages/Home/Community.tsx": {"lines":{"total":5,"covered":5,"skipped":0,"pct":100},"functions":{"total":1,"covered":1,"skipped":0,"pct":100},"statements":{"total":7,"covered":7,"skipped":0,"pct":100},"branches":{"total":2,"covered":1,"skipped":0,"pct":50}}
,"/home/mamali/repos/github.com/api-deriv-com-solidjs/src/Pages/Home/ComprehensiveRow.tsx": {"lines":{"total":11,"covered":11,"skipped":0,"pct":100},"functions":{"total":2,"covered":2,"skipped":0,"pct":100},"statements":{"total":13,"covered":13,"skipped":0,"pct":100},"branches":{"total":2,"covered":1,"skipped":0,"pct":50}}
,"/home/mamali/repos/github.com/api-deriv-com-solidjs/src/Pages/Home/Hero.tsx": {"lines":{"total":7,"covered":7,"skipped":0,"pct":100},"functions":{"total":1,"covered":1,"skipped":0,"pct":100},"statements":{"total":7,"covered":7,"skipped":0,"pct":100},"branches":{"total":0,"covered":0,"skipped":0,"pct":100}}
,"/home/mamali/repos/github.com/api-deriv-com-solidjs/src/Pages/Home/Home.tsx": {"lines":{"total":4,"covered":4,"skipped":0,"pct":100},"functions":{"total":0,"covered":0,"skipped":0,"pct":100},"statements":{"total":4,"covered":4,"skipped":0,"pct":100},"branches":{"total":0,"covered":0,"skipped":0,"pct":100}}
,"/home/mamali/repos/github.com/api-deriv-com-solidjs/src/Pages/Home/WaysToEarn.tsx": {"lines":{"total":18,"covered":18,"skipped":0,"pct":100},"functions":{"total":2,"covered":2,"skipped":0,"pct":100},"statements":{"total":19,"covered":19,"skipped":0,"pct":100},"branches":{"total":0,"covered":0,"skipped":0,"pct":100}}
,"/home/mamali/repos/github.com/api-deriv-com-solidjs/src/Pages/Playground/Playground.tsx": {"lines":{"total":26,"covered":23,"skipped":0,"pct":88.46},"functions":{"total":6,"covered":3,"skipped":0,"pct":50},"statements":{"total":26,"covered":23,"skipped":0,"pct":88.46},"branches":{"total":0,"covered":0,"skipped":0,"pct":100}}
,"/home/mamali/repos/github.com/api-deriv-com-solidjs/src/Pages/Playground/Request.tsx": {"lines":{"total":13,"covered":11,"skipped":0,"pct":84.61},"functions":{"total":2,"covered":0,"skipped":0,"pct":0},"statements":{"total":13,"covered":11,"skipped":0,"pct":84.61},"branches":{"total":0,"covered":0,"skipped":0,"pct":100}}
,"/home/mamali/repos/github.com/api-deriv-com-solidjs/src/Pages/Playground/components/ApiSelector.tsx": {"lines":{"total":36,"covered":20,"skipped":0,"pct":55.55},"functions":{"total":7,"covered":4,"skipped":0,"pct":57.14},"statements":{"total":37,"covered":21,"skipped":0,"pct":56.75},"branches":{"total":6,"covered":2,"skipped":0,"pct":33.33}}
,"/home/mamali/repos/github.com/api-deriv-com-solidjs/src/Pages/Playground/components/Authenticate.tsx": {"lines":{"total":2,"covered":2,"skipped":0,"pct":100},"functions":{"total":1,"covered":1,"skipped":0,"pct":100},"statements":{"total":3,"covered":3,"skipped":0,"pct":100},"branches":{"total":0,"covered":0,"skipped":0,"pct":100}}
,"/home/mamali/repos/github.com/api-deriv-com-solidjs/src/Pages/Playground/components/Conversation.tsx": {"lines":{"total":8,"covered":6,"skipped":0,"pct":75},"functions":{"total":1,"covered":1,"skipped":0,"pct":100},"statements":{"total":8,"covered":6,"skipped":0,"pct":75},"branches":{"total":0,"covered":0,"skipped":0,"pct":100}}
,"/home/mamali/repos/github.com/api-deriv-com-solidjs/src/Pages/Playground/components/playgrounApiDocs.tsx": {"lines":{"total":171,"covered":33,"skipped":0,"pct":19.29},"functions":{"total":63,"covered":1,"skipped":0,"pct":1.58},"statements":{"total":179,"covered":33,"skipped":0,"pct":18.43},"branches":{"total":44,"covered":0,"skipped":0,"pct":0}}
,"/home/mamali/repos/github.com/api-deriv-com-solidjs/src/Store/navigation-bar-store.ts": {"lines":{"total":8,"covered":8,"skipped":0,"pct":100},"functions":{"total":3,"covered":3,"skipped":0,"pct":100},"statements":{"total":9,"covered":9,"skipped":0,"pct":100},"branches":{"total":2,"covered":2,"skipped":0,"pct":100}}
,"/home/mamali/repos/github.com/api-deriv-com-solidjs/src/Store/routes.ts": {"lines":{"total":10,"covered":6,"skipped":0,"pct":60},"functions":{"total":9,"covered":4,"skipped":0,"pct":44.44},"statements":{"total":11,"covered":6,"skipped":0,"pct":54.54},"branches":{"total":0,"covered":0,"skipped":0,"pct":100}}
}
