TN:
SF:src/App.tsx
FN:7,(anonymous_0)
FN:10,(anonymous_1)
FNF:2
FNH:2
FNDA:80,(anonymous_0)
FNDA:80,(anonymous_1)
DA:7,80
DA:8,80
DA:9,80
DA:11,80
DA:18,80
DA:23,80
LF:6
LH:6
BRF:0
BRH:0
end_of_record
TN:
SF:src/index.tsx
FN:5,(anonymous_0)
FNF:1
FNH:1
FNDA:80,(anonymous_0)
DA:5,80
LF:1
LH:1
BRF:0
BRH:0
end_of_record
TN:
SF:src/types.ts
FN:1,(anonymous_0)
FNF:1
FNH:1
FNDA:23,(anonymous_0)
DA:1,23
DA:2,23
DA:3,23
DA:4,23
DA:5,23
LF:5
LH:5
BRDA:1,0,0,23
BRDA:1,0,1,23
BRF:2
BRH:2
end_of_record
TN:
SF:src/Components/CodeBlock.tsx
FN:11,(anonymous_0)
FN:16,(anonymous_1)
FN:24,(anonymous_2)
FN:25,(anonymous_3)
FN:26,(anonymous_4)
FN:27,(anonymous_5)
FN:28,(anonymous_6)
FN:36,(anonymous_7)
FNF:8
FNH:8
FNDA:115,(anonymous_0)
FNDA:115,(anonymous_1)
FNDA:115,(anonymous_2)
FNDA:115,(anonymous_3)
FNDA:115,(anonymous_4)
FNDA:115,(anonymous_5)
FNDA:115,(anonymous_6)
FNDA:115,(anonymous_7)
DA:5,23
DA:11,23
DA:16,115
DA:17,115
DA:18,115
DA:19,115
DA:20,115
DA:24,230
DA:25,115
DA:26,115
DA:27,115
DA:28,115
DA:29,115
DA:31,115
DA:32,115
DA:34,115
DA:36,115
DA:38,115
LF:18
LH:18
BRDA:17,0,0,115
BRDA:17,0,1,0
BRDA:32,1,0,0
BRDA:32,1,1,115
BRF:4
BRH:2
end_of_record
TN:
SF:src/Components/CodeLanguageDropdown.tsx
FN:12,(anonymous_1)
FN:22,(anonymous_3)
FN:28,(anonymous_4)
FNF:3
FNH:2
FNDA:115,(anonymous_1)
FNDA:0,(anonymous_3)
FNDA:115,(anonymous_4)
DA:4,23
DA:12,115
DA:13,115
DA:16,115
DA:17,115
DA:18,115
DA:19,115
DA:20,115
DA:22,115
DA:23,0
DA:24,0
DA:29,115
DA:30,115
DA:31,115
DA:32,115
DA:33,115
DA:34,115
DA:35,115
DA:36,115
DA:38,115
DA:39,115
DA:40,115
DA:41,115
DA:42,115
DA:43,115
DA:44,115
DA:45,115
DA:46,115
LF:28
LH:26
BRDA:23,0,0,0
BRDA:23,0,1,0
BRDA:38,1,0,115
BRDA:38,1,1,115
BRDA:39,2,0,115
BRDA:39,2,1,115
BRDA:40,3,0,115
BRDA:40,3,1,115
BRDA:41,4,0,115
BRDA:41,4,1,115
BRDA:42,5,0,115
BRDA:42,5,1,115
BRDA:43,6,0,115
BRDA:43,6,1,115
BRDA:44,7,0,115
BRDA:44,7,1,115
BRDA:45,8,0,115
BRDA:45,8,1,115
BRF:18
BRH:16
end_of_record
TN:
SF:src/Components/Footer/Footer.tsx
FN:5,(anonymous_0)
FNF:1
FNH:1
FNDA:80,(anonymous_0)
DA:3,80
DA:5,80
LF:2
LH:2
BRF:0
BRH:0
end_of_record
TN:
SF:src/Components/HomeSlider/HomeSlider.tsx
FN:47,(anonymous_2)
FN:60,(anonymous_5)
FNF:2
FNH:1
FNDA:0,(anonymous_2)
FNDA:240,(anonymous_5)
DA:7,80
DA:8,80
DA:13,80
DA:30,80
DA:36,80
DA:38,80
DA:39,80
DA:40,80
DA:41,80
DA:42,80
DA:43,80
DA:45,80
DA:47,80
DA:52,240
DA:53,240
DA:54,240
DA:55,240
DA:56,240
DA:57,240
DA:58,240
DA:60,480
LF:21
LH:21
BRF:0
BRH:0
end_of_record
TN:
SF:src/Components/HomeSlider/index.tsx
FNF:0
FNH:0
DA:3,80
LF:1
LH:1
BRF:0
BRH:0
end_of_record
TN:
SF:src/Components/NavigationBar/NavigationBar.tsx
FN:38,(anonymous_2)
FN:44,(anonymous_3)
FN:45,(anonymous_4)
FN:57,(anonymous_5)
FN:61,(anonymous_6)
FN:62,(anonymous_7)
FN:68,(anonymous_8)
FN:74,(anonymous_9)
FN:78,(anonymous_10)
FN:86,(anonymous_11)
FN:93,(anonymous_13)
FN:102,(anonymous_15)
FN:106,(anonymous_16)
FN:111,(anonymous_17)
FN:119,(anonymous_19)
FN:123,(anonymous_20)
FN:128,(anonymous_21)
FN:134,(anonymous_22)
FNF:18
FNH:10
FNDA:0,(anonymous_2)
FNDA:80,(anonymous_3)
FNDA:80,(anonymous_4)
FNDA:80,(anonymous_5)
FNDA:240,(anonymous_6)
FNDA:290,(anonymous_7)
FNDA:240,(anonymous_8)
FNDA:315,(anonymous_9)
FNDA:240,(anonymous_10)
FNDA:80,(anonymous_11)
FNDA:240,(anonymous_13)
FNDA:0,(anonymous_15)
FNDA:0,(anonymous_16)
FNDA:0,(anonymous_17)
FNDA:0,(anonymous_19)
FNDA:0,(anonymous_20)
FNDA:0,(anonymous_21)
FNDA:0,(anonymous_22)
DA:8,80
DA:9,80
DA:10,80
DA:11,80
DA:12,80
DA:13,80
DA:23,80
DA:24,80
DA:25,80
DA:26,80
DA:28,80
DA:29,80
DA:30,80
DA:31,80
DA:32,80
DA:33,80
DA:34,80
DA:35,80
DA:36,80
DA:38,80
DA:40,80
DA:45,80
DA:46,80
DA:48,80
DA:50,80
DA:56,80
DA:58,80
DA:61,240
DA:63,290
DA:69,240
DA:75,315
DA:79,240
DA:87,80
DA:94,240
DA:98,0
DA:99,0
DA:100,0
DA:102,0
DA:103,0
DA:106,0
DA:108,0
DA:112,0
DA:116,0
DA:118,0
DA:120,0
DA:123,0
DA:129,0
DA:135,0
LF:48
LH:34
BRF:0
BRH:0
end_of_record
TN:
SF:src/Components/Organisms/CodePreview.tsx
FN:68,CodePreview
FN:71,(anonymous_1)
FN:77,(anonymous_2)
FN:85,(anonymous_3)
FN:93,(anonymous_4)
FNF:5
FNH:4
FNDA:115,CodePreview
FNDA:0,(anonymous_1)
FNDA:115,(anonymous_2)
FNDA:115,(anonymous_3)
FNDA:115,(anonymous_4)
DA:5,23
DA:31,23
DA:71,115
DA:72,0
DA:77,115
DA:78,115
DA:79,115
DA:80,115
DA:81,115
DA:82,115
DA:84,115
DA:86,115
DA:92,115
DA:94,115
DA:99,115
LF:15
LH:14
BRF:0
BRH:0
end_of_record
TN:
SF:src/Components/SideBar/SideBar.tsx
FN:18,(anonymous_2)
FN:27,(anonymous_4)
FNF:2
FNH:2
FNDA:23,(anonymous_2)
FNDA:138,(anonymous_4)
DA:5,23
DA:11,23
DA:13,23
DA:14,23
DA:15,23
DA:19,23
DA:28,138
LF:7
LH:7
BRF:0
BRH:0
end_of_record
TN:
SF:src/Helpers/WS.ts
FN:9,(anonymous_0)
FN:13,(anonymous_1)
FN:14,(anonymous_2)
FN:16,(anonymous_3)
FN:24,(anonymous_4)
FN:30,handleMessage
FN:35,(anonymous_6)
FNF:7
FNH:1
FNDA:2,(anonymous_0)
FNDA:0,(anonymous_1)
FNDA:0,(anonymous_2)
FNDA:0,(anonymous_3)
FNDA:0,(anonymous_4)
FNDA:0,handleMessage
FNDA:0,(anonymous_6)
DA:2,2
DA:3,2
DA:7,2
DA:9,2
DA:10,2
DA:13,2
DA:14,0
DA:15,0
DA:16,0
DA:17,0
DA:20,0
DA:24,2
DA:25,0
DA:26,0
DA:27,0
DA:31,0
DA:32,0
DA:35,2
DA:36,0
LF:19
LH:8
BRDA:15,0,0,0
BRDA:15,0,1,0
BRF:2
BRH:0
end_of_record
TN:
SF:src/Pages/Docs/Docs.tsx
FN:15,(anonymous_1)
FN:16,(anonymous_2)
FNF:2
FNH:2
FNDA:23,(anonymous_1)
FNDA:23,(anonymous_2)
DA:5,23
DA:6,23
DA:14,23
DA:15,23
DA:16,23
DA:17,23
DA:20,23
DA:22,23
DA:24,23
LF:9
LH:9
BRF:0
BRH:0
end_of_record
TN:
SF:src/Pages/Docs/FAQ/Faq.tsx
FN:33,(anonymous_0)
FN:38,(anonymous_1)
FN:44,(anonymous_2)
FN:49,(anonymous_3)
FN:53,(anonymous_4)
FN:64,(anonymous_5)
FN:68,(anonymous_6)
FN:79,(anonymous_7)
FN:83,(anonymous_8)
FN:97,(anonymous_9)
FN:98,(anonymous_10)
FN:105,(anonymous_11)
FN:110,(anonymous_12)
FN:115,(anonymous_13)
FN:120,(anonymous_14)
FN:125,(anonymous_15)
FN:130,(anonymous_16)
FN:135,(anonymous_17)
FN:140,(anonymous_18)
FN:145,(anonymous_19)
FN:150,(anonymous_20)
FNF:21
FNH:0
FNDA:0,(anonymous_0)
FNDA:0,(anonymous_1)
FNDA:0,(anonymous_2)
FNDA:0,(anonymous_3)
FNDA:0,(anonymous_4)
FNDA:0,(anonymous_5)
FNDA:0,(anonymous_6)
FNDA:0,(anonymous_7)
FNDA:0,(anonymous_8)
FNDA:0,(anonymous_9)
FNDA:0,(anonymous_10)
FNDA:0,(anonymous_11)
FNDA:0,(anonymous_12)
FNDA:0,(anonymous_13)
FNDA:0,(anonymous_14)
FNDA:0,(anonymous_15)
FNDA:0,(anonymous_16)
FNDA:0,(anonymous_17)
FNDA:0,(anonymous_18)
FNDA:0,(anonymous_19)
FNDA:0,(anonymous_20)
DA:7,23
DA:8,23
DA:9,23
DA:10,23
DA:11,23
DA:12,23
DA:13,23
DA:14,23
DA:15,23
DA:16,23
DA:17,23
DA:18,23
DA:19,23
DA:20,23
DA:21,23
DA:22,23
DA:23,23
DA:24,23
DA:25,23
DA:26,23
DA:27,23
DA:33,23
DA:37,0
DA:38,0
DA:39,0
DA:40,0
DA:41,0
DA:42,0
DA:44,0
DA:46,0
DA:48,0
DA:50,0
DA:54,0
DA:56,0
DA:58,0
DA:63,0
DA:65,0
DA:69,0
DA:71,0
DA:73,0
DA:78,0
DA:80,0
DA:84,0
DA:86,0
DA:88,0
DA:93,0
DA:97,23
DA:98,0
DA:99,0
DA:100,0
DA:101,0
DA:103,0
DA:105,0
DA:108,0
DA:110,0
DA:113,0
DA:115,0
DA:118,0
DA:120,0
DA:123,0
DA:125,0
DA:128,0
DA:130,0
DA:133,0
DA:135,0
DA:138,0
DA:140,0
DA:143,0
DA:145,0
DA:148,0
DA:150,0
DA:153,0
DA:157,23
LF:73
LH:24
BRF:0
BRH:0
end_of_record
TN:
SF:src/Pages/Docs/QuickStart/QuickStart.tsx
FN:8,(anonymous_0)
FN:9,(anonymous_1)
FNF:2
FNH:2
FNDA:23,(anonymous_0)
FNDA:23,(anonymous_1)
DA:5,23
DA:8,23
DA:9,23
DA:10,23
DA:11,23
DA:12,23
DA:13,23
DA:14,23
DA:15,23
DA:16,23
DA:17,23
DA:18,23
DA:19,23
DA:20,23
DA:21,23
DA:22,23
DA:23,23
DA:24,23
DA:25,23
DA:26,23
DA:27,23
DA:28,23
DA:30,23
DA:34,23
DA:38,23
DA:42,23
DA:46,23
DA:50,23
LF:28
LH:28
BRF:0
BRH:0
end_of_record
TN:
SF:src/Pages/Home/Benefits.tsx
FN:13,(anonymous_0)
FN:13,(anonymous_1)
FNF:2
FNH:2
FNDA:80,(anonymous_0)
FNDA:80,(anonymous_1)
DA:4,80
DA:13,80
DA:14,80
DA:15,80
DA:16,80
DA:17,80
DA:18,80
DA:19,80
DA:20,80
DA:21,80
DA:22,80
DA:23,80
DA:24,80
DA:25,80
DA:26,80
DA:27,80
DA:28,80
DA:29,80
DA:31,80
DA:33,80
DA:35,80
DA:37,80
DA:39,80
DA:41,80
DA:45,80
DA:50,80
DA:52,80
LF:27
LH:27
BRDA:52,0,0,80
BRDA:52,0,1,0
BRF:2
BRH:1
end_of_record
TN:
SF:src/Pages/Home/Community.tsx
FN:5,(anonymous_0)
FNF:1
FNH:1
FNDA:80,(anonymous_0)
DA:3,80
DA:5,80
DA:8,80
DA:13,80
DA:15,80
LF:5
LH:5
BRDA:15,0,0,80
BRDA:15,0,1,0
BRF:2
BRH:1
end_of_record
TN:
SF:src/Pages/Home/ComprehensiveRow.tsx
FN:8,(anonymous_0)
FN:8,(anonymous_1)
FNF:2
FNH:2
FNDA:80,(anonymous_0)
FNDA:80,(anonymous_1)
DA:4,80
DA:8,80
DA:9,80
DA:10,80
DA:11,80
DA:12,80
DA:14,80
DA:16,80
DA:20,80
DA:25,80
DA:27,80
LF:11
LH:11
BRDA:27,0,0,80
BRDA:27,0,1,0
BRF:2
BRH:1
end_of_record
TN:
SF:src/Pages/Home/Hero.tsx
FN:8,(anonymous_0)
FNF:1
FNH:1
FNDA:160,(anonymous_0)
DA:4,80
DA:8,160
DA:9,80
DA:11,80
DA:13,80
DA:17,80
DA:22,80
LF:7
LH:7
BRF:0
BRH:0
end_of_record
TN:
SF:src/Pages/Home/Home.tsx
FNF:0
FNH:0
DA:5,80
DA:14,80
DA:16,80
DA:18,80
LF:4
LH:4
BRF:0
BRH:0
end_of_record
TN:
SF:src/Pages/Home/WaysToEarn.tsx
FN:8,(anonymous_0)
FN:8,(anonymous_1)
FNF:2
FNH:2
FNDA:80,(anonymous_0)
FNDA:80,(anonymous_1)
DA:4,80
DA:8,80
DA:9,80
DA:10,80
DA:11,80
DA:12,80
DA:13,80
DA:14,80
DA:15,80
DA:16,80
DA:17,80
DA:18,80
DA:19,80
DA:21,80
DA:23,80
DA:25,80
DA:27,80
DA:31,80
LF:18
LH:18
BRF:0
BRH:0
end_of_record
TN:
SF:src/Pages/Playground/Playground.tsx
FN:14,(anonymous_0)
FN:17,(anonymous_1)
FN:21,(anonymous_2)
FN:25,(anonymous_3)
FN:26,(anonymous_4)
FN:31,(anonymous_5)
FNF:6
FNH:3
FNDA:2,(anonymous_0)
FNDA:0,(anonymous_1)
FNDA:0,(anonymous_2)
FNDA:2,(anonymous_3)
FNDA:0,(anonymous_4)
FNDA:2,(anonymous_5)
DA:5,2
DA:14,2
DA:15,2
DA:17,2
DA:18,0
DA:21,2
DA:22,0
DA:25,2
DA:26,2
DA:27,0
DA:30,2
DA:31,2
DA:32,2
DA:33,2
DA:34,2
DA:35,2
DA:36,2
DA:37,2
DA:38,2
DA:39,2
DA:41,2
DA:43,2
DA:45,2
DA:49,2
DA:53,2
DA:55,2
LF:26
LH:23
BRF:0
BRH:0
end_of_record
TN:
SF:src/Pages/Playground/Request.tsx
FN:21,(anonymous_1)
FN:33,(anonymous_3)
FNF:2
FNH:0
FNDA:0,(anonymous_1)
FNDA:0,(anonymous_3)
DA:6,2
DA:10,2
DA:17,2
DA:21,2
DA:22,0
DA:26,2
DA:27,2
DA:28,2
DA:29,2
DA:30,2
DA:31,2
DA:33,2
DA:34,0
LF:13
LH:11
BRF:0
BRH:0
end_of_record
TN:
SF:src/Pages/Playground/components/ApiSelector.tsx
FN:27,(anonymous_1)
FN:31,(anonymous_2)
FN:42,(anonymous_4)
FN:48,(anonymous_5)
FN:51,(anonymous_6)
FN:55,(anonymous_7)
FN:62,(anonymous_8)
FNF:7
FNH:4
FNDA:0,(anonymous_1)
FNDA:0,(anonymous_2)
FNDA:0,(anonymous_4)
FNDA:2,(anonymous_5)
FNDA:2,(anonymous_6)
FNDA:2,(anonymous_7)
FNDA:2,(anonymous_8)
DA:7,2
DA:8,2
DA:9,2
DA:10,2
DA:11,2
DA:12,2
DA:13,2
DA:19,2
DA:20,2
DA:21,2
DA:25,2
DA:27,2
DA:28,0
DA:30,0
DA:31,0
DA:32,0
DA:34,0
DA:35,0
DA:39,2
DA:40,2
DA:42,2
DA:43,0
DA:44,0
DA:45,0
DA:48,2
DA:50,2
DA:52,2
DA:56,2
DA:63,2
DA:67,0
DA:68,0
DA:69,0
DA:71,0
DA:72,0
DA:73,0
DA:75,0
LF:36
LH:20
BRDA:30,0,0,0
BRDA:30,0,1,0
BRDA:48,1,0,2
BRDA:48,1,1,2
BRDA:73,2,0,0
BRDA:73,2,1,0
BRF:6
BRH:2
end_of_record
TN:
SF:src/Pages/Playground/components/Authenticate.tsx
FN:5,(anonymous_0)
FNF:1
FNH:1
FNDA:2,(anonymous_0)
DA:3,2
DA:5,2
LF:2
LH:2
BRF:0
BRH:0
end_of_record
TN:
SF:src/Pages/Playground/components/Conversation.tsx
FN:14,(anonymous_1)
FNF:1
FNH:1
FNDA:2,(anonymous_1)
DA:4,2
DA:5,2
DA:14,2
DA:15,2
DA:16,2
DA:19,2
DA:22,0
DA:24,0
LF:8
LH:6
BRF:0
BRH:0
end_of_record
TN:
SF:src/Pages/Playground/components/playgrounApiDocs.tsx
FN:41,http
FN:49,(anonymous_1)
FN:50,(anonymous_2)
FN:54,(anonymous_3)
FN:64,(anonymous_4)
FN:70,(anonymous_5)
FN:76,(anonymous_6)
FN:78,(anonymous_7)
FN:81,(anonymous_8)
FN:85,(anonymous_9)
FN:90,(anonymous_10)
FN:98,(anonymous_11)
FN:102,(anonymous_12)
FN:110,(anonymous_13)
FN:114,(anonymous_14)
FN:119,(anonymous_15)
FN:123,(anonymous_16)
FN:123,(anonymous_17)
FN:142,(anonymous_18)
FN:148,(anonymous_19)
FN:152,(anonymous_20)
FN:162,(anonymous_21)
FN:164,(anonymous_22)
FN:168,(anonymous_23)
FN:169,(anonymous_24)
FN:175,(anonymous_25)
FN:179,(anonymous_26)
FN:183,(anonymous_27)
FN:187,(anonymous_28)
FN:191,(anonymous_29)
FN:195,(anonymous_30)
FN:199,(anonymous_31)
FN:203,(anonymous_32)
FN:207,(anonymous_33)
FN:211,(anonymous_34)
FN:215,(anonymous_35)
FN:219,(anonymous_36)
FN:223,(anonymous_37)
FN:231,(anonymous_38)
FN:235,(anonymous_39)
FN:237,(anonymous_40)
FN:241,(anonymous_41)
FN:245,(anonymous_42)
FN:249,(anonymous_43)
FN:253,(anonymous_44)
FN:257,(anonymous_45)
FN:261,(anonymous_46)
FN:267,(anonymous_47)
FN:275,(anonymous_48)
FN:279,(anonymous_49)
FN:288,(anonymous_50)
FN:323,(anonymous_52)
FN:328,(anonymous_53)
FN:353,(anonymous_55)
FN:366,(anonymous_56)
FN:367,(anonymous_57)
FN:370,(anonymous_58)
FN:376,(anonymous_59)
FN:392,(anonymous_60)
FN:396,(anonymous_61)
FN:399,(anonymous_62)
FN:418,(anonymous_65)
FN:425,(anonymous_66)
FNF:63
FNH:1
FNDA:4,http
FNDA:0,(anonymous_1)
FNDA:0,(anonymous_2)
FNDA:0,(anonymous_3)
FNDA:0,(anonymous_4)
FNDA:0,(anonymous_5)
FNDA:0,(anonymous_6)
FNDA:0,(anonymous_7)
FNDA:0,(anonymous_8)
FNDA:0,(anonymous_9)
FNDA:0,(anonymous_10)
FNDA:0,(anonymous_11)
FNDA:0,(anonymous_12)
FNDA:0,(anonymous_13)
FNDA:0,(anonymous_14)
FNDA:0,(anonymous_15)
FNDA:0,(anonymous_16)
FNDA:0,(anonymous_17)
FNDA:0,(anonymous_18)
FNDA:0,(anonymous_19)
FNDA:0,(anonymous_20)
FNDA:0,(anonymous_21)
FNDA:0,(anonymous_22)
FNDA:0,(anonymous_23)
FNDA:0,(anonymous_24)
FNDA:0,(anonymous_25)
FNDA:0,(anonymous_26)
FNDA:0,(anonymous_27)
FNDA:0,(anonymous_28)
FNDA:0,(anonymous_29)
FNDA:0,(anonymous_30)
FNDA:0,(anonymous_31)
FNDA:0,(anonymous_32)
FNDA:0,(anonymous_33)
FNDA:0,(anonymous_34)
FNDA:0,(anonymous_35)
FNDA:0,(anonymous_36)
FNDA:0,(anonymous_37)
FNDA:0,(anonymous_38)
FNDA:0,(anonymous_39)
FNDA:0,(anonymous_40)
FNDA:0,(anonymous_41)
FNDA:0,(anonymous_42)
FNDA:0,(anonymous_43)
FNDA:0,(anonymous_44)
FNDA:0,(anonymous_45)
FNDA:0,(anonymous_46)
FNDA:0,(anonymous_47)
FNDA:0,(anonymous_48)
FNDA:0,(anonymous_49)
FNDA:0,(anonymous_50)
FNDA:0,(anonymous_52)
FNDA:0,(anonymous_53)
FNDA:0,(anonymous_55)
FNDA:0,(anonymous_56)
FNDA:0,(anonymous_57)
FNDA:0,(anonymous_58)
FNDA:0,(anonymous_59)
FNDA:0,(anonymous_60)
FNDA:0,(anonymous_61)
FNDA:0,(anonymous_62)
FNDA:0,(anonymous_65)
FNDA:0,(anonymous_66)
DA:8,2
DA:9,2
DA:10,2
DA:11,2
DA:12,2
DA:13,2
DA:14,2
DA:15,2
DA:16,2
DA:17,2
DA:18,2
DA:19,2
DA:20,2
DA:21,2
DA:22,2
DA:23,2
DA:24,2
DA:25,2
DA:26,2
DA:27,2
DA:28,2
DA:29,2
DA:30,2
DA:31,2
DA:32,2
DA:33,2
DA:34,2
DA:35,2
DA:42,4
DA:43,1
DA:44,0
DA:47,2
DA:49,2
DA:50,0
DA:51,0
DA:54,2
DA:59,0
DA:60,0
DA:61,0
DA:64,0
DA:65,0
DA:66,0
DA:69,0
DA:70,0
DA:71,0
DA:72,0
DA:73,0
DA:74,0
DA:76,0
DA:78,0
DA:80,0
DA:82,0
DA:86,0
DA:88,0
DA:90,0
DA:92,0
DA:97,0
DA:99,0
DA:103,0
DA:104,0
DA:105,0
DA:107,0
DA:109,0
DA:111,0
DA:115,0
DA:116,0
DA:118,0
DA:120,0
DA:123,0
DA:124,0
DA:126,0
DA:128,0
DA:132,0
DA:137,0
DA:142,0
DA:144,0
DA:145,0
DA:147,0
DA:149,0
DA:153,0
DA:154,0
DA:156,0
DA:157,0
DA:159,0
DA:163,0
DA:165,0
DA:168,0
DA:170,0
DA:176,0
DA:180,0
DA:184,0
DA:188,0
DA:192,0
DA:196,0
DA:200,0
DA:204,0
DA:208,0
DA:212,0
DA:216,0
DA:220,0
DA:223,0
DA:230,0
DA:232,0
DA:236,0
DA:238,0
DA:242,0
DA:246,0
DA:250,0
DA:254,0
DA:258,0
DA:261,0
DA:267,0
DA:269,0
DA:274,0
DA:276,0
DA:280,0
DA:288,0
DA:289,0
DA:290,0
DA:291,0
DA:292,0
DA:293,0
DA:299,0
DA:320,0
DA:321,0
DA:323,0
DA:324,0
DA:325,0
DA:328,0
DA:329,0
DA:330,0
DA:331,0
DA:332,0
DA:334,0
DA:335,0
DA:337,0
DA:342,0
DA:344,0
DA:345,0
DA:346,0
DA:347,0
DA:348,0
DA:350,0
DA:354,0
DA:356,0
DA:358,0
DA:363,0
DA:367,0
DA:368,0
DA:370,0
DA:372,0
DA:377,0
DA:378,0
DA:379,0
DA:380,0
DA:381,0
DA:382,0
DA:384,0
DA:386,0
DA:388,0
DA:393,0
DA:397,0
DA:399,0
DA:401,0
DA:419,0
DA:421,0
DA:423,0
DA:425,0
DA:427,0
DA:434,0
DA:436,0
LF:171
LH:33
BRDA:69,0,0,0
BRDA:69,0,1,0
BRDA:88,1,0,0
BRDA:88,1,1,0
BRDA:145,2,0,0
BRDA:145,2,1,0
BRDA:157,3,0,0
BRDA:157,3,1,0
BRDA:176,4,0,0
BRDA:176,4,1,0
BRDA:188,5,0,0
BRDA:188,5,1,0
BRDA:232,6,0,0
BRDA:232,6,1,0
BRDA:267,7,0,0
BRDA:267,7,1,0
BRDA:290,8,0,0
BRDA:290,8,1,0
BRDA:290,9,0,0
BRDA:290,9,1,0
BRDA:291,10,0,0
BRDA:291,10,1,0
BRDA:292,11,0,0
BRDA:292,11,1,0
BRDA:329,12,0,0
BRDA:329,12,1,0
BRDA:329,13,0,0
BRDA:329,13,1,0
BRDA:331,14,0,0
BRDA:331,14,1,0
BRDA:331,15,0,0
BRDA:331,15,1,0
BRDA:334,16,0,0
BRDA:334,16,1,0
BRDA:364,17,0,0
BRDA:364,17,1,0
BRDA:370,18,0,0
BRDA:370,18,1,0
BRDA:374,19,0,0
BRDA:374,19,1,0
BRDA:399,20,0,0
BRDA:399,20,1,0
BRDA:425,21,0,0
BRDA:425,21,1,0
BRF:44
BRH:0
end_of_record
TN:
SF:src/Store/navigation-bar-store.ts
FN:6,(anonymous_0)
FN:16,(anonymous_1)
FN:16,(anonymous_2)
FNF:3
FNH:3
FNDA:240,(anonymous_0)
FNDA:80,(anonymous_1)
FNDA:240,(anonymous_2)
DA:4,80
DA:5,80
DA:7,240
DA:8,80
DA:10,160
DA:14,80
DA:16,80
DA:17,240
LF:8
LH:8
BRDA:7,0,0,80
BRDA:7,0,1,160
BRF:2
BRH:2
end_of_record
TN:
SF:src/Store/routes.ts
FN:4,(anonymous_0)
FN:12,(anonymous_1)
FN:18,(anonymous_2)
FN:23,(anonymous_3)
FN:28,(anonymous_4)
FN:33,(anonymous_5)
FN:43,(anonymous_6)
FN:48,(anonymous_7)
FN:56,(anonymous_8)
FNF:9
FNH:4
FNDA:0,(anonymous_0)
FNDA:160,(anonymous_1)
FNDA:46,(anonymous_2)
FNDA:23,(anonymous_3)
FNDA:0,(anonymous_4)
FNDA:0,(anonymous_5)
FNDA:0,(anonymous_6)
FNDA:0,(anonymous_7)
FNDA:4,(anonymous_8)
DA:4,80
DA:7,80
DA:12,160
DA:18,46
DA:23,23
DA:28,0
DA:33,0
DA:43,0
DA:48,0
DA:56,4
LF:10
LH:6
BRF:0
BRH:0
end_of_record
